[60-1] Number of transactions9
[60-2] []
[60-3] Affiliate 1 is not qualified for commission. 
[60-4] [1]
[60-5] Affiliate 1 is not qualified for commission. 
[60-6] [1]
[60-7] Affiliate 1 is not qualified for commission. 
[60-8] [1]
[60-9] Affiliate 1 is not qualified for commission. 
[60-10] [1]
[60-11] Affiliate 1 is not qualified for commission. 
[60-12] [1]
[60-13] Affiliate 1 is not qualified for commission. 
[60-14] [1]
[60-15] Affiliate 1 is not qualified for commission. 
[60-16] [1]
[60-17] Affiliate 1 is not qualified for commission. 
[60-18] [1]
[60-19] Affiliate 1 is not qualified for commission. 
          
          
          
          
[63-1] Generating CSV reports
          
          
[63-1] Payout Summary: https://office.stg1-opulenza.xyz:81/storage/csv/admin/run_commission/17-personal-sales-bonus-2021-06-01-2021-06-22-payout-summary.csv
[63-2] Payout Details: https://office.stg1-opulenza.xyz:81/storage/csv/admin/run_commission/17-personal-sales-bonus-2021-06-01-2021-06-22-payout-details.csv
[63-3] Done generating CSV reports
