[234-1] Processing Order ID 0
          
[234-2] Processing Order ID 1
          
[234-3] Processing Order ID 2
          
[234-4] Processing Order ID 3
          
[234-5] Processing Order ID 4
          
[234-6] Processing Order ID 5
          
[234-7] Processing Order ID 6
          
[234-8] Processing Order ID 7
          
[234-9] Processing Order ID 8
          
[234-10] Processing Order ID 9
          
[234-11] Processing Order ID 10
          
[234-12] Processing Order ID 11
          
[234-13] Processing Order ID 12
          
[234-14] Processing Order ID 13
          
[234-15] Processing Order ID 14
          
[234-16] Processing Order ID 15
          
[234-17] Processing Order ID 16
          
[234-18] Processing Order ID 17
          
[234-19] Processing Order ID 18
          
[234-20] Processing Order ID 19
          
[234-21] Processing Order ID 20
          
[234-22] Processing Order ID 21
          
[234-23] Processing Order ID 22
          
[234-24] Processing Order ID 23
          
[234-25] Processing Order ID 24
          
[234-26] Processing Order ID 25
          
[234-27] Processing Order ID 26
          
[234-28] Processing Order ID 27
          
[234-29] Processing Order ID 28
          
[234-30] Processing Order ID 29
          
[234-31] Processing Order ID 30
          
[234-32] Processing Order ID 31
          
[234-33] Processing Order ID 32
          
[234-34] Processing Order ID 33
          
[234-35] Processing Order ID 34
          
[234-36] Processing Order ID 35
          
[234-37] Processing Order ID 36
          
[234-38] Processing Order ID 37
          
[234-39] Processing Order ID 38
          
[234-40] Processing Order ID 39
          
[234-41] Processing Order ID 40
          
[234-42] Processing Order ID 41
          
[234-43] Processing Order ID 42
          
[234-44] Processing Order ID 43
          
[234-45] Processing Order ID 44
          
[234-46] Processing Order ID 45
          
[234-47] Processing Order ID 46
          
[234-48] Processing Order ID 47
          
[234-49] Processing Order ID 48
          
[234-50] Processing Order ID 49
          
          
          
          
          
[237-1] Generating CSV reports
          
          
[237-1] Payout Summary: https://office.stg1-opulenza.xyz:81/storage/csv/admin/run_commission/61-personal-sales-bonus-2021-06-01-2021-06-30-payout-summary.csv
[237-2] Payout Details: https://office.stg1-opulenza.xyz:81/storage/csv/admin/run_commission/61-personal-sales-bonus-2021-06-01-2021-06-30-payout-details.csv
[237-3] Done generating CSV reports
