[238-1] Processing Order ID 0
          
[238-2] Processing Order ID 1
          
[238-3] Processing Order ID 2
          
[238-4] Processing Order ID 3
          
[238-5] Processing Order ID 4
          
[238-6] Processing Order ID 5
          
[238-7] Processing Order ID 6
          
[238-8] Processing Order ID 7
          
[238-9] Processing Order ID 8
          
[238-10] Processing Order ID 9
          
[238-11] Processing Order ID 10
          
[238-12] Processing Order ID 11
          
[238-13] Processing Order ID 12
          
[238-14] Processing Order ID 13
          
[238-15] Processing Order ID 14
          
[238-16] Processing Order ID 15
          
[238-17] Processing Order ID 16
          
[238-18] Processing Order ID 17
          
[238-19] Processing Order ID 18
          
[238-20] Processing Order ID 19
          
[238-21] Processing Order ID 20
          
[238-22] Processing Order ID 21
          
[238-23] Processing Order ID 22
          
[238-24] Processing Order ID 23
          
[238-25] Processing Order ID 24
          
[238-26] Processing Order ID 25
          
[238-27] Processing Order ID 26
          
[238-28] Processing Order ID 27
          
[238-29] Processing Order ID 28
          
[238-30] Processing Order ID 29
          
[238-31] Processing Order ID 30
          
[238-32] Processing Order ID 31
          
[238-33] Processing Order ID 32
          
[238-34] Processing Order ID 33
          
[238-35] Processing Order ID 34
          
[238-36] Processing Order ID 35
          
[238-37] Processing Order ID 36
          
[238-38] Processing Order ID 37
          
[238-39] Processing Order ID 38
          
[238-40] Processing Order ID 39
          
[238-41] Processing Order ID 40
          
[238-42] Processing Order ID 41
          
[238-43] Processing Order ID 42
          
[238-44] Processing Order ID 43
          
[238-45] Processing Order ID 44
          
[238-46] Processing Order ID 45
          
[238-47] Processing Order ID 46
          
[238-48] Processing Order ID 47
          
[238-49] Processing Order ID 48
          
[238-50] Processing Order ID 49
          
          
          
          
          
[241-1] Generating CSV reports
          
          
[241-1] Payout Summary: https://office.stg1-opulenza.xyz:81/storage/csv/admin/run_commission/62-personal-sales-bonus-2021-06-01-2021-06-30-payout-summary.csv
[241-2] Payout Details: https://office.stg1-opulenza.xyz:81/storage/csv/admin/run_commission/62-personal-sales-bonus-2021-06-01-2021-06-30-payout-details.csv
[241-3] Done generating CSV reports
