[250-1] {"id":9865592,"userid":466,"sponsorid":1,"purchaser_catid":null,"sponsor_catid":null,"cv":"103.0000"}
[250-2] []
[250-3] Affiliate 466 is not qualified for commission. 
[250-4] {"id":9865593,"userid":466,"sponsorid":1,"purchaser_catid":null,"sponsor_catid":null,"cv":"117.0000"}
[250-5] [466]
[250-6] Affiliate 466 is not qualified for commission. 
[250-7] {"id":9865594,"userid":466,"sponsorid":1,"purchaser_catid":null,"sponsor_catid":null,"cv":"149.0000"}
[250-8] [466]
[250-9] Affiliate 466 is not qualified for commission. 
[250-10] {"id":9865595,"userid":466,"sponsorid":1,"purchaser_catid":null,"sponsor_catid":null,"cv":"149.0000"}
[250-11] [466]
[250-12] Affiliate 466 is not qualified for commission. 
[250-13] {"id":9865596,"userid":466,"sponsorid":1,"purchaser_catid":null,"sponsor_catid":null,"cv":"149.0000"}
[250-14] [466]
[250-15] Affiliate 466 is not qualified for commission. 
[250-16] {"id":9865597,"userid":466,"sponsorid":1,"purchaser_catid":null,"sponsor_catid":null,"cv":"149.0000"}
[250-17] [466]
[250-18] Affiliate 466 is not qualified for commission. 
[250-19] {"id":9865598,"userid":466,"sponsorid":1,"purchaser_catid":null,"sponsor_catid":null,"cv":"149.0000"}
[250-20] [466]
[250-21] Affiliate 466 is not qualified for commission. 
[250-22] {"id":9865599,"userid":466,"sponsorid":1,"purchaser_catid":null,"sponsor_catid":null,"cv":"308.0000"}
[250-23] [466]
[250-24] Affiliate 466 is not qualified for commission. 
[250-25] {"id":9865600,"userid":463,"sponsorid":1,"purchaser_catid":null,"sponsor_catid":null,"cv":"49.0000"}
[250-26] [466]
[250-27] Affiliate 463 is not qualified for commission. 
[250-28] {"id":9865773,"userid":758,"sponsorid":688,"purchaser_catid":15,"sponsor_catid":13,"cv":"188270.0000"}
[250-29] [466,463]
[250-30] Affiliate 688 is not qualified for commission. 
[250-31] {"id":9865774,"userid":757,"sponsorid":688,"purchaser_catid":15,"sponsor_catid":13,"cv":"54639.0000"}
[250-32] [466,463,688]
[250-33] Affiliate 688 is not qualified for commission. 
[250-34] {"id":9865775,"userid":761,"sponsorid":688,"purchaser_catid":80362,"sponsor_catid":13,"cv":"34359.0000"}
[250-35] [466,463,688]
[250-36] Affiliate 688 is not qualified for commission. 
[250-37] {"id":9865776,"userid":758,"sponsorid":688,"purchaser_catid":15,"sponsor_catid":13,"cv":"181366.0000"}
[250-38] [466,463,688]
[250-39] Affiliate 688 is not qualified for commission. 
[250-40] {"id":9865777,"userid":757,"sponsorid":688,"purchaser_catid":15,"sponsor_catid":13,"cv":"120372.0000"}
[250-41] [466,463,688]
[250-42] Affiliate 688 is not qualified for commission. 
[250-43] {"id":9865778,"userid":761,"sponsorid":688,"purchaser_catid":80362,"sponsor_catid":13,"cv":"52392.0000"}
[250-44] [466,463,688]
[250-45] Affiliate 688 is not qualified for commission. 
[250-46] {"id":9865779,"userid":757,"sponsorid":688,"purchaser_catid":15,"sponsor_catid":13,"cv":"445444.0000"}
[250-47] [466,463,688]
[250-48] Affiliate 688 is not qualified for commission. 
[250-49] {"id":9865780,"userid":761,"sponsorid":688,"purchaser_catid":80362,"sponsor_catid":13,"cv":"62859.0000"}
[250-50] [466,463,688]
[250-51] Affiliate 688 is not qualified for commission. 
[250-52] {"id":9865781,"userid":761,"sponsorid":688,"purchaser_catid":80362,"sponsor_catid":13,"cv":"365306.0000"}
[250-53] [466,463,688]
[250-54] Affiliate 688 is not qualified for commission. 
[250-55] {"id":9865783,"userid":758,"sponsorid":688,"purchaser_catid":15,"sponsor_catid":13,"cv":"255824.0000"}
[250-56] [466,463,688]
[250-57] Affiliate 688 is not qualified for commission. 
[250-58] {"id":9865784,"userid":761,"sponsorid":688,"purchaser_catid":80362,"sponsor_catid":13,"cv":"64129.0000"}
[250-59] [466,463,688]
[250-60] Affiliate 688 is not qualified for commission. 
[250-61] {"id":9865786,"userid":758,"sponsorid":688,"purchaser_catid":15,"sponsor_catid":13,"cv":"191144.0000"}
[250-62] [466,463,688]
[250-63] Affiliate 688 is not qualified for commission. 
[250-64] {"id":9865787,"userid":757,"sponsorid":688,"purchaser_catid":15,"sponsor_catid":13,"cv":"313722.0000"}
[250-65] [466,463,688]
[250-66] Affiliate 688 is not qualified for commission. 
[250-67] {"id":9865788,"userid":761,"sponsorid":688,"purchaser_catid":80362,"sponsor_catid":13,"cv":"78706.0000"}
[250-68] [466,463,688]
[250-69] Affiliate 688 is not qualified for commission. 
[250-70] {"id":9865790,"userid":757,"sponsorid":688,"purchaser_catid":15,"sponsor_catid":13,"cv":"100537.0000"}
[250-71] [466,463,688]
[250-72] Affiliate 688 is not qualified for commission. 
[250-73] {"id":9865791,"userid":757,"sponsorid":688,"purchaser_catid":15,"sponsor_catid":13,"cv":"42684.0000"}
[250-74] [466,463,688]
[250-75] Affiliate 688 is not qualified for commission. 
[250-76] {"id":9865792,"userid":758,"sponsorid":688,"purchaser_catid":15,"sponsor_catid":13,"cv":"205977.0000"}
[250-77] [466,463,688]
[250-78] Affiliate 688 is not qualified for commission. 
[250-79] {"id":9865793,"userid":761,"sponsorid":688,"purchaser_catid":80362,"sponsor_catid":13,"cv":"211417.0000"}
[250-80] [466,463,688]
[250-81] Affiliate 688 is not qualified for commission. 
[250-82] {"id":9865794,"userid":757,"sponsorid":688,"purchaser_catid":15,"sponsor_catid":13,"cv":"177132.0000"}
[250-83] [466,463,688]
[250-84] Affiliate 688 is not qualified for commission. 
[250-85] {"id":9865796,"userid":758,"sponsorid":688,"purchaser_catid":15,"sponsor_catid":13,"cv":"215016.0000"}
[250-86] [466,463,688]
[250-87] Affiliate 688 is not qualified for commission. 
[250-88] {"id":9865797,"userid":757,"sponsorid":688,"purchaser_catid":15,"sponsor_catid":13,"cv":"168399.0000"}
[250-89] [466,463,688]
[250-90] Affiliate 688 is not qualified for commission. 
[250-91] {"id":9865798,"userid":757,"sponsorid":688,"purchaser_catid":15,"sponsor_catid":13,"cv":"270583.0000"}
[250-92] [466,463,688]
[250-93] Affiliate 688 is not qualified for commission. 
[250-94] {"id":9865799,"userid":757,"sponsorid":688,"purchaser_catid":15,"sponsor_catid":13,"cv":"86541.0000"}
[250-95] [466,463,688]
[250-96] Affiliate 688 is not qualified for commission. 
[250-97] {"id":9865800,"userid":758,"sponsorid":688,"purchaser_catid":15,"sponsor_catid":13,"cv":"52074.0000"}
[250-98] [466,463,688]
[250-99] Affiliate 688 is not qualified for commission. 
[250-100] {"id":9865801,"userid":758,"sponsorid":688,"purchaser_catid":15,"sponsor_catid":13,"cv":"332864.0000"}
[250-101] [466,463,688]
[250-102] Affiliate 688 is not qualified for commission. 
[250-103] {"id":9865802,"userid":761,"sponsorid":688,"purchaser_catid":80362,"sponsor_catid":13,"cv":"273810.0000"}
[250-104] [466,463,688]
[250-105] Affiliate 688 is not qualified for commission. 
          
          
          
          
[253-1] Generating CSV reports
          
          
[253-1] Payout Summary: https://office.stg1-opulenza.xyz:81/storage/csv/admin/run_commission/65-personal-sales-bonus-2021-06-01-2021-06-30-payout-summary.csv
[253-2] Payout Details: https://office.stg1-opulenza.xyz:81/storage/csv/admin/run_commission/65-personal-sales-bonus-2021-06-01-2021-06-30-payout-details.csv
[253-3] Done generating CSV reports
