[140-1] Processing Order ID 0
          
[140-2] Processing Order ID 1
          
[140-3] Processing Order ID 2
          
[140-4] Processing Order ID 3
          
[140-5] Processing Order ID 4
          
[140-6] Processing Order ID 5
          
[140-7] Processing Order ID 6
          
[140-8] Processing Order ID 7
          
[140-9] Processing Order ID 8
          
[140-10] Processing Order ID 9
          
[140-11] Processing Order ID 10
          
[140-12] Processing Order ID 11
          
[140-13] Processing Order ID 12
          
[140-14] Processing Order ID 13
          
[140-15] Processing Order ID 14
          
[140-16] Processing Order ID 15
          
[140-17] Processing Order ID 16
          
[140-18] Processing Order ID 17
          
[140-19] Processing Order ID 18
          
[140-20] Processing Order ID 19
          
[140-21] Processing Order ID 20
          
[140-22] Processing Order ID 21
          
[140-23] Processing Order ID 22
          
[140-24] Processing Order ID 23
          
[140-25] Processing Order ID 24
          
[140-26] Processing Order ID 25
          
[140-27] Processing Order ID 26
          
[140-28] Processing Order ID 27
          
[140-29] Processing Order ID 28
          
[140-30] Processing Order ID 29
          
[140-31] Processing Order ID 30
          
[140-32] Processing Order ID 31
          
[140-33] Processing Order ID 32
          
[140-34] Processing Order ID 33
          
[140-35] Processing Order ID 34
          
[140-36] Processing Order ID 35
          
[140-37] Processing Order ID 36
          
[140-38] Processing Order ID 37
          
[140-39] Processing Order ID 38
          
[140-40] Processing Order ID 39
          
[140-41] Processing Order ID 40
          
[140-42] Processing Order ID 41
          
[140-43] Processing Order ID 42
          
[140-44] Processing Order ID 43
          
[140-45] Processing Order ID 44
          
[140-46] Processing Order ID 45
          
[140-47] Processing Order ID 46
          
[140-48] Processing Order ID 47
          
[140-49] Processing Order ID 48
          
[140-50] Processing Order ID 49
          
          
          
          
          
[143-1] Generating CSV reports
          
          
[143-1] Payout Summary: https://office.stg1-opulenza.xyz:81/storage/csv/admin/run_commission/37-weekly-direct-profit-2021-06-24-2021-06-22-payout-summary.csv
[143-2] Payout Details: https://office.stg1-opulenza.xyz:81/storage/csv/admin/run_commission/37-weekly-direct-profit-2021-06-24-2021-06-22-payout-details.csv
[143-3] Done generating CSV reports
