[84-1] number of transactions 35
[84-2] Evaluating #9865592-1
[84-3] []
[84-4] Affiliate 1 is not qualified for commission. 
[84-5] Evaluating #9865593-1
[84-6] [1]
[84-7] Affiliate 1 is not qualified for commission. 
[84-8] Evaluating #9865594-1
[84-9] [1]
[84-10] Affiliate 1 is not qualified for commission. 
[84-11] Evaluating #9865595-1
[84-12] [1]
[84-13] Affiliate 1 is not qualified for commission. 
[84-14] Evaluating #9865596-1
[84-15] [1]
[84-16] Affiliate 1 is not qualified for commission. 
[84-17] Evaluating #9865597-1
[84-18] [1]
[84-19] Affiliate 1 is not qualified for commission. 
[84-20] Evaluating #9865598-1
[84-21] [1]
[84-22] Affiliate 1 is not qualified for commission. 
[84-23] Evaluating #9865599-1
[84-24] [1]
[84-25] Affiliate 1 is not qualified for commission. 
[84-26] Evaluating #9865600-1
[84-27] [1]
[84-28] Affiliate 1 is not qualified for commission. 
[84-29] Evaluating #9865773-688
[84-30] [1]
[84-31] Affiliate 688 is not qualified for commission. 
[84-32] Evaluating #9865774-688
[84-33] [1,688]
[84-34] Affiliate 688 is not qualified for commission. 
[84-35] Evaluating #9865775-688
[84-36] [1,688]
[84-37] Affiliate 688 is not qualified for commission. 
[84-38] Evaluating #9865776-688
[84-39] [1,688]
[84-40] Affiliate 688 is not qualified for commission. 
[84-41] Evaluating #9865777-688
[84-42] [1,688]
[84-43] Affiliate 688 is not qualified for commission. 
[84-44] Evaluating #9865778-688
[84-45] [1,688]
[84-46] Affiliate 688 is not qualified for commission. 
[84-47] Evaluating #9865779-688
[84-48] [1,688]
[84-49] Affiliate 688 is not qualified for commission. 
[84-50] Evaluating #9865780-688
[84-51] [1,688]
[84-52] Affiliate 688 is not qualified for commission. 
[84-53] Evaluating #9865781-688
[84-54] [1,688]
[84-55] Affiliate 688 is not qualified for commission. 
[84-56] Evaluating #9865783-688
[84-57] [1,688]
[84-58] Affiliate 688 is not qualified for commission. 
[84-59] Evaluating #9865784-688
[84-60] [1,688]
[84-61] Affiliate 688 is not qualified for commission. 
[84-62] Evaluating #9865786-688
[84-63] [1,688]
[84-64] Affiliate 688 is not qualified for commission. 
[84-65] Evaluating #9865787-688
[84-66] [1,688]
[84-67] Affiliate 688 is not qualified for commission. 
[84-68] Evaluating #9865788-688
[84-69] [1,688]
[84-70] Affiliate 688 is not qualified for commission. 
[84-71] Evaluating #9865790-688
[84-72] [1,688]
[84-73] Affiliate 688 is not qualified for commission. 
[84-74] Evaluating #9865791-688
[84-75] [1,688]
[84-76] Affiliate 688 is not qualified for commission. 
[84-77] Evaluating #9865792-688
[84-78] [1,688]
[84-79] Affiliate 688 is not qualified for commission. 
[84-80] Evaluating #9865793-688
[84-81] [1,688]
[84-82] Affiliate 688 is not qualified for commission. 
[84-83] Evaluating #9865794-688
[84-84] [1,688]
[84-85] Affiliate 688 is not qualified for commission. 
[84-86] Evaluating #9865796-688
[84-87] [1,688]
[84-88] Affiliate 688 is not qualified for commission. 
[84-89] Evaluating #9865797-688
[84-90] [1,688]
[84-91] Affiliate 688 is not qualified for commission. 
[84-92] Evaluating #9865798-688
[84-93] [1,688]
[84-94] Affiliate 688 is not qualified for commission. 
[84-95] Evaluating #9865799-688
[84-96] [1,688]
[84-97] Affiliate 688 is not qualified for commission. 
[84-98] Evaluating #9865800-688
[84-99] [1,688]
[84-100] Affiliate 688 is not qualified for commission. 
[84-101] Evaluating #9865801-688
[84-102] [1,688]
[84-103] Affiliate 688 is not qualified for commission. 
[84-104] Evaluating #9865802-688
[84-105] [1,688]
[84-106] Affiliate 688 is not qualified for commission. 
          
          
          
          
[87-1] Generating CSV reports
          
          
[87-1] Payout Summary: https://office.stg1-opulenza.xyz:81/storage/csv/admin/run_commission/23-personal-sales-bonus-2021-06-01-2021-06-22-payout-summary.csv
[87-2] Payout Details: https://office.stg1-opulenza.xyz:81/storage/csv/admin/run_commission/23-personal-sales-bonus-2021-06-01-2021-06-22-payout-details.csv
[87-3] Done generating CSV reports
