[128-1] number of transactions 35
[128-2] Evaluating #9865592-1
[128-3] []
[128-4] []
[128-5] Affiliate 1 is not qualified for commission. 
[128-6] Evaluating #9865593-1
[128-7] {"1":0}
[128-8] [1]
[128-9] Affiliate 1 is not qualified for commission. 
[128-10] Evaluating #9865594-1
[128-11] {"1":0}
[128-12] [1]
[128-13] Affiliate 1 is not qualified for commission. 
[128-14] Evaluating #9865595-1
[128-15] {"1":0}
[128-16] [1]
[128-17] Affiliate 1 is not qualified for commission. 
[128-18] Evaluating #9865596-1
[128-19] {"1":0}
[128-20] [1]
[128-21] Affiliate 1 is not qualified for commission. 
[128-22] Evaluating #9865597-1
[128-23] {"1":0}
[128-24] [1]
[128-25] Affiliate 1 is not qualified for commission. 
[128-26] Evaluating #9865598-1
[128-27] {"1":0}
[128-28] [1]
[128-29] Affiliate 1 is not qualified for commission. 
[128-30] Evaluating #9865599-1
[128-31] {"1":0}
[128-32] [1]
[128-33] Affiliate 1 is not qualified for commission. 
[128-34] Evaluating #9865600-1
[128-35] {"1":0}
[128-36] [1]
[128-37] Affiliate 1 is not qualified for commission. 
[128-38] Evaluating #9865773-688
[128-39] {"1":0}
[128-40] [1]
[128-41] Evaluating #9865774-688
[128-42] {"1":0,"688":5}
[128-43] [1,688]
[128-44] Evaluating #9865775-688
[128-45] {"1":0,"688":5}
[128-46] [1,688]
[128-47] Evaluating #9865776-688
[128-48] {"1":0,"688":5}
[128-49] [1,688]
[128-50] Evaluating #9865777-688
[128-51] {"1":0,"688":5}
[128-52] [1,688]
[128-53] Evaluating #9865778-688
[128-54] {"1":0,"688":5}
[128-55] [1,688]
[128-56] Evaluating #9865779-688
[128-57] {"1":0,"688":5}
[128-58] [1,688]
[128-59] Evaluating #9865780-688
[128-60] {"1":0,"688":5}
[128-61] [1,688]
[128-62] Evaluating #9865781-688
[128-63] {"1":0,"688":5}
[128-64] [1,688]
[128-65] Evaluating #9865783-688
[128-66] {"1":0,"688":5}
[128-67] [1,688]
[128-68] Evaluating #9865784-688
[128-69] {"1":0,"688":5}
[128-70] [1,688]
[128-71] Evaluating #9865786-688
[128-72] {"1":0,"688":5}
[128-73] [1,688]
[128-74] Evaluating #9865787-688
[128-75] {"1":0,"688":5}
[128-76] [1,688]
[128-77] Evaluating #9865788-688
[128-78] {"1":0,"688":5}
[128-79] [1,688]
[128-80] Evaluating #9865790-688
[128-81] {"1":0,"688":5}
[128-82] [1,688]
[128-83] Evaluating #9865791-688
[128-84] {"1":0,"688":5}
[128-85] [1,688]
[128-86] Evaluating #9865792-688
[128-87] {"1":0,"688":5}
[128-88] [1,688]
[128-89] Evaluating #9865793-688
[128-90] {"1":0,"688":5}
[128-91] [1,688]
[128-92] Evaluating #9865794-688
[128-93] {"1":0,"688":5}
[128-94] [1,688]
[128-95] Evaluating #9865796-688
[128-96] {"1":0,"688":5}
[128-97] [1,688]
[128-98] Evaluating #9865797-688
[128-99] {"1":0,"688":5}
[128-100] [1,688]
[128-101] Evaluating #9865798-688
[128-102] {"1":0,"688":5}
[128-103] [1,688]
[128-104] Evaluating #9865799-688
[128-105] {"1":0,"688":5}
[128-106] [1,688]
[128-107] Evaluating #9865800-688
[128-108] {"1":0,"688":5}
[128-109] [1,688]
[128-110] Evaluating #9865801-688
[128-111] {"1":0,"688":5}
[128-112] [1,688]
[128-113] Evaluating #9865802-688
[128-114] {"1":0,"688":5}
[128-115] [1,688]
          
          
          
          
[131-1] Generating CSV reports
          
          
[131-1] Payout Summary: https://office.stg1-opulenza.xyz:81/storage/csv/admin/run_commission/34-personal-sales-bonus-2021-06-01-2021-06-22-payout-summary.csv
[131-2] Payout Details: https://office.stg1-opulenza.xyz:81/storage/csv/admin/run_commission/34-personal-sales-bonus-2021-06-01-2021-06-22-payout-details.csv
[131-3] Done generating CSV reports
