[92-1] number of transactions 35
[92-2] Evaluating #9865592-1
[92-3] []
[92-4] null
[92-5] Affiliate 1 is not qualified for commission. 
[92-6] Evaluating #9865593-1
[92-7] [1]
[92-8] Affiliate 1 is not qualified for commission. 
[92-9] Evaluating #9865594-1
[92-10] [1]
[92-11] Affiliate 1 is not qualified for commission. 
[92-12] Evaluating #9865595-1
[92-13] [1]
[92-14] Affiliate 1 is not qualified for commission. 
[92-15] Evaluating #9865596-1
[92-16] [1]
[92-17] Affiliate 1 is not qualified for commission. 
[92-18] Evaluating #9865597-1
[92-19] [1]
[92-20] Affiliate 1 is not qualified for commission. 
[92-21] Evaluating #9865598-1
[92-22] [1]
[92-23] Affiliate 1 is not qualified for commission. 
[92-24] Evaluating #9865599-1
[92-25] [1]
[92-26] Affiliate 1 is not qualified for commission. 
[92-27] Evaluating #9865600-1
[92-28] [1]
[92-29] Affiliate 1 is not qualified for commission. 
[92-30] Evaluating #9865773-688
[92-31] [1]
[92-32] {"id":1,"user_id":688,"volume_id":1,"rank_date":"2021-06-30","rank_id":null,"min_rank_id":null,"paid_as_rank_id":1,"is_active":0,"is_system_active":0,"created_at":"2021-06-22 14:03:14","updated_at":"2021-06-22 15:32:07"}

In PersonalSalesBonus.php line 119:
                                                                               
  Missing argument 3 for Commissions\CommissionTypes\PersonalSalesBonus::eval  
  uateUserPercentage(), called in /home/nxm/rep/cb/olz/commissions/Commission  
  Types/PersonalSalesBonus.php on line 62 and defined                          
                                                                               

