[104-1] number of transactions 35
[104-2] Evaluating #9865592-1
[104-3] []
[104-4] null
[104-5] Affiliate 1 is not qualified for commission. 
[104-6] Evaluating #9865593-1
[104-7] [1]
[104-8] Affiliate 1 is not qualified for commission. 
[104-9] Evaluating #9865594-1
[104-10] [1]
[104-11] Affiliate 1 is not qualified for commission. 
[104-12] Evaluating #9865595-1
[104-13] [1]
[104-14] Affiliate 1 is not qualified for commission. 
[104-15] Evaluating #9865596-1
[104-16] [1]
[104-17] Affiliate 1 is not qualified for commission. 
[104-18] Evaluating #9865597-1
[104-19] [1]
[104-20] Affiliate 1 is not qualified for commission. 
[104-21] Evaluating #9865598-1
[104-22] [1]
[104-23] Affiliate 1 is not qualified for commission. 
[104-24] Evaluating #9865599-1
[104-25] [1]
[104-26] Affiliate 1 is not qualified for commission. 
[104-27] Evaluating #9865600-1
[104-28] [1]
[104-29] Affiliate 1 is not qualified for commission. 
[104-30] Evaluating #9865773-688
[104-31] [1]
[104-32] {"id":1,"user_id":688,"volume_id":1,"rank_date":"2021-06-30","rank_id":null,"min_rank_id":null,"paid_as_rank_id":1,"is_active":0,"is_system_active":0,"created_at":"2021-06-22 14:03:14","updated_at":"2021-06-22 15:32:07"}

In PersonalSalesBonus.php line 121:
                                                                               
  Missing argument 3 for Commissions\CommissionTypes\PersonalSalesBonus::eval  
  uateUserPercentage(), called in /home/nxm/rep/cb/olz/commissions/Commission  
  Types/PersonalSalesBonus.php on line 64 and defined                          
                                                                               

