[72-1] Evaluating #9865592-1
[72-2] []
[72-3] Affiliate 1 is not qualified for commission. 
[72-4] Evaluating #9865593-1
[72-5] [1]
[72-6] Affiliate 1 is not qualified for commission. 
[72-7] Evaluating #9865594-1
[72-8] [1]
[72-9] Affiliate 1 is not qualified for commission. 
[72-10] Evaluating #9865595-1
[72-11] [1]
[72-12] Affiliate 1 is not qualified for commission. 
[72-13] Evaluating #9865596-1
[72-14] [1]
[72-15] Affiliate 1 is not qualified for commission. 
[72-16] Evaluating #9865597-1
[72-17] [1]
[72-18] Affiliate 1 is not qualified for commission. 
[72-19] Evaluating #9865598-1
[72-20] [1]
[72-21] Affiliate 1 is not qualified for commission. 
[72-22] Evaluating #9865599-1
[72-23] [1]
[72-24] Affiliate 1 is not qualified for commission. 
[72-25] Evaluating #9865600-1
[72-26] [1]
[72-27] Affiliate 1 is not qualified for commission. 
          
          
          
          
[75-1] Generating CSV reports
          
          
[75-1] Payout Summary: https://office.stg1-opulenza.xyz:81/storage/csv/admin/run_commission/20-personal-sales-bonus-2021-06-01-2021-06-22-payout-summary.csv
[75-2] Payout Details: https://office.stg1-opulenza.xyz:81/storage/csv/admin/run_commission/20-personal-sales-bonus-2021-06-01-2021-06-22-payout-details.csv
[75-3] Done generating CSV reports
