[136-1] Processing Order ID 0
          
[136-2] Processing Order ID 1
          
[136-3] Processing Order ID 2
          
[136-4] Processing Order ID 3
          
[136-5] Processing Order ID 4
          
[136-6] Processing Order ID 5
          
[136-7] Processing Order ID 6
          
[136-8] Processing Order ID 7
          
[136-9] Processing Order ID 8
          
[136-10] Processing Order ID 9
          
[136-11] Processing Order ID 10
          
[136-12] Processing Order ID 11
          
[136-13] Processing Order ID 12
          
[136-14] Processing Order ID 13
          
[136-15] Processing Order ID 14
          
[136-16] Processing Order ID 15
          
[136-17] Processing Order ID 16
          
[136-18] Processing Order ID 17
          
[136-19] Processing Order ID 18
          
[136-20] Processing Order ID 19
          
[136-21] Processing Order ID 20
          
[136-22] Processing Order ID 21
          
[136-23] Processing Order ID 22
          
[136-24] Processing Order ID 23
          
[136-25] Processing Order ID 24
          
[136-26] Processing Order ID 25
          
[136-27] Processing Order ID 26
          
[136-28] Processing Order ID 27
          
[136-29] Processing Order ID 28
          
[136-30] Processing Order ID 29
          
[136-31] Processing Order ID 30
          
[136-32] Processing Order ID 31
          
[136-33] Processing Order ID 32
          
[136-34] Processing Order ID 33
          
[136-35] Processing Order ID 34
          
[136-36] Processing Order ID 35
          
[136-37] Processing Order ID 36
          
[136-38] Processing Order ID 37
          
[136-39] Processing Order ID 38
          
[136-40] Processing Order ID 39
          
[136-41] Processing Order ID 40
          
[136-42] Processing Order ID 41
          
[136-43] Processing Order ID 42
          
[136-44] Processing Order ID 43
          
[136-45] Processing Order ID 44
          
[136-46] Processing Order ID 45
          
[136-47] Processing Order ID 46
          
[136-48] Processing Order ID 47
          
[136-49] Processing Order ID 48
          
[136-50] Processing Order ID 49
          
          
          
          
          
[139-1] Generating CSV reports
          
          
[139-1] Payout Summary: https://office.stg1-opulenza.xyz:81/storage/csv/admin/run_commission/36-weekly-direct-profit-2021-06-24-2021-06-22-payout-summary.csv
[139-2] Payout Details: https://office.stg1-opulenza.xyz:81/storage/csv/admin/run_commission/36-weekly-direct-profit-2021-06-24-2021-06-22-payout-details.csv
[139-3] Done generating CSV reports
