[206-1] []
[206-2] Affiliate 466 is not qualified for commission. 
[206-3] [466]
[206-4] Affiliate 466 is not qualified for commission. 
[206-5] [466]
[206-6] Affiliate 466 is not qualified for commission. 
[206-7] [466]
[206-8] Affiliate 466 is not qualified for commission. 
[206-9] [466]
[206-10] Affiliate 466 is not qualified for commission. 
[206-11] [466]
[206-12] Affiliate 466 is not qualified for commission. 
[206-13] [466]
[206-14] Affiliate 466 is not qualified for commission. 
[206-15] [466]
[206-16] Affiliate 466 is not qualified for commission. 
[206-17] [466]
[206-18] Affiliate 463 is not qualified for commission. 
[206-19] [466,463]
[206-20] [466,463,688]
[206-21] [466,463,688]
[206-22] [466,463,688]
[206-23] [466,463,688]
[206-24] [466,463,688]
[206-25] [466,463,688]
[206-26] [466,463,688]
[206-27] [466,463,688]
[206-28] [466,463,688]
[206-29] [466,463,688]
[206-30] [466,463,688]
[206-31] [466,463,688]
[206-32] [466,463,688]
[206-33] [466,463,688]
[206-34] [466,463,688]
[206-35] [466,463,688]
[206-36] [466,463,688]
[206-37] [466,463,688]
[206-38] [466,463,688]
          
          
          
          
[209-1] Generating CSV reports
          
          
[209-1] Payout Summary: https://office.stg1-opulenza.xyz:81/storage/csv/admin/run_commission/54-personal-sales-bonus-2021-06-01-2021-06-29-payout-summary.csv
[209-2] Payout Details: https://office.stg1-opulenza.xyz:81/storage/csv/admin/run_commission/54-personal-sales-bonus-2021-06-01-2021-06-29-payout-details.csv
[209-3] Done generating CSV reports
