[132-1] number of transactions 35
[132-2] Evaluating #9865592-1
[132-3] []
[132-4] []
[132-5] Affiliate 1 is not qualified for commission. 
[132-6] Evaluating #9865593-1
[132-7] {"1":0}
[132-8] [1]
[132-9] Affiliate 1 is not qualified for commission. 
[132-10] Evaluating #9865594-1
[132-11] {"1":0}
[132-12] [1]
[132-13] Affiliate 1 is not qualified for commission. 
[132-14] Evaluating #9865595-1
[132-15] {"1":0}
[132-16] [1]
[132-17] Affiliate 1 is not qualified for commission. 
[132-18] Evaluating #9865596-1
[132-19] {"1":0}
[132-20] [1]
[132-21] Affiliate 1 is not qualified for commission. 
[132-22] Evaluating #9865597-1
[132-23] {"1":0}
[132-24] [1]
[132-25] Affiliate 1 is not qualified for commission. 
[132-26] Evaluating #9865598-1
[132-27] {"1":0}
[132-28] [1]
[132-29] Affiliate 1 is not qualified for commission. 
[132-30] Evaluating #9865599-1
[132-31] {"1":0}
[132-32] [1]
[132-33] Affiliate 1 is not qualified for commission. 
[132-34] Evaluating #9865600-1
[132-35] {"1":0}
[132-36] [1]
[132-37] Affiliate 1 is not qualified for commission. 
[132-38] Evaluating #9865773-688
[132-39] {"1":0}
[132-40] [1]
[132-41] Evaluating #9865774-688
[132-42] {"1":0,"688":5}
[132-43] [1,688]
[132-44] Evaluating #9865775-688
[132-45] {"1":0,"688":5}
[132-46] [1,688]
[132-47] Evaluating #9865776-688
[132-48] {"1":0,"688":5}
[132-49] [1,688]
[132-50] Evaluating #9865777-688
[132-51] {"1":0,"688":5}
[132-52] [1,688]
[132-53] Evaluating #9865778-688
[132-54] {"1":0,"688":5}
[132-55] [1,688]
[132-56] Evaluating #9865779-688
[132-57] {"1":0,"688":5}
[132-58] [1,688]
[132-59] Evaluating #9865780-688
[132-60] {"1":0,"688":5}
[132-61] [1,688]
[132-62] Evaluating #9865781-688
[132-63] {"1":0,"688":5}
[132-64] [1,688]
[132-65] Evaluating #9865783-688
[132-66] {"1":0,"688":5}
[132-67] [1,688]
[132-68] Evaluating #9865784-688
[132-69] {"1":0,"688":5}
[132-70] [1,688]
[132-71] Evaluating #9865786-688
[132-72] {"1":0,"688":5}
[132-73] [1,688]
[132-74] Evaluating #9865787-688
[132-75] {"1":0,"688":5}
[132-76] [1,688]
[132-77] Evaluating #9865788-688
[132-78] {"1":0,"688":5}
[132-79] [1,688]
[132-80] Evaluating #9865790-688
[132-81] {"1":0,"688":5}
[132-82] [1,688]
[132-83] Evaluating #9865791-688
[132-84] {"1":0,"688":5}
[132-85] [1,688]
[132-86] Evaluating #9865792-688
[132-87] {"1":0,"688":5}
[132-88] [1,688]
[132-89] Evaluating #9865793-688
[132-90] {"1":0,"688":5}
[132-91] [1,688]
[132-92] Evaluating #9865794-688
[132-93] {"1":0,"688":5}
[132-94] [1,688]
[132-95] Evaluating #9865796-688
[132-96] {"1":0,"688":5}
[132-97] [1,688]
[132-98] Evaluating #9865797-688
[132-99] {"1":0,"688":5}
[132-100] [1,688]
[132-101] Evaluating #9865798-688
[132-102] {"1":0,"688":5}
[132-103] [1,688]
[132-104] Evaluating #9865799-688
[132-105] {"1":0,"688":5}
[132-106] [1,688]
[132-107] Evaluating #9865800-688
[132-108] {"1":0,"688":5}
[132-109] [1,688]
[132-110] Evaluating #9865801-688
[132-111] {"1":0,"688":5}
[132-112] [1,688]
[132-113] Evaluating #9865802-688
[132-114] {"1":0,"688":5}
[132-115] [1,688]
          
          
          
          
[135-1] Generating CSV reports
          
          
[135-1] Payout Summary: https://office.stg1-opulenza.xyz:81/storage/csv/admin/run_commission/35-personal-sales-bonus-2021-06-01-2021-06-22-payout-summary.csv
[135-2] Payout Details: https://office.stg1-opulenza.xyz:81/storage/csv/admin/run_commission/35-personal-sales-bonus-2021-06-01-2021-06-22-payout-details.csv
[135-3] Done generating CSV reports
