[175-1] Processing Order ID 0
          
[175-2] Processing Order ID 1
          
[175-3] Processing Order ID 2
          
[175-4] Processing Order ID 3
          
[175-5] Processing Order ID 4
          
[175-6] Processing Order ID 5
          
[175-7] Processing Order ID 6
          
[175-8] Processing Order ID 7
          
[175-9] Processing Order ID 8
          
[175-10] Processing Order ID 9
          
[175-11] Processing Order ID 10
          
[175-12] Processing Order ID 11
          
[175-13] Processing Order ID 12
          
[175-14] Processing Order ID 13
          
[175-15] Processing Order ID 14
          
[175-16] Processing Order ID 15
          
[175-17] Processing Order ID 16
          
[175-18] Processing Order ID 17
          
[175-19] Processing Order ID 18
          
[175-20] Processing Order ID 19
          
[175-21] Processing Order ID 20
          
[175-22] Processing Order ID 21
          
[175-23] Processing Order ID 22
          
[175-24] Processing Order ID 23
          
[175-25] Processing Order ID 24
          
[175-26] Processing Order ID 25
          
[175-27] Processing Order ID 26
          
[175-28] Processing Order ID 27
          
[175-29] Processing Order ID 28
          
[175-30] Processing Order ID 29
          
[175-31] Processing Order ID 30
          
[175-32] Processing Order ID 31
          
[175-33] Processing Order ID 32
          
[175-34] Processing Order ID 33
          
[175-35] Processing Order ID 34
          
[175-36] Processing Order ID 35
          
[175-37] Processing Order ID 36
          
[175-38] Processing Order ID 37
          
[175-39] Processing Order ID 38
          
[175-40] Processing Order ID 39
          
[175-41] Processing Order ID 40
          
[175-42] Processing Order ID 41
          
[175-43] Processing Order ID 42
          
[175-44] Processing Order ID 43
          
[175-45] Processing Order ID 44
          
[175-46] Processing Order ID 45
          
[175-47] Processing Order ID 46
          
[175-48] Processing Order ID 47
          
[175-49] Processing Order ID 48
          
[175-50] Processing Order ID 49
          
          
          
          
          
[178-1] Generating CSV reports
          
          
[178-1] Payout Summary: https://office.stg1-opulenza.xyz:81/storage/csv/admin/run_commission/46-free-jewelry-incentive-2021-06-01-2021-06-23-payout-summary.csv
[178-2] Payout Details: https://office.stg1-opulenza.xyz:81/storage/csv/admin/run_commission/46-free-jewelry-incentive-2021-06-01-2021-06-23-payout-details.csv
[178-3] Done generating CSV reports
