[294-1] Processing Order ID 0
          
[294-2] Processing Order ID 1
          
[294-3] Processing Order ID 2
          
[294-4] Processing Order ID 3
          
[294-5] Processing Order ID 4
          
[294-6] Processing Order ID 5
          
[294-7] Processing Order ID 6
          
[294-8] Processing Order ID 7
          
[294-9] Processing Order ID 8
          
[294-10] Processing Order ID 9
          
[294-11] Processing Order ID 10
          
[294-12] Processing Order ID 11
          
[294-13] Processing Order ID 12
          
[294-14] Processing Order ID 13
          
[294-15] Processing Order ID 14
          
[294-16] Processing Order ID 15
          
[294-17] Processing Order ID 16
          
[294-18] Processing Order ID 17
          
[294-19] Processing Order ID 18
          
[294-20] Processing Order ID 19
          
[294-21] Processing Order ID 20
          
[294-22] Processing Order ID 21
          
[294-23] Processing Order ID 22
          
[294-24] Processing Order ID 23
          
[294-25] Processing Order ID 24
          
[294-26] Processing Order ID 25
          
[294-27] Processing Order ID 26
          
[294-28] Processing Order ID 27
          
[294-29] Processing Order ID 28
          
[294-30] Processing Order ID 29
          
[294-31] Processing Order ID 30
          
[294-32] Processing Order ID 31
          
[294-33] Processing Order ID 32
          
[294-34] Processing Order ID 33
          
[294-35] Processing Order ID 34
          
[294-36] Processing Order ID 35
          
[294-37] Processing Order ID 36
          
[294-38] Processing Order ID 37
          
[294-39] Processing Order ID 38
          
[294-40] Processing Order ID 39
          
[294-41] Processing Order ID 40
          
[294-42] Processing Order ID 41
          
[294-43] Processing Order ID 42
          
[294-44] Processing Order ID 43
          
[294-45] Processing Order ID 44
          
[294-46] Processing Order ID 45
          
[294-47] Processing Order ID 46
          
[294-48] Processing Order ID 47
          
[294-49] Processing Order ID 48
          
[294-50] Processing Order ID 49
          
          
          
          
          
[297-1] Generating CSV reports
          
          
[297-1] Payout Summary: https://office.stg1-opulenza.xyz:81/storage/csv/admin/run_commission/76-weekly-direct-profit-2021-06-03-2021-06-09-payout-summary.csv
[297-2] Payout Details: https://office.stg1-opulenza.xyz:81/storage/csv/admin/run_commission/76-weekly-direct-profit-2021-06-03-2021-06-09-payout-details.csv
[297-3] Done generating CSV reports
