[394-1] Processing Order ID 0
          
[394-2] Processing Order ID 1
          
[394-3] Processing Order ID 2
          
[394-4] Processing Order ID 3
          
[394-5] Processing Order ID 4
          
[394-6] Processing Order ID 5
          
[394-7] Processing Order ID 6
          
[394-8] Processing Order ID 7
          
[394-9] Processing Order ID 8
          
[394-10] Processing Order ID 9
          
[394-11] Processing Order ID 10
          
[394-12] Processing Order ID 11
          
[394-13] Processing Order ID 12
          
[394-14] Processing Order ID 13
          
[394-15] Processing Order ID 14
          
[394-16] Processing Order ID 15
          
[394-17] Processing Order ID 16
          
[394-18] Processing Order ID 17
          
[394-19] Processing Order ID 18
          
[394-20] Processing Order ID 19
          
[394-21] Processing Order ID 20
          
[394-22] Processing Order ID 21
          
[394-23] Processing Order ID 22
          
[394-24] Processing Order ID 23
          
[394-25] Processing Order ID 24
          
[394-26] Processing Order ID 25
          
[394-27] Processing Order ID 26
          
[394-28] Processing Order ID 27
          
[394-29] Processing Order ID 28
          
[394-30] Processing Order ID 29
          
[394-31] Processing Order ID 30
          
[394-32] Processing Order ID 31
          
[394-33] Processing Order ID 32
          
[394-34] Processing Order ID 33
          
[394-35] Processing Order ID 34
          
[394-36] Processing Order ID 35
          
[394-37] Processing Order ID 36
          
[394-38] Processing Order ID 37
          
[394-39] Processing Order ID 38
          
[394-40] Processing Order ID 39
          
[394-41] Processing Order ID 40
          
[394-42] Processing Order ID 41
          
[394-43] Processing Order ID 42
          
[394-44] Processing Order ID 43
          
[394-45] Processing Order ID 44
          
[394-46] Processing Order ID 45
          
[394-47] Processing Order ID 46
          
[394-48] Processing Order ID 47
          
[394-49] Processing Order ID 48
          
[394-50] Processing Order ID 49
          
          
          
          
          
[397-1] Generating CSV reports
          
          
[397-1] Payout Summary: https://office.stg1-opulenza.xyz:81/storage/csv/admin/run_commission/101-silver-start-up-program-2021-07-12-2021-07-11-payout-summary.csv
[397-2] Payout Details: https://office.stg1-opulenza.xyz:81/storage/csv/admin/run_commission/101-silver-start-up-program-2021-07-12-2021-07-11-payout-details.csv
[397-3] Done generating CSV reports
