[298-1] Processing Order ID 0
          
[298-2] Processing Order ID 1
          
[298-3] Processing Order ID 2
          
[298-4] Processing Order ID 3
          
[298-5] Processing Order ID 4
          
[298-6] Processing Order ID 5
          
[298-7] Processing Order ID 6
          
[298-8] Processing Order ID 7
          
[298-9] Processing Order ID 8
          
[298-10] Processing Order ID 9
          
[298-11] Processing Order ID 10
          
[298-12] Processing Order ID 11
          
[298-13] Processing Order ID 12
          
[298-14] Processing Order ID 13
          
[298-15] Processing Order ID 14
          
[298-16] Processing Order ID 15
          
[298-17] Processing Order ID 16
          
[298-18] Processing Order ID 17
          
[298-19] Processing Order ID 18
          
[298-20] Processing Order ID 19
          
[298-21] Processing Order ID 20
          
[298-22] Processing Order ID 21
          
[298-23] Processing Order ID 22
          
[298-24] Processing Order ID 23
          
[298-25] Processing Order ID 24
          
[298-26] Processing Order ID 25
          
[298-27] Processing Order ID 26
          
[298-28] Processing Order ID 27
          
[298-29] Processing Order ID 28
          
[298-30] Processing Order ID 29
          
[298-31] Processing Order ID 30
          
[298-32] Processing Order ID 31
          
[298-33] Processing Order ID 32
          
[298-34] Processing Order ID 33
          
[298-35] Processing Order ID 34
          
[298-36] Processing Order ID 35
          
[298-37] Processing Order ID 36
          
[298-38] Processing Order ID 37
          
[298-39] Processing Order ID 38
          
[298-40] Processing Order ID 39
          
[298-41] Processing Order ID 40
          
[298-42] Processing Order ID 41
          
[298-43] Processing Order ID 42
          
[298-44] Processing Order ID 43
          
[298-45] Processing Order ID 44
          
[298-46] Processing Order ID 45
          
[298-47] Processing Order ID 46
          
[298-48] Processing Order ID 47
          
[298-49] Processing Order ID 48
          
[298-50] Processing Order ID 49
          
          
          
          
          
[301-1] Generating CSV reports
          
          
[301-1] Payout Summary: https://office.stg1-opulenza.xyz:81/storage/csv/admin/run_commission/77-weekly-direct-profit-2021-06-03-2021-06-09-payout-summary.csv
[301-2] Payout Details: https://office.stg1-opulenza.xyz:81/storage/csv/admin/run_commission/77-weekly-direct-profit-2021-06-03-2021-06-09-payout-details.csv
[301-3] Done generating CSV reports
