[398-1] Processing Order ID 0
          
[398-2] Processing Order ID 1
          
[398-3] Processing Order ID 2
          
[398-4] Processing Order ID 3
          
[398-5] Processing Order ID 4
          
[398-6] Processing Order ID 5
          
[398-7] Processing Order ID 6
          
[398-8] Processing Order ID 7
          
[398-9] Processing Order ID 8
          
[398-10] Processing Order ID 9
          
[398-11] Processing Order ID 10
          
[398-12] Processing Order ID 11
          
[398-13] Processing Order ID 12
          
[398-14] Processing Order ID 13
          
[398-15] Processing Order ID 14
          
[398-16] Processing Order ID 15
          
[398-17] Processing Order ID 16
          
[398-18] Processing Order ID 17
          
[398-19] Processing Order ID 18
          
[398-20] Processing Order ID 19
          
[398-21] Processing Order ID 20
          
[398-22] Processing Order ID 21
          
[398-23] Processing Order ID 22
          
[398-24] Processing Order ID 23
          
[398-25] Processing Order ID 24
          
[398-26] Processing Order ID 25
          
[398-27] Processing Order ID 26
          
[398-28] Processing Order ID 27
          
[398-29] Processing Order ID 28
          
[398-30] Processing Order ID 29
          
[398-31] Processing Order ID 30
          
[398-32] Processing Order ID 31
          
[398-33] Processing Order ID 32
          
[398-34] Processing Order ID 33
          
[398-35] Processing Order ID 34
          
[398-36] Processing Order ID 35
          
[398-37] Processing Order ID 36
          
[398-38] Processing Order ID 37
          
[398-39] Processing Order ID 38
          
[398-40] Processing Order ID 39
          
[398-41] Processing Order ID 40
          
[398-42] Processing Order ID 41
          
[398-43] Processing Order ID 42
          
[398-44] Processing Order ID 43
          
[398-45] Processing Order ID 44
          
[398-46] Processing Order ID 45
          
[398-47] Processing Order ID 46
          
[398-48] Processing Order ID 47
          
[398-49] Processing Order ID 48
          
[398-50] Processing Order ID 49
          
          
          
          
          
[401-1] Generating CSV reports
          
          
[401-1] Payout Summary: https://office.stg1-opulenza.xyz:81/storage/csv/admin/run_commission/102-silver-start-up-program-2021-07-12-2021-07-11-payout-summary.csv
[401-2] Payout Details: https://office.stg1-opulenza.xyz:81/storage/csv/admin/run_commission/102-silver-start-up-program-2021-07-12-2021-07-11-payout-details.csv
[401-3] Done generating CSV reports
