[198-1] []
[198-2] Affiliate 466 is not qualified for commission. 
[198-3] [466]
[198-4] Affiliate 466 is not qualified for commission. 
[198-5] [466]
[198-6] Affiliate 466 is not qualified for commission. 
[198-7] [466]
[198-8] Affiliate 466 is not qualified for commission. 
[198-9] [466]
[198-10] Affiliate 466 is not qualified for commission. 
[198-11] [466]
[198-12] Affiliate 466 is not qualified for commission. 
[198-13] [466]
[198-14] Affiliate 466 is not qualified for commission. 
[198-15] [466]
[198-16] Affiliate 466 is not qualified for commission. 
[198-17] [466]
[198-18] Affiliate 463 is not qualified for commission. 
[198-19] [466,463]
[198-20] Affiliate 757 is not qualified for commission. 
[198-21] [466,463,757]
[198-22] Affiliate 688 is not qualified for commission. 
[198-23] [466,463,757,688]
[198-24] Affiliate 757 is not qualified for commission. 
[198-25] [466,463,757,688]
[198-26] Affiliate 688 is not qualified for commission. 
[198-27] [466,463,757,688]
[198-28] Affiliate 688 is not qualified for commission. 
[198-29] [466,463,757,688]
[198-30] Affiliate 758 is not qualified for commission. 
[198-31] [466,463,757,688,758]
[198-32] Affiliate 688 is not qualified for commission. 
[198-33] [466,463,757,688,758]
[198-34] Affiliate 757 is not qualified for commission. 
[198-35] [466,463,757,688,758]
[198-36] Affiliate 758 is not qualified for commission. 
[198-37] [466,463,757,688,758]
[198-38] Affiliate 757 is not qualified for commission. 
          
          
          
          
[201-1] Generating CSV reports
          
          
[201-1] Payout Summary: https://office.stg1-opulenza.xyz:81/storage/csv/admin/run_commission/52-personal-sales-bonus-2021-06-01-2021-06-25-payout-summary.csv
[201-2] Payout Details: https://office.stg1-opulenza.xyz:81/storage/csv/admin/run_commission/52-personal-sales-bonus-2021-06-01-2021-06-25-payout-details.csv
[201-3] Done generating CSV reports
