[194-1] []
[194-2] Affiliate 1 is not qualified for commission. 
[194-3] [1]
[194-4] Affiliate 1 is not qualified for commission. 
[194-5] [1]
[194-6] Affiliate 1 is not qualified for commission. 
[194-7] [1]
[194-8] Affiliate 1 is not qualified for commission. 
[194-9] [1]
[194-10] Affiliate 1 is not qualified for commission. 
[194-11] [1]
[194-12] Affiliate 1 is not qualified for commission. 
[194-13] [1]
[194-14] Affiliate 1 is not qualified for commission. 
[194-15] [1]
[194-16] Affiliate 1 is not qualified for commission. 
[194-17] [1]
[194-18] Affiliate 1 is not qualified for commission. 
[194-19] [1]
[194-20] Affiliate 688 is not qualified for commission. 
[194-21] [1,688]
[194-22] Affiliate 688 is not qualified for commission. 
[194-23] [1,688]
[194-24] Affiliate 688 is not qualified for commission. 
[194-25] [1,688]
[194-26] Affiliate 688 is not qualified for commission. 
          
          
          
          
[197-1] Generating CSV reports
          
          
[197-1] Payout Summary: https://office.stg1-opulenza.xyz:81/storage/csv/admin/run_commission/51-personal-sales-bonus-2021-06-01-2021-06-24-payout-summary.csv
[197-2] Payout Details: https://office.stg1-opulenza.xyz:81/storage/csv/admin/run_commission/51-personal-sales-bonus-2021-06-01-2021-06-24-payout-details.csv
[197-3] Done generating CSV reports
