[76-1] number of transactions 9
[76-2] Evaluating #9865592-1
[76-3] []
[76-4] Affiliate 1 is not qualified for commission. 
[76-5] Evaluating #9865593-1
[76-6] [1]
[76-7] Affiliate 1 is not qualified for commission. 
[76-8] Evaluating #9865594-1
[76-9] [1]
[76-10] Affiliate 1 is not qualified for commission. 
[76-11] Evaluating #9865595-1
[76-12] [1]
[76-13] Affiliate 1 is not qualified for commission. 
[76-14] Evaluating #9865596-1
[76-15] [1]
[76-16] Affiliate 1 is not qualified for commission. 
[76-17] Evaluating #9865597-1
[76-18] [1]
[76-19] Affiliate 1 is not qualified for commission. 
[76-20] Evaluating #9865598-1
[76-21] [1]
[76-22] Affiliate 1 is not qualified for commission. 
[76-23] Evaluating #9865599-1
[76-24] [1]
[76-25] Affiliate 1 is not qualified for commission. 
[76-26] Evaluating #9865600-1
[76-27] [1]
[76-28] Affiliate 1 is not qualified for commission. 
          
          
          
          
[79-1] Generating CSV reports
          
          
[79-1] Payout Summary: https://office.stg1-opulenza.xyz:81/storage/csv/admin/run_commission/21-personal-sales-bonus-2021-06-01-2021-06-22-payout-summary.csv
[79-2] Payout Details: https://office.stg1-opulenza.xyz:81/storage/csv/admin/run_commission/21-personal-sales-bonus-2021-06-01-2021-06-22-payout-details.csv
[79-3] Done generating CSV reports
