[88-1] number of transactions 35
[88-2] Evaluating #9865592-1
[88-3] []
[88-4] null
[88-5] Affiliate 1 is not qualified for commission. 
[88-6] Evaluating #9865593-1
[88-7] [1]
[88-8] Affiliate 1 is not qualified for commission. 
[88-9] Evaluating #9865594-1
[88-10] [1]
[88-11] Affiliate 1 is not qualified for commission. 
[88-12] Evaluating #9865595-1
[88-13] [1]
[88-14] Affiliate 1 is not qualified for commission. 
[88-15] Evaluating #9865596-1
[88-16] [1]
[88-17] Affiliate 1 is not qualified for commission. 
[88-18] Evaluating #9865597-1
[88-19] [1]
[88-20] Affiliate 1 is not qualified for commission. 
[88-21] Evaluating #9865598-1
[88-22] [1]
[88-23] Affiliate 1 is not qualified for commission. 
[88-24] Evaluating #9865599-1
[88-25] [1]
[88-26] Affiliate 1 is not qualified for commission. 
[88-27] Evaluating #9865600-1
[88-28] [1]
[88-29] Affiliate 1 is not qualified for commission. 
[88-30] Evaluating #9865773-688
[88-31] [1]
[88-32] {"id":1,"user_id":688,"volume_id":0,"rank_date":"2021-06-30","rank_id":null,"min_rank_id":null,"paid_as_rank_id":1,"is_active":0,"is_system_active":0,"created_at":"2021-06-22 14:03:14","updated_at":"2021-06-22 14:03:14"}

In PersonalSalesBonus.php line 62:
                                        
  Trying to get property of non-object  
                                        

