[202-1] []
[202-2] Affiliate 466 is not qualified for commission. 
[202-3] [466]
[202-4] Affiliate 466 is not qualified for commission. 
[202-5] [466]
[202-6] Affiliate 466 is not qualified for commission. 
[202-7] [466]
[202-8] Affiliate 466 is not qualified for commission. 
[202-9] [466]
[202-10] Affiliate 466 is not qualified for commission. 
[202-11] [466]
[202-12] Affiliate 466 is not qualified for commission. 
[202-13] [466]
[202-14] Affiliate 466 is not qualified for commission. 
[202-15] [466]
[202-16] Affiliate 466 is not qualified for commission. 
[202-17] [466]
[202-18] Affiliate 463 is not qualified for commission. 
[202-19] [466,463]
[202-20] Affiliate 688 is not qualified for commission. 
[202-21] [466,463,688]
[202-22] Affiliate 688 is not qualified for commission. 
[202-23] [466,463,688]
[202-24] Affiliate 688 is not qualified for commission. 
[202-25] [466,463,688]
[202-26] Affiliate 688 is not qualified for commission. 
[202-27] [466,463,688]
[202-28] Affiliate 688 is not qualified for commission. 
[202-29] [466,463,688]
[202-30] Affiliate 688 is not qualified for commission. 
[202-31] [466,463,688]
[202-32] Affiliate 688 is not qualified for commission. 
[202-33] [466,463,688]
[202-34] Affiliate 688 is not qualified for commission. 
[202-35] [466,463,688]
[202-36] Affiliate 688 is not qualified for commission. 
[202-37] [466,463,688]
[202-38] Affiliate 688 is not qualified for commission. 
[202-39] [466,463,688]
[202-40] Affiliate 688 is not qualified for commission. 
[202-41] [466,463,688]
[202-42] Affiliate 688 is not qualified for commission. 
[202-43] [466,463,688]
[202-44] Affiliate 688 is not qualified for commission. 
[202-45] [466,463,688]
[202-46] Affiliate 688 is not qualified for commission. 
[202-47] [466,463,688]
[202-48] Affiliate 688 is not qualified for commission. 
[202-49] [466,463,688]
[202-50] Affiliate 688 is not qualified for commission. 
[202-51] [466,463,688]
[202-52] Affiliate 688 is not qualified for commission. 
[202-53] [466,463,688]
[202-54] Affiliate 688 is not qualified for commission. 
[202-55] [466,463,688]
[202-56] Affiliate 688 is not qualified for commission. 
[202-57] [466,463,688]
[202-58] Affiliate 688 is not qualified for commission. 
          
          
          
          
[205-1] Generating CSV reports
          
          
[205-1] Payout Summary: https://office.stg1-opulenza.xyz:81/storage/csv/admin/run_commission/53-personal-sales-bonus-2021-06-01-2021-06-29-payout-summary.csv
[205-2] Payout Details: https://office.stg1-opulenza.xyz:81/storage/csv/admin/run_commission/53-personal-sales-bonus-2021-06-01-2021-06-29-payout-details.csv
[205-3] Done generating CSV reports
