[183-1] Checking PRS of Affiliate. PRS:3288.20
[183-2] Checking PRS of Affiliate. PRS:6350.35
[183-3] Checking PRS of Affiliate. PRS:4902.78
[183-4] Checking PRS of Affiliate. PRS:3462.84
[183-5] Checking PRS of Affiliate. PRS:6405.85
[183-6] Checking PRS of Affiliate. PRS:7386.25
[183-7] Checking PRS of Affiliate. PRS:5008.95
[183-8] Checking PRS of Affiliate. PRS:6686.03
[183-9] Checking PRS of Affiliate. PRS:4803.27
[183-10] Checking PRS of Affiliate. PRS:7758.25
[183-11] Checking PRS of Affiliate. PRS:4981.47
[183-12] Checking PRS of Affiliate. PRS:5432.59
[183-13] Checking PRS of Affiliate. PRS:4418.54
[183-14] Checking PRS of Affiliate. PRS:3794.92
[183-15] Checking PRS of Affiliate. PRS:3718.97
[183-16] Checking PRS of Affiliate. PRS:5210.10
[183-17] Checking PRS of Affiliate. PRS:7093.61
[183-18] Checking PRS of Affiliate. PRS:6237.73
[183-19] Checking PRS of Affiliate. PRS:7225.87
[183-20] Checking PRS of Affiliate. PRS:4605.91
[183-21] Checking PRS of Affiliate. PRS:5151.95
[183-22] Checking PRS of Affiliate. PRS:4142.01
[183-23] Checking PRS of Affiliate. PRS:3254.19
[183-24] Checking PRS of Affiliate. PRS:7644.92
[183-25] Checking PRS of Affiliate. PRS:3262.02
[183-26] Checking PRS of Affiliate. PRS:3090.76
[183-27] Checking PRS of Affiliate. PRS:4527.72
[183-28] Checking PRS of Affiliate. PRS:5566.31
[183-29] Checking PRS of Affiliate. PRS:6448.40
[183-30] Checking PRS of Affiliate. PRS:7743.05
[183-31] Checking PRS of Affiliate. PRS:5770.04
[183-32] Checking PRS of Affiliate. PRS:3621.07
[183-33] Checking PRS of Affiliate. PRS:4595.24
[183-34] Checking PRS of Affiliate. PRS:4312.98
[183-35] Checking PRS of Affiliate. PRS:5779.16
[183-36] Checking PRS of Affiliate. PRS:4046.95
[183-37] Checking PRS of Affiliate. PRS:5364.11
[183-38] Checking PRS of Affiliate. PRS:6879.66
[183-39] Checking PRS of Affiliate. PRS:4706.00
[183-40] Checking PRS of Affiliate. PRS:6691.00
[183-41] Checking PRS of Affiliate. PRS:5737.02
[183-42] Checking PRS of Affiliate. PRS:6612.10
[183-43] Checking PRS of Affiliate. PRS:6810.84
[183-44] Checking PRS of Affiliate. PRS:5497.11
[183-45] Checking PRS of Affiliate. PRS:7567.76
[183-46] Checking PRS of Affiliate. PRS:7747.47
[183-47] Checking PRS of Affiliate. PRS:4327.96
          
          
          
          
[186-1] Generating CSV reports
          
          
[186-1] Payout Summary: https://office.stg1-opulenza.xyz:81/storage/csv/admin/run_commission/48-free-jewelry-incentive-2021-06-01-2021-06-23-payout-summary.csv
[186-2] Payout Details: https://office.stg1-opulenza.xyz:81/storage/csv/admin/run_commission/48-free-jewelry-incentive-2021-06-01-2021-06-23-payout-details.csv
[186-3] Done generating CSV reports
