[290-1] Processing Order ID 0
          
[290-2] Processing Order ID 1
          
[290-3] Processing Order ID 2
          
[290-4] Processing Order ID 3
          
[290-5] Processing Order ID 4
          
[290-6] Processing Order ID 5
          
[290-7] Processing Order ID 6
          
[290-8] Processing Order ID 7
          
[290-9] Processing Order ID 8
          
[290-10] Processing Order ID 9
          
[290-11] Processing Order ID 10
          
[290-12] Processing Order ID 11
          
[290-13] Processing Order ID 12
          
[290-14] Processing Order ID 13
          
[290-15] Processing Order ID 14
          
[290-16] Processing Order ID 15
          
[290-17] Processing Order ID 16
          
[290-18] Processing Order ID 17
          
[290-19] Processing Order ID 18
          
[290-20] Processing Order ID 19
          
[290-21] Processing Order ID 20
          
[290-22] Processing Order ID 21
          
[290-23] Processing Order ID 22
          
[290-24] Processing Order ID 23
          
[290-25] Processing Order ID 24
          
[290-26] Processing Order ID 25
          
[290-27] Processing Order ID 26
          
[290-28] Processing Order ID 27
          
[290-29] Processing Order ID 28
          
[290-30] Processing Order ID 29
          
[290-31] Processing Order ID 30
          
[290-32] Processing Order ID 31
          
[290-33] Processing Order ID 32
          
[290-34] Processing Order ID 33
          
[290-35] Processing Order ID 34
          
[290-36] Processing Order ID 35
          
[290-37] Processing Order ID 36
          
[290-38] Processing Order ID 37
          
[290-39] Processing Order ID 38
          
[290-40] Processing Order ID 39
          
[290-41] Processing Order ID 40
          
[290-42] Processing Order ID 41
          
[290-43] Processing Order ID 42
          
[290-44] Processing Order ID 43
          
[290-45] Processing Order ID 44
          
[290-46] Processing Order ID 45
          
[290-47] Processing Order ID 46
          
[290-48] Processing Order ID 47
          
[290-49] Processing Order ID 48
          
[290-50] Processing Order ID 49
          
          
          
          
          
[293-1] Generating CSV reports
          
          
[293-1] Payout Summary: https://office.stg1-opulenza.xyz:81/storage/csv/admin/run_commission/75-weekly-direct-profit-2021-06-03-2021-06-09-payout-summary.csv
[293-2] Payout Details: https://office.stg1-opulenza.xyz:81/storage/csv/admin/run_commission/75-weekly-direct-profit-2021-06-03-2021-06-09-payout-details.csv
[293-3] Done generating CSV reports
