[108-1] number of transactions 35
[108-2] Evaluating #9865592-1
[108-3] []
[108-4] Affiliate 1 is not qualified for commission. 
[108-5] Evaluating #9865593-1
[108-6] [1]
[108-7] Affiliate 1 is not qualified for commission. 
[108-8] Evaluating #9865594-1
[108-9] [1]
[108-10] Affiliate 1 is not qualified for commission. 
[108-11] Evaluating #9865595-1
[108-12] [1]
[108-13] Affiliate 1 is not qualified for commission. 
[108-14] Evaluating #9865596-1
[108-15] [1]
[108-16] Affiliate 1 is not qualified for commission. 
[108-17] Evaluating #9865597-1
[108-18] [1]
[108-19] Affiliate 1 is not qualified for commission. 
[108-20] Evaluating #9865598-1
[108-21] [1]
[108-22] Affiliate 1 is not qualified for commission. 
[108-23] Evaluating #9865599-1
[108-24] [1]
[108-25] Affiliate 1 is not qualified for commission. 
[108-26] Evaluating #9865600-1
[108-27] [1]
[108-28] Affiliate 1 is not qualified for commission. 
[108-29] Evaluating #9865773-688
[108-30] [1]
[108-31] {"id":1,"user_id":688,"volume_date":"2021-06-30","level":null,"created_at":"2021-06-22 14:04:39","updated_at":"2021-06-22 14:04:39","ppv":"0.00","ppv_capped":"0.00","pcv":"0.00","prs":"1000.00","pcv_capped":"0.00","pcv_users":null,"coach_points":"0.00","organization_points":"0.00","team_group_points":"0.00","referral_preferred_customer_points":"0.00","referral_preferred_customer_users":null,"referral_enrolled_coach_points":"0.00","referral_enrolled_coach_users":null,"referral_rank_advancement_points":"0.00","referral_rank_advancement_users":null,"referral_points":"0.00","personally_enrolled_retention_rate":"0.00","customer_retention_rate":"0.00","organization_retention_rate":"0.00","preferred_customer_count":0,"preferred_customer_users":null,"influencer_count":0,"silver_influencer_count":0,"gold_influencer_count":0,"platinum_influencer_count":0,"diamond_influencer_count":0}

In PersonalSalesBonus.php line 121:
                                                                               
  Missing argument 3 for Commissions\CommissionTypes\PersonalSalesBonus::eval  
  uateUserPercentage(), called in /home/nxm/rep/cb/olz/commissions/Commission  
  Types/PersonalSalesBonus.php on line 64 and defined                          
                                                                               

