[282-1] Evaluating order #9865592
[282-2] Affiliate 466 is not qualified for commission. 
[282-3] Evaluating order #9865593
[282-4] Affiliate 466 is not qualified for commission. 
[282-5] Evaluating order #9865594
[282-6] Affiliate 466 is not qualified for commission. 
[282-7] Evaluating order #9865595
[282-8] Affiliate 466 is not qualified for commission. 
[282-9] Evaluating order #9865596
[282-10] Affiliate 466 is not qualified for commission. 
[282-11] Evaluating order #9865597
[282-12] Affiliate 466 is not qualified for commission. 
[282-13] Evaluating order #9865598
[282-14] Affiliate 466 is not qualified for commission. 
[282-15] Evaluating order #9865599
[282-16] Affiliate 466 is not qualified for commission. 
[282-17] Evaluating order #9865600
[282-18] Affiliate 463 is not qualified for commission. 
[282-19] Evaluating order #9865773
[282-20] Evaluating order #9865774
[282-21] Evaluating order #9865775
[282-22] Evaluating order #9865776
[282-23] Evaluating order #9865777
[282-24] Evaluating order #9865778
[282-25] Evaluating order #9865779
[282-26] Evaluating order #9865780
[282-27] Evaluating order #9865781
[282-28] Evaluating order #9865783
[282-29] Evaluating order #9865784
[282-30] Evaluating order #9865786
[282-31] Evaluating order #9865787
[282-32] Evaluating order #9865788
[282-33] Evaluating order #9865790
[282-34] Evaluating order #9865791
[282-35] Evaluating order #9865792
[282-36] Evaluating order #9865793
[282-37] Evaluating order #9865794
[282-38] Evaluating order #9865796
[282-39] Evaluating order #9865797
[282-40] Evaluating order #9865798
[282-41] Evaluating order #9865799
[282-42] Evaluating order #9865800
[282-43] Evaluating order #9865801
[282-44] Evaluating order #9865802
          
          
          
          
[285-1] Generating CSV reports
          
          
[285-1] Payout Summary: https://office.stg1-opulenza.xyz:81/storage/csv/admin/run_commission/73-personal-sales-bonus-2021-06-01-2021-06-30-payout-summary.csv
[285-2] Payout Details: https://office.stg1-opulenza.xyz:81/storage/csv/admin/run_commission/73-personal-sales-bonus-2021-06-01-2021-06-30-payout-details.csv
[285-3] Done generating CSV reports
