[254-1] {"id":9865592,"userid":466,"sponsorid":1,"purchaser_catid":null,"sponsor_catid":null,"cv":"103.0000"}
[254-2] 466
[254-3] []
[254-4] null
[254-5] Affiliate 466 is not qualified for commission. 
[254-6] {"id":9865593,"userid":466,"sponsorid":1,"purchaser_catid":null,"sponsor_catid":null,"cv":"117.0000"}
[254-7] 466
[254-8] [466]
[254-9] Affiliate 466 is not qualified for commission. 
[254-10] {"id":9865594,"userid":466,"sponsorid":1,"purchaser_catid":null,"sponsor_catid":null,"cv":"149.0000"}
[254-11] 466
[254-12] [466]
[254-13] Affiliate 466 is not qualified for commission. 
[254-14] {"id":9865595,"userid":466,"sponsorid":1,"purchaser_catid":null,"sponsor_catid":null,"cv":"149.0000"}
[254-15] 466
[254-16] [466]
[254-17] Affiliate 466 is not qualified for commission. 
[254-18] {"id":9865596,"userid":466,"sponsorid":1,"purchaser_catid":null,"sponsor_catid":null,"cv":"149.0000"}
[254-19] 466
[254-20] [466]
[254-21] Affiliate 466 is not qualified for commission. 
[254-22] {"id":9865597,"userid":466,"sponsorid":1,"purchaser_catid":null,"sponsor_catid":null,"cv":"149.0000"}
[254-23] 466
[254-24] [466]
[254-25] Affiliate 466 is not qualified for commission. 
[254-26] {"id":9865598,"userid":466,"sponsorid":1,"purchaser_catid":null,"sponsor_catid":null,"cv":"149.0000"}
[254-27] 466
[254-28] [466]
[254-29] Affiliate 466 is not qualified for commission. 
[254-30] {"id":9865599,"userid":466,"sponsorid":1,"purchaser_catid":null,"sponsor_catid":null,"cv":"308.0000"}
[254-31] 466
[254-32] [466]
[254-33] Affiliate 466 is not qualified for commission. 
[254-34] {"id":9865600,"userid":463,"sponsorid":1,"purchaser_catid":null,"sponsor_catid":null,"cv":"49.0000"}
[254-35] 463
[254-36] [466]
[254-37] {"id":5,"user_id":463,"volume_id":5,"rank_date":"2021-06-30","rank_id":1,"min_rank_id":null,"paid_as_rank_id":1,"is_active":1,"is_system_active":0,"created_at":"2021-06-22 21:40:04","updated_at":"2021-06-22 21:46:24"}
[254-38] Affiliate 463 is not qualified for commission. 
[254-39] {"id":9865773,"userid":758,"sponsorid":688,"purchaser_catid":15,"sponsor_catid":13,"cv":"188270.0000"}
[254-40] 688
[254-41] [466,463]
[254-42] {"id":1,"user_id":688,"volume_id":1,"rank_date":"2021-06-30","rank_id":null,"min_rank_id":null,"paid_as_rank_id":1,"is_active":0,"is_system_active":0,"created_at":"2021-06-22 14:03:14","updated_at":"2021-06-22 15:32:07"}
[254-43] Affiliate 688 is not qualified for commission. 
[254-44] {"id":9865774,"userid":757,"sponsorid":688,"purchaser_catid":15,"sponsor_catid":13,"cv":"54639.0000"}
[254-45] 688
[254-46] [466,463,688]
[254-47] Affiliate 688 is not qualified for commission. 
[254-48] {"id":9865775,"userid":761,"sponsorid":688,"purchaser_catid":80362,"sponsor_catid":13,"cv":"34359.0000"}
[254-49] 688
[254-50] [466,463,688]
[254-51] Affiliate 688 is not qualified for commission. 
[254-52] {"id":9865776,"userid":758,"sponsorid":688,"purchaser_catid":15,"sponsor_catid":13,"cv":"181366.0000"}
[254-53] 688
[254-54] [466,463,688]
[254-55] Affiliate 688 is not qualified for commission. 
[254-56] {"id":9865777,"userid":757,"sponsorid":688,"purchaser_catid":15,"sponsor_catid":13,"cv":"120372.0000"}
[254-57] 688
[254-58] [466,463,688]
[254-59] Affiliate 688 is not qualified for commission. 
[254-60] {"id":9865778,"userid":761,"sponsorid":688,"purchaser_catid":80362,"sponsor_catid":13,"cv":"52392.0000"}
[254-61] 688
[254-62] [466,463,688]
[254-63] Affiliate 688 is not qualified for commission. 
[254-64] {"id":9865779,"userid":757,"sponsorid":688,"purchaser_catid":15,"sponsor_catid":13,"cv":"445444.0000"}
[254-65] 688
[254-66] [466,463,688]
[254-67] Affiliate 688 is not qualified for commission. 
[254-68] {"id":9865780,"userid":761,"sponsorid":688,"purchaser_catid":80362,"sponsor_catid":13,"cv":"62859.0000"}
[254-69] 688
[254-70] [466,463,688]
[254-71] Affiliate 688 is not qualified for commission. 
[254-72] {"id":9865781,"userid":761,"sponsorid":688,"purchaser_catid":80362,"sponsor_catid":13,"cv":"365306.0000"}
[254-73] 688
[254-74] [466,463,688]
[254-75] Affiliate 688 is not qualified for commission. 
[254-76] {"id":9865783,"userid":758,"sponsorid":688,"purchaser_catid":15,"sponsor_catid":13,"cv":"255824.0000"}
[254-77] 688
[254-78] [466,463,688]
[254-79] Affiliate 688 is not qualified for commission. 
[254-80] {"id":9865784,"userid":761,"sponsorid":688,"purchaser_catid":80362,"sponsor_catid":13,"cv":"64129.0000"}
[254-81] 688
[254-82] [466,463,688]
[254-83] Affiliate 688 is not qualified for commission. 
[254-84] {"id":9865786,"userid":758,"sponsorid":688,"purchaser_catid":15,"sponsor_catid":13,"cv":"191144.0000"}
[254-85] 688
[254-86] [466,463,688]
[254-87] Affiliate 688 is not qualified for commission. 
[254-88] {"id":9865787,"userid":757,"sponsorid":688,"purchaser_catid":15,"sponsor_catid":13,"cv":"313722.0000"}
[254-89] 688
[254-90] [466,463,688]
[254-91] Affiliate 688 is not qualified for commission. 
[254-92] {"id":9865788,"userid":761,"sponsorid":688,"purchaser_catid":80362,"sponsor_catid":13,"cv":"78706.0000"}
[254-93] 688
[254-94] [466,463,688]
[254-95] Affiliate 688 is not qualified for commission. 
[254-96] {"id":9865790,"userid":757,"sponsorid":688,"purchaser_catid":15,"sponsor_catid":13,"cv":"100537.0000"}
[254-97] 688
[254-98] [466,463,688]
[254-99] Affiliate 688 is not qualified for commission. 
[254-100] {"id":9865791,"userid":757,"sponsorid":688,"purchaser_catid":15,"sponsor_catid":13,"cv":"42684.0000"}
[254-101] 688
[254-102] [466,463,688]
[254-103] Affiliate 688 is not qualified for commission. 
[254-104] {"id":9865792,"userid":758,"sponsorid":688,"purchaser_catid":15,"sponsor_catid":13,"cv":"205977.0000"}
[254-105] 688
[254-106] [466,463,688]
[254-107] Affiliate 688 is not qualified for commission. 
[254-108] {"id":9865793,"userid":761,"sponsorid":688,"purchaser_catid":80362,"sponsor_catid":13,"cv":"211417.0000"}
[254-109] 688
[254-110] [466,463,688]
[254-111] Affiliate 688 is not qualified for commission. 
[254-112] {"id":9865794,"userid":757,"sponsorid":688,"purchaser_catid":15,"sponsor_catid":13,"cv":"177132.0000"}
[254-113] 688
[254-114] [466,463,688]
[254-115] Affiliate 688 is not qualified for commission. 
[254-116] {"id":9865796,"userid":758,"sponsorid":688,"purchaser_catid":15,"sponsor_catid":13,"cv":"215016.0000"}
[254-117] 688
[254-118] [466,463,688]
[254-119] Affiliate 688 is not qualified for commission. 
[254-120] {"id":9865797,"userid":757,"sponsorid":688,"purchaser_catid":15,"sponsor_catid":13,"cv":"168399.0000"}
[254-121] 688
[254-122] [466,463,688]
[254-123] Affiliate 688 is not qualified for commission. 
[254-124] {"id":9865798,"userid":757,"sponsorid":688,"purchaser_catid":15,"sponsor_catid":13,"cv":"270583.0000"}
[254-125] 688
[254-126] [466,463,688]
[254-127] Affiliate 688 is not qualified for commission. 
[254-128] {"id":9865799,"userid":757,"sponsorid":688,"purchaser_catid":15,"sponsor_catid":13,"cv":"86541.0000"}
[254-129] 688
[254-130] [466,463,688]
[254-131] Affiliate 688 is not qualified for commission. 
[254-132] {"id":9865800,"userid":758,"sponsorid":688,"purchaser_catid":15,"sponsor_catid":13,"cv":"52074.0000"}
[254-133] 688
[254-134] [466,463,688]
[254-135] Affiliate 688 is not qualified for commission. 
[254-136] {"id":9865801,"userid":758,"sponsorid":688,"purchaser_catid":15,"sponsor_catid":13,"cv":"332864.0000"}
[254-137] 688
[254-138] [466,463,688]
[254-139] Affiliate 688 is not qualified for commission. 
[254-140] {"id":9865802,"userid":761,"sponsorid":688,"purchaser_catid":80362,"sponsor_catid":13,"cv":"273810.0000"}
[254-141] 688
[254-142] [466,463,688]
[254-143] Affiliate 688 is not qualified for commission. 
          
          
          
          
[257-1] Generating CSV reports
          
          
[257-1] Payout Summary: https://office.stg1-opulenza.xyz:81/storage/csv/admin/run_commission/66-personal-sales-bonus-2021-06-01-2021-06-30-payout-summary.csv
[257-2] Payout Details: https://office.stg1-opulenza.xyz:81/storage/csv/admin/run_commission/66-personal-sales-bonus-2021-06-01-2021-06-30-payout-details.csv
[257-3] Done generating CSV reports
