[338-1] Processing Order ID 0
          
[338-2] Processing Order ID 1
          
[338-3] Processing Order ID 2
          
[338-4] Processing Order ID 3
          
[338-5] Processing Order ID 4
          
[338-6] Processing Order ID 5
          
[338-7] Processing Order ID 6
          
[338-8] Processing Order ID 7
          
[338-9] Processing Order ID 8
          
[338-10] Processing Order ID 9
          
[338-11] Processing Order ID 10
          
[338-12] Processing Order ID 11
          
[338-13] Processing Order ID 12
          
[338-14] Processing Order ID 13
          
[338-15] Processing Order ID 14
          
[338-16] Processing Order ID 15
          
[338-17] Processing Order ID 16
          
[338-18] Processing Order ID 17
          
[338-19] Processing Order ID 18
          
[338-20] Processing Order ID 19
          
[338-21] Processing Order ID 20
          
[338-22] Processing Order ID 21
          
[338-23] Processing Order ID 22
          
[338-24] Processing Order ID 23
          
[338-25] Processing Order ID 24
          
[338-26] Processing Order ID 25
          
[338-27] Processing Order ID 26
          
[338-28] Processing Order ID 27
          
[338-29] Processing Order ID 28
          
[338-30] Processing Order ID 29
          
[338-31] Processing Order ID 30
          
[338-32] Processing Order ID 31
          
[338-33] Processing Order ID 32
          
[338-34] Processing Order ID 33
          
[338-35] Processing Order ID 34
          
[338-36] Processing Order ID 35
          
[338-37] Processing Order ID 36
          
[338-38] Processing Order ID 37
          
[338-39] Processing Order ID 38
          
[338-40] Processing Order ID 39
          
[338-41] Processing Order ID 40
          
[338-42] Processing Order ID 41
          
[338-43] Processing Order ID 42
          
[338-44] Processing Order ID 43
          
[338-45] Processing Order ID 44
          
[338-46] Processing Order ID 45
          
[338-47] Processing Order ID 46
          
[338-48] Processing Order ID 47
          
[338-49] Processing Order ID 48
          
[338-50] Processing Order ID 49
          
          
          
          
          
[341-1] Generating CSV reports
          
          
[341-1] Payout Summary: https://office.stg1-opulenza.xyz:81/storage/csv/admin/run_commission/87-monthly-level-commission-2021-06-01-2021-06-30-payout-summary.csv
[341-2] Payout Details: https://office.stg1-opulenza.xyz:81/storage/csv/admin/run_commission/87-monthly-level-commission-2021-06-01-2021-06-30-payout-details.csv
[341-3] Done generating CSV reports
