[266-1] {"id":9865592,"userid":466,"sponsorid":1,"purchaser_catid":null,"sponsor_catid":null,"cv":"103.0000"}
[266-2] 466
[266-3] Affiliate 466 is not qualified for commission. 
[266-4] {"id":9865593,"userid":466,"sponsorid":1,"purchaser_catid":null,"sponsor_catid":null,"cv":"117.0000"}
[266-5] 466
[266-6] Affiliate 466 is not qualified for commission. 
[266-7] {"id":9865594,"userid":466,"sponsorid":1,"purchaser_catid":null,"sponsor_catid":null,"cv":"149.0000"}
[266-8] 466
[266-9] Affiliate 466 is not qualified for commission. 
[266-10] {"id":9865595,"userid":466,"sponsorid":1,"purchaser_catid":null,"sponsor_catid":null,"cv":"149.0000"}
[266-11] 466
[266-12] Affiliate 466 is not qualified for commission. 
[266-13] {"id":9865596,"userid":466,"sponsorid":1,"purchaser_catid":null,"sponsor_catid":null,"cv":"149.0000"}
[266-14] 466
[266-15] Affiliate 466 is not qualified for commission. 
[266-16] {"id":9865597,"userid":466,"sponsorid":1,"purchaser_catid":null,"sponsor_catid":null,"cv":"149.0000"}
[266-17] 466
[266-18] Affiliate 466 is not qualified for commission. 
[266-19] {"id":9865598,"userid":466,"sponsorid":1,"purchaser_catid":null,"sponsor_catid":null,"cv":"149.0000"}
[266-20] 466
[266-21] Affiliate 466 is not qualified for commission. 
[266-22] {"id":9865599,"userid":466,"sponsorid":1,"purchaser_catid":null,"sponsor_catid":null,"cv":"308.0000"}
[266-23] 466
[266-24] Affiliate 466 is not qualified for commission. 
[266-25] {"id":9865600,"userid":463,"sponsorid":1,"purchaser_catid":null,"sponsor_catid":null,"cv":"49.0000"}
[266-26] 463
[266-27] Affiliate 463 is not qualified for commission. 
[266-28] {"id":9865773,"userid":758,"sponsorid":688,"purchaser_catid":15,"sponsor_catid":13,"cv":"188270.0000"}
[266-29] 688
[266-30] {"id":9865774,"userid":757,"sponsorid":688,"purchaser_catid":15,"sponsor_catid":13,"cv":"54639.0000"}
[266-31] 688
[266-32] {"id":9865775,"userid":761,"sponsorid":688,"purchaser_catid":80362,"sponsor_catid":13,"cv":"34359.0000"}
[266-33] 688
[266-34] {"id":9865776,"userid":758,"sponsorid":688,"purchaser_catid":15,"sponsor_catid":13,"cv":"181366.0000"}
[266-35] 688
[266-36] {"id":9865777,"userid":757,"sponsorid":688,"purchaser_catid":15,"sponsor_catid":13,"cv":"120372.0000"}
[266-37] 688
[266-38] {"id":9865778,"userid":761,"sponsorid":688,"purchaser_catid":80362,"sponsor_catid":13,"cv":"52392.0000"}
[266-39] 688
[266-40] {"id":9865779,"userid":757,"sponsorid":688,"purchaser_catid":15,"sponsor_catid":13,"cv":"445444.0000"}
[266-41] 688
[266-42] {"id":9865780,"userid":761,"sponsorid":688,"purchaser_catid":80362,"sponsor_catid":13,"cv":"62859.0000"}
[266-43] 688
[266-44] {"id":9865781,"userid":761,"sponsorid":688,"purchaser_catid":80362,"sponsor_catid":13,"cv":"365306.0000"}
[266-45] 688
[266-46] {"id":9865783,"userid":758,"sponsorid":688,"purchaser_catid":15,"sponsor_catid":13,"cv":"255824.0000"}
[266-47] 688
[266-48] {"id":9865784,"userid":761,"sponsorid":688,"purchaser_catid":80362,"sponsor_catid":13,"cv":"64129.0000"}
[266-49] 688
[266-50] {"id":9865786,"userid":758,"sponsorid":688,"purchaser_catid":15,"sponsor_catid":13,"cv":"191144.0000"}
[266-51] 688
[266-52] {"id":9865787,"userid":757,"sponsorid":688,"purchaser_catid":15,"sponsor_catid":13,"cv":"313722.0000"}
[266-53] 688
[266-54] {"id":9865788,"userid":761,"sponsorid":688,"purchaser_catid":80362,"sponsor_catid":13,"cv":"78706.0000"}
[266-55] 688
[266-56] {"id":9865790,"userid":757,"sponsorid":688,"purchaser_catid":15,"sponsor_catid":13,"cv":"100537.0000"}
[266-57] 688
[266-58] {"id":9865791,"userid":757,"sponsorid":688,"purchaser_catid":15,"sponsor_catid":13,"cv":"42684.0000"}
[266-59] 688
[266-60] {"id":9865792,"userid":758,"sponsorid":688,"purchaser_catid":15,"sponsor_catid":13,"cv":"205977.0000"}
[266-61] 688
[266-62] {"id":9865793,"userid":761,"sponsorid":688,"purchaser_catid":80362,"sponsor_catid":13,"cv":"211417.0000"}
[266-63] 688
[266-64] {"id":9865794,"userid":757,"sponsorid":688,"purchaser_catid":15,"sponsor_catid":13,"cv":"177132.0000"}
[266-65] 688
[266-66] {"id":9865796,"userid":758,"sponsorid":688,"purchaser_catid":15,"sponsor_catid":13,"cv":"215016.0000"}
[266-67] 688
[266-68] {"id":9865797,"userid":757,"sponsorid":688,"purchaser_catid":15,"sponsor_catid":13,"cv":"168399.0000"}
[266-69] 688
[266-70] {"id":9865798,"userid":757,"sponsorid":688,"purchaser_catid":15,"sponsor_catid":13,"cv":"270583.0000"}
[266-71] 688
[266-72] {"id":9865799,"userid":757,"sponsorid":688,"purchaser_catid":15,"sponsor_catid":13,"cv":"86541.0000"}
[266-73] 688
[266-74] {"id":9865800,"userid":758,"sponsorid":688,"purchaser_catid":15,"sponsor_catid":13,"cv":"52074.0000"}
[266-75] 688
[266-76] {"id":9865801,"userid":758,"sponsorid":688,"purchaser_catid":15,"sponsor_catid":13,"cv":"332864.0000"}
[266-77] 688
[266-78] {"id":9865802,"userid":761,"sponsorid":688,"purchaser_catid":80362,"sponsor_catid":13,"cv":"273810.0000"}
[266-79] 688
          
          
          
          
[269-1] Generating CSV reports
          
          
[269-1] Payout Summary: https://office.stg1-opulenza.xyz:81/storage/csv/admin/run_commission/69-personal-sales-bonus-2021-06-01-2021-06-30-payout-summary.csv
[269-2] Payout Details: https://office.stg1-opulenza.xyz:81/storage/csv/admin/run_commission/69-personal-sales-bonus-2021-06-01-2021-06-30-payout-details.csv
[269-3] Done generating CSV reports
