[64-1] Number of transactions9
[64-2] []
[64-3] Affiliate 1 is not qualified for commission. 
[64-4] [1]
[64-5] Affiliate 1 is not qualified for commission. 
[64-6] [1]
[64-7] Affiliate 1 is not qualified for commission. 
[64-8] [1]
[64-9] Affiliate 1 is not qualified for commission. 
[64-10] [1]
[64-11] Affiliate 1 is not qualified for commission. 
[64-12] [1]
[64-13] Affiliate 1 is not qualified for commission. 
[64-14] [1]
[64-15] Affiliate 1 is not qualified for commission. 
[64-16] [1]
[64-17] Affiliate 1 is not qualified for commission. 
[64-18] [1]
[64-19] Affiliate 1 is not qualified for commission. 
          
          
          
          
[67-1] Generating CSV reports
          
          
[67-1] Payout Summary: https://office.stg1-opulenza.xyz:81/storage/csv/admin/run_commission/18-personal-sales-bonus-2021-06-01-2021-06-22-payout-summary.csv
[67-2] Payout Details: https://office.stg1-opulenza.xyz:81/storage/csv/admin/run_commission/18-personal-sales-bonus-2021-06-01-2021-06-22-payout-details.csv
[67-3] Done generating CSV reports
