[286-1] Evaluating order #9865592
[286-2] Affiliate 466 is not qualified for commission. 
[286-3] Evaluating order #9865593
[286-4] Affiliate 466 is not qualified for commission. 
[286-5] Evaluating order #9865594
[286-6] Affiliate 466 is not qualified for commission. 
[286-7] Evaluating order #9865595
[286-8] Affiliate 466 is not qualified for commission. 
[286-9] Evaluating order #9865596
[286-10] Affiliate 466 is not qualified for commission. 
[286-11] Evaluating order #9865597
[286-12] Affiliate 466 is not qualified for commission. 
[286-13] Evaluating order #9865598
[286-14] Affiliate 466 is not qualified for commission. 
[286-15] Evaluating order #9865599
[286-16] Affiliate 466 is not qualified for commission. 
[286-17] Evaluating order #9865600
[286-18] Affiliate 463 is not qualified for commission. 
[286-19] Evaluating order #9865773
[286-20] Evaluating order #9865774
[286-21] Evaluating order #9865775
[286-22] Evaluating order #9865776
[286-23] Evaluating order #9865777
[286-24] Evaluating order #9865778
[286-25] Evaluating order #9865779
[286-26] Evaluating order #9865780
[286-27] Evaluating order #9865781
[286-28] Evaluating order #9865783
[286-29] Evaluating order #9865784
[286-30] Evaluating order #9865786
[286-31] Evaluating order #9865787
[286-32] Evaluating order #9865788
[286-33] Evaluating order #9865790
[286-34] Evaluating order #9865791
[286-35] Evaluating order #9865792
[286-36] Evaluating order #9865793
[286-37] Evaluating order #9865794
[286-38] Evaluating order #9865796
[286-39] Evaluating order #9865797
[286-40] Evaluating order #9865798
[286-41] Evaluating order #9865799
[286-42] Evaluating order #9865800
[286-43] Evaluating order #9865801
[286-44] Evaluating order #9865802
          
          
          
          
[289-1] Generating CSV reports
          
          
[289-1] Payout Summary: https://office.stg1-opulenza.xyz:81/storage/csv/admin/run_commission/74-personal-sales-bonus-2021-06-01-2021-06-30-payout-summary.csv
[289-2] Payout Details: https://office.stg1-opulenza.xyz:81/storage/csv/admin/run_commission/74-personal-sales-bonus-2021-06-01-2021-06-30-payout-details.csv
[289-3] Done generating CSV reports
