[116-1] number of transactions 35
[116-2] Evaluating #9865592-1
[116-3] []
[116-4] []
[116-5] Affiliate 1 is not qualified for commission. 
[116-6] Evaluating #9865593-1
[116-7] {"1":0}
[116-8] [1]
[116-9] Affiliate 1 is not qualified for commission. 
[116-10] Evaluating #9865594-1
[116-11] {"1":0}
[116-12] [1]
[116-13] Affiliate 1 is not qualified for commission. 
[116-14] Evaluating #9865595-1
[116-15] {"1":0}
[116-16] [1]
[116-17] Affiliate 1 is not qualified for commission. 
[116-18] Evaluating #9865596-1
[116-19] {"1":0}
[116-20] [1]
[116-21] Affiliate 1 is not qualified for commission. 
[116-22] Evaluating #9865597-1
[116-23] {"1":0}
[116-24] [1]
[116-25] Affiliate 1 is not qualified for commission. 
[116-26] Evaluating #9865598-1
[116-27] {"1":0}
[116-28] [1]
[116-29] Affiliate 1 is not qualified for commission. 
[116-30] Evaluating #9865599-1
[116-31] {"1":0}
[116-32] [1]
[116-33] Affiliate 1 is not qualified for commission. 
[116-34] Evaluating #9865600-1
[116-35] {"1":0}
[116-36] [1]
[116-37] Affiliate 1 is not qualified for commission. 
[116-38] Evaluating #9865773-688
[116-39] {"1":0}
[116-40] [1]
[116-41] {"id":1,"user_id":688,"volume_id":1,"rank_date":"2021-06-30","rank_id":null,"min_rank_id":null,"paid_as_rank_id":1,"is_active":0,"is_system_active":0,"created_at":"2021-06-22 14:03:14","updated_at":"2021-06-22 15:32:07"}

In PersonalSalesBonus.php line 123:
                                                                               
  Missing argument 3 for Commissions\CommissionTypes\PersonalSalesBonus::eval  
  uateUserPercentage(), called in /home/nxm/rep/cb/olz/commissions/Commission  
  Types/PersonalSalesBonus.php on line 66 and defined                          
                                                                               

