[179-1] Checking PRS of Affiliate. PRS:3288.20
[179-2] Checking PRS of Affiliate. PRS:6350.35
[179-3] Checking PRS of Affiliate. PRS:4902.78
[179-4] Checking PRS of Affiliate. PRS:3462.84
[179-5] Checking PRS of Affiliate. PRS:6405.85
[179-6] Checking PRS of Affiliate. PRS:7386.25
[179-7] Checking PRS of Affiliate. PRS:5008.95
[179-8] Checking PRS of Affiliate. PRS:6686.03
[179-9] Checking PRS of Affiliate. PRS:4803.27
[179-10] Checking PRS of Affiliate. PRS:7758.25
[179-11] Checking PRS of Affiliate. PRS:4981.47
[179-12] Checking PRS of Affiliate. PRS:5432.59
[179-13] Checking PRS of Affiliate. PRS:4418.54
[179-14] Checking PRS of Affiliate. PRS:3794.92
[179-15] Checking PRS of Affiliate. PRS:3718.97
[179-16] Checking PRS of Affiliate. PRS:5210.10
[179-17] Checking PRS of Affiliate. PRS:7093.61
[179-18] Checking PRS of Affiliate. PRS:6237.73
[179-19] Checking PRS of Affiliate. PRS:7225.87
[179-20] Checking PRS of Affiliate. PRS:4605.91
[179-21] Checking PRS of Affiliate. PRS:5151.95
[179-22] Checking PRS of Affiliate. PRS:4142.01
[179-23] Checking PRS of Affiliate. PRS:3254.19
[179-24] Checking PRS of Affiliate. PRS:7644.92
[179-25] Checking PRS of Affiliate. PRS:3262.02
[179-26] Checking PRS of Affiliate. PRS:3090.76
[179-27] Checking PRS of Affiliate. PRS:4527.72
[179-28] Checking PRS of Affiliate. PRS:5566.31
[179-29] Checking PRS of Affiliate. PRS:6448.40
[179-30] Checking PRS of Affiliate. PRS:7743.05
[179-31] Checking PRS of Affiliate. PRS:5770.04
[179-32] Checking PRS of Affiliate. PRS:3621.07
[179-33] Checking PRS of Affiliate. PRS:4595.24
[179-34] Checking PRS of Affiliate. PRS:4312.98
[179-35] Checking PRS of Affiliate. PRS:5779.16
[179-36] Checking PRS of Affiliate. PRS:4046.95
[179-37] Checking PRS of Affiliate. PRS:5364.11
[179-38] Checking PRS of Affiliate. PRS:6879.66
[179-39] Checking PRS of Affiliate. PRS:4706.00
[179-40] Checking PRS of Affiliate. PRS:6691.00
[179-41] Checking PRS of Affiliate. PRS:5737.02
[179-42] Checking PRS of Affiliate. PRS:6612.10
[179-43] Checking PRS of Affiliate. PRS:6810.84
[179-44] Checking PRS of Affiliate. PRS:5497.11
[179-45] Checking PRS of Affiliate. PRS:7567.76
[179-46] Checking PRS of Affiliate. PRS:7747.47
[179-47] Checking PRS of Affiliate. PRS:4327.96
          
          
          
          
[182-1] Generating CSV reports
          
          
[182-1] Payout Summary: https://office.stg1-opulenza.xyz:81/storage/csv/admin/run_commission/47-free-jewelry-incentive-2021-06-01-2021-06-23-payout-summary.csv
[182-2] Payout Details: https://office.stg1-opulenza.xyz:81/storage/csv/admin/run_commission/47-free-jewelry-incentive-2021-06-01-2021-06-23-payout-details.csv
[182-3] Done generating CSV reports
