[246-1] Personal sales ecommission
[246-2] {"id":9865592,"userid":466,"sponsorid":1,"purchaser_catid":null,"sponsor_catid":null,"cv":"103.0000"}
[246-3] []
[246-4] Affiliate 466 is not qualified for commission. 
[246-5] {"id":9865593,"userid":466,"sponsorid":1,"purchaser_catid":null,"sponsor_catid":null,"cv":"117.0000"}
[246-6] [466]
[246-7] Affiliate 466 is not qualified for commission. 
[246-8] {"id":9865594,"userid":466,"sponsorid":1,"purchaser_catid":null,"sponsor_catid":null,"cv":"149.0000"}
[246-9] [466]
[246-10] Affiliate 466 is not qualified for commission. 
[246-11] {"id":9865595,"userid":466,"sponsorid":1,"purchaser_catid":null,"sponsor_catid":null,"cv":"149.0000"}
[246-12] [466]
[246-13] Affiliate 466 is not qualified for commission. 
[246-14] {"id":9865596,"userid":466,"sponsorid":1,"purchaser_catid":null,"sponsor_catid":null,"cv":"149.0000"}
[246-15] [466]
[246-16] Affiliate 466 is not qualified for commission. 
[246-17] {"id":9865597,"userid":466,"sponsorid":1,"purchaser_catid":null,"sponsor_catid":null,"cv":"149.0000"}
[246-18] [466]
[246-19] Affiliate 466 is not qualified for commission. 
[246-20] {"id":9865598,"userid":466,"sponsorid":1,"purchaser_catid":null,"sponsor_catid":null,"cv":"149.0000"}
[246-21] [466]
[246-22] Affiliate 466 is not qualified for commission. 
[246-23] {"id":9865599,"userid":466,"sponsorid":1,"purchaser_catid":null,"sponsor_catid":null,"cv":"308.0000"}
[246-24] [466]
[246-25] Affiliate 466 is not qualified for commission. 
[246-26] {"id":9865600,"userid":463,"sponsorid":1,"purchaser_catid":null,"sponsor_catid":null,"cv":"49.0000"}
[246-27] [466]
[246-28] Affiliate 463 is not qualified for commission. 
[246-29] {"id":9865773,"userid":758,"sponsorid":688,"purchaser_catid":15,"sponsor_catid":13,"cv":"188270.0000"}
[246-30] [466,463]
[246-31] Affiliate 688 is not qualified for commission. 
[246-32] {"id":9865774,"userid":757,"sponsorid":688,"purchaser_catid":15,"sponsor_catid":13,"cv":"54639.0000"}
[246-33] [466,463,688]
[246-34] Affiliate 688 is not qualified for commission. 
[246-35] {"id":9865775,"userid":761,"sponsorid":688,"purchaser_catid":80362,"sponsor_catid":13,"cv":"34359.0000"}
[246-36] [466,463,688]
[246-37] Affiliate 688 is not qualified for commission. 
[246-38] {"id":9865776,"userid":758,"sponsorid":688,"purchaser_catid":15,"sponsor_catid":13,"cv":"181366.0000"}
[246-39] [466,463,688]
[246-40] Affiliate 688 is not qualified for commission. 
[246-41] {"id":9865777,"userid":757,"sponsorid":688,"purchaser_catid":15,"sponsor_catid":13,"cv":"120372.0000"}
[246-42] [466,463,688]
[246-43] Affiliate 688 is not qualified for commission. 
[246-44] {"id":9865778,"userid":761,"sponsorid":688,"purchaser_catid":80362,"sponsor_catid":13,"cv":"52392.0000"}
[246-45] [466,463,688]
[246-46] Affiliate 688 is not qualified for commission. 
[246-47] {"id":9865779,"userid":757,"sponsorid":688,"purchaser_catid":15,"sponsor_catid":13,"cv":"445444.0000"}
[246-48] [466,463,688]
[246-49] Affiliate 688 is not qualified for commission. 
[246-50] {"id":9865780,"userid":761,"sponsorid":688,"purchaser_catid":80362,"sponsor_catid":13,"cv":"62859.0000"}
[246-51] [466,463,688]
[246-52] Affiliate 688 is not qualified for commission. 
[246-53] {"id":9865781,"userid":761,"sponsorid":688,"purchaser_catid":80362,"sponsor_catid":13,"cv":"365306.0000"}
[246-54] [466,463,688]
[246-55] Affiliate 688 is not qualified for commission. 
[246-56] {"id":9865783,"userid":758,"sponsorid":688,"purchaser_catid":15,"sponsor_catid":13,"cv":"255824.0000"}
[246-57] [466,463,688]
[246-58] Affiliate 688 is not qualified for commission. 
[246-59] {"id":9865784,"userid":761,"sponsorid":688,"purchaser_catid":80362,"sponsor_catid":13,"cv":"64129.0000"}
[246-60] [466,463,688]
[246-61] Affiliate 688 is not qualified for commission. 
[246-62] {"id":9865786,"userid":758,"sponsorid":688,"purchaser_catid":15,"sponsor_catid":13,"cv":"191144.0000"}
[246-63] [466,463,688]
[246-64] Affiliate 688 is not qualified for commission. 
[246-65] {"id":9865787,"userid":757,"sponsorid":688,"purchaser_catid":15,"sponsor_catid":13,"cv":"313722.0000"}
[246-66] [466,463,688]
[246-67] Affiliate 688 is not qualified for commission. 
[246-68] {"id":9865788,"userid":761,"sponsorid":688,"purchaser_catid":80362,"sponsor_catid":13,"cv":"78706.0000"}
[246-69] [466,463,688]
[246-70] Affiliate 688 is not qualified for commission. 
[246-71] {"id":9865790,"userid":757,"sponsorid":688,"purchaser_catid":15,"sponsor_catid":13,"cv":"100537.0000"}
[246-72] [466,463,688]
[246-73] Affiliate 688 is not qualified for commission. 
[246-74] {"id":9865791,"userid":757,"sponsorid":688,"purchaser_catid":15,"sponsor_catid":13,"cv":"42684.0000"}
[246-75] [466,463,688]
[246-76] Affiliate 688 is not qualified for commission. 
[246-77] {"id":9865792,"userid":758,"sponsorid":688,"purchaser_catid":15,"sponsor_catid":13,"cv":"205977.0000"}
[246-78] [466,463,688]
[246-79] Affiliate 688 is not qualified for commission. 
[246-80] {"id":9865793,"userid":761,"sponsorid":688,"purchaser_catid":80362,"sponsor_catid":13,"cv":"211417.0000"}
[246-81] [466,463,688]
[246-82] Affiliate 688 is not qualified for commission. 
[246-83] {"id":9865794,"userid":757,"sponsorid":688,"purchaser_catid":15,"sponsor_catid":13,"cv":"177132.0000"}
[246-84] [466,463,688]
[246-85] Affiliate 688 is not qualified for commission. 
[246-86] {"id":9865796,"userid":758,"sponsorid":688,"purchaser_catid":15,"sponsor_catid":13,"cv":"215016.0000"}
[246-87] [466,463,688]
[246-88] Affiliate 688 is not qualified for commission. 
[246-89] {"id":9865797,"userid":757,"sponsorid":688,"purchaser_catid":15,"sponsor_catid":13,"cv":"168399.0000"}
[246-90] [466,463,688]
[246-91] Affiliate 688 is not qualified for commission. 
[246-92] {"id":9865798,"userid":757,"sponsorid":688,"purchaser_catid":15,"sponsor_catid":13,"cv":"270583.0000"}
[246-93] [466,463,688]
[246-94] Affiliate 688 is not qualified for commission. 
[246-95] {"id":9865799,"userid":757,"sponsorid":688,"purchaser_catid":15,"sponsor_catid":13,"cv":"86541.0000"}
[246-96] [466,463,688]
[246-97] Affiliate 688 is not qualified for commission. 
[246-98] {"id":9865800,"userid":758,"sponsorid":688,"purchaser_catid":15,"sponsor_catid":13,"cv":"52074.0000"}
[246-99] [466,463,688]
[246-100] Affiliate 688 is not qualified for commission. 
[246-101] {"id":9865801,"userid":758,"sponsorid":688,"purchaser_catid":15,"sponsor_catid":13,"cv":"332864.0000"}
[246-102] [466,463,688]
[246-103] Affiliate 688 is not qualified for commission. 
[246-104] {"id":9865802,"userid":761,"sponsorid":688,"purchaser_catid":80362,"sponsor_catid":13,"cv":"273810.0000"}
[246-105] [466,463,688]
[246-106] Affiliate 688 is not qualified for commission. 
          
          
          
          
[249-1] Generating CSV reports
          
          
[249-1] Payout Summary: https://office.stg1-opulenza.xyz:81/storage/csv/admin/run_commission/64-personal-sales-bonus-2021-06-01-2021-06-30-payout-summary.csv
[249-2] Payout Details: https://office.stg1-opulenza.xyz:81/storage/csv/admin/run_commission/64-personal-sales-bonus-2021-06-01-2021-06-30-payout-details.csv
[249-3] Done generating CSV reports
