[187-1] Checking PRS of Affiliate. PRS:3288.20
[187-2] Checking PRS of Affiliate. PRS:6350.35
[187-3] Checking PRS of Affiliate. PRS:4902.78
[187-4] Checking PRS of Affiliate. PRS:3462.84
[187-5] Checking PRS of Affiliate. PRS:6405.85
[187-6] Checking PRS of Affiliate. PRS:7386.25
[187-7] Checking PRS of Affiliate. PRS:5008.95
[187-8] Checking PRS of Affiliate. PRS:6686.03
[187-9] Checking PRS of Affiliate. PRS:4803.27
[187-10] Checking PRS of Affiliate. PRS:7758.25
[187-11] Checking PRS of Affiliate. PRS:4981.47
[187-12] Checking PRS of Affiliate. PRS:5432.59
[187-13] Checking PRS of Affiliate. PRS:4418.54
[187-14] Checking PRS of Affiliate. PRS:3794.92
[187-15] Checking PRS of Affiliate. PRS:3718.97
[187-16] Checking PRS of Affiliate. PRS:5210.10
[187-17] Checking PRS of Affiliate. PRS:7093.61
[187-18] Checking PRS of Affiliate. PRS:6237.73
[187-19] Checking PRS of Affiliate. PRS:7225.87
[187-20] Checking PRS of Affiliate. PRS:4605.91
[187-21] Checking PRS of Affiliate. PRS:5151.95
[187-22] Checking PRS of Affiliate. PRS:4142.01
[187-23] Checking PRS of Affiliate. PRS:3254.19
[187-24] Checking PRS of Affiliate. PRS:7644.92
[187-25] Checking PRS of Affiliate. PRS:3262.02
[187-26] Checking PRS of Affiliate. PRS:3090.76
[187-27] Checking PRS of Affiliate. PRS:4527.72
[187-28] Checking PRS of Affiliate. PRS:5566.31
[187-29] Checking PRS of Affiliate. PRS:6448.40
[187-30] Checking PRS of Affiliate. PRS:7743.05
[187-31] Checking PRS of Affiliate. PRS:5770.04
[187-32] Checking PRS of Affiliate. PRS:3621.07
[187-33] Checking PRS of Affiliate. PRS:4595.24
[187-34] Checking PRS of Affiliate. PRS:4312.98
[187-35] Checking PRS of Affiliate. PRS:5779.16
[187-36] Checking PRS of Affiliate. PRS:4046.95
[187-37] Checking PRS of Affiliate. PRS:5364.11
[187-38] Checking PRS of Affiliate. PRS:6879.66
[187-39] Checking PRS of Affiliate. PRS:4706.00
[187-40] Checking PRS of Affiliate. PRS:6691.00
[187-41] Checking PRS of Affiliate. PRS:5737.02
[187-42] Checking PRS of Affiliate. PRS:6612.10
[187-43] Checking PRS of Affiliate. PRS:6810.84
[187-44] Checking PRS of Affiliate. PRS:5497.11
[187-45] Checking PRS of Affiliate. PRS:7567.76
[187-46] Checking PRS of Affiliate. PRS:7747.47
[187-47] Checking PRS of Affiliate. PRS:4327.96
          
          
          
          
[190-1] Generating CSV reports
          
          
[190-1] Payout Summary: https://office.stg1-opulenza.xyz:81/storage/csv/admin/run_commission/49-free-jewelry-incentive-2021-06-01-2021-06-23-payout-summary.csv
[190-2] Payout Details: https://office.stg1-opulenza.xyz:81/storage/csv/admin/run_commission/49-free-jewelry-incentive-2021-06-01-2021-06-23-payout-details.csv
[190-3] Done generating CSV reports
