[147-1] Processing Order ID 9865604
          
[147-2] Processing Order ID 9865604
          
[147-3] Processing Order ID 9865605
          
[147-4] Processing Order ID 9865605
          
[147-5] Processing Order ID 9865614
          
[147-6] Processing Order ID 9865614
          
[147-7] Processing Order ID 9865624
          
[147-8] Processing Order ID 9865624
          
[147-9] Processing Order ID 9865626
          
[147-10] Processing Order ID 9865626
          
[147-11] Processing Order ID 9865637
          
[147-12] Processing Order ID 9865656
          
[147-13] Processing Order ID 9865656
          
[147-14] Processing Order ID 9865662
          
[147-15] Processing Order ID 9865662
          
[147-16] Processing Order ID 9865671
          
[147-17] Processing Order ID 9865671
          
[147-18] Processing Order ID 9865681
          
[147-19] Processing Order ID 9865681
          
          
          
          
          
[150-1] Generating CSV reports
          
          
[150-1] Payout Summary: https://office.stg1-opulenza.xyz:81/storage/csv/admin/run_commission/39-weekly-direct-profit-2021-06-04-2021-06-11-payout-summary.csv
[150-2] Payout Details: https://office.stg1-opulenza.xyz:81/storage/csv/admin/run_commission/39-weekly-direct-profit-2021-06-04-2021-06-11-payout-details.csv
[150-3] Done generating CSV reports
