[262-1] {"id":9865592,"userid":466,"sponsorid":1,"purchaser_catid":null,"sponsor_catid":null,"cv":"103.0000"}
[262-2] 466
[262-3] []
[262-4] RANK: null
[262-5] Affiliate 466 is not qualified for commission. 
[262-6] {"id":9865593,"userid":466,"sponsorid":1,"purchaser_catid":null,"sponsor_catid":null,"cv":"117.0000"}
[262-7] 466
[262-8] [466]
[262-9] Affiliate 466 is not qualified for commission. 
[262-10] {"id":9865594,"userid":466,"sponsorid":1,"purchaser_catid":null,"sponsor_catid":null,"cv":"149.0000"}
[262-11] 466
[262-12] [466]
[262-13] Affiliate 466 is not qualified for commission. 
[262-14] {"id":9865595,"userid":466,"sponsorid":1,"purchaser_catid":null,"sponsor_catid":null,"cv":"149.0000"}
[262-15] 466
[262-16] [466]
[262-17] Affiliate 466 is not qualified for commission. 
[262-18] {"id":9865596,"userid":466,"sponsorid":1,"purchaser_catid":null,"sponsor_catid":null,"cv":"149.0000"}
[262-19] 466
[262-20] [466]
[262-21] Affiliate 466 is not qualified for commission. 
[262-22] {"id":9865597,"userid":466,"sponsorid":1,"purchaser_catid":null,"sponsor_catid":null,"cv":"149.0000"}
[262-23] 466
[262-24] [466]
[262-25] Affiliate 466 is not qualified for commission. 
[262-26] {"id":9865598,"userid":466,"sponsorid":1,"purchaser_catid":null,"sponsor_catid":null,"cv":"149.0000"}
[262-27] 466
[262-28] [466]
[262-29] Affiliate 466 is not qualified for commission. 
[262-30] {"id":9865599,"userid":466,"sponsorid":1,"purchaser_catid":null,"sponsor_catid":null,"cv":"308.0000"}
[262-31] 466
[262-32] [466]
[262-33] Affiliate 466 is not qualified for commission. 
[262-34] {"id":9865600,"userid":463,"sponsorid":1,"purchaser_catid":null,"sponsor_catid":null,"cv":"49.0000"}
[262-35] 463
[262-36] [466]
[262-37] RANK: {"id":5,"user_id":463,"volume_id":5,"rank_date":"2021-06-30","rank_id":1,"min_rank_id":null,"paid_as_rank_id":1,"is_active":1,"is_system_active":0,"created_at":"2021-06-22 21:40:04","updated_at":"2021-06-22 21:46:24"}
[262-38] Affiliate 463 is not qualified for commission. 
[262-39] {"id":9865773,"userid":758,"sponsorid":688,"purchaser_catid":15,"sponsor_catid":13,"cv":"188270.0000"}
[262-40] 688
[262-41] [466,463]
[262-42] RANK: {"id":1,"user_id":688,"volume_id":1,"rank_date":"2021-06-30","rank_id":null,"min_rank_id":null,"paid_as_rank_id":1,"is_active":0,"is_system_active":0,"created_at":"2021-06-22 14:03:14","updated_at":"2021-06-22 15:32:07"}
[262-43] {"id":9865774,"userid":757,"sponsorid":688,"purchaser_catid":15,"sponsor_catid":13,"cv":"54639.0000"}
[262-44] 688
[262-45] [466,463,688]
[262-46] {"id":9865775,"userid":761,"sponsorid":688,"purchaser_catid":80362,"sponsor_catid":13,"cv":"34359.0000"}
[262-47] 688
[262-48] [466,463,688]
[262-49] {"id":9865776,"userid":758,"sponsorid":688,"purchaser_catid":15,"sponsor_catid":13,"cv":"181366.0000"}
[262-50] 688
[262-51] [466,463,688]
[262-52] {"id":9865777,"userid":757,"sponsorid":688,"purchaser_catid":15,"sponsor_catid":13,"cv":"120372.0000"}
[262-53] 688
[262-54] [466,463,688]
[262-55] {"id":9865778,"userid":761,"sponsorid":688,"purchaser_catid":80362,"sponsor_catid":13,"cv":"52392.0000"}
[262-56] 688
[262-57] [466,463,688]
[262-58] {"id":9865779,"userid":757,"sponsorid":688,"purchaser_catid":15,"sponsor_catid":13,"cv":"445444.0000"}
[262-59] 688
[262-60] [466,463,688]
[262-61] {"id":9865780,"userid":761,"sponsorid":688,"purchaser_catid":80362,"sponsor_catid":13,"cv":"62859.0000"}
[262-62] 688
[262-63] [466,463,688]
[262-64] {"id":9865781,"userid":761,"sponsorid":688,"purchaser_catid":80362,"sponsor_catid":13,"cv":"365306.0000"}
[262-65] 688
[262-66] [466,463,688]
[262-67] {"id":9865783,"userid":758,"sponsorid":688,"purchaser_catid":15,"sponsor_catid":13,"cv":"255824.0000"}
[262-68] 688
[262-69] [466,463,688]
[262-70] {"id":9865784,"userid":761,"sponsorid":688,"purchaser_catid":80362,"sponsor_catid":13,"cv":"64129.0000"}
[262-71] 688
[262-72] [466,463,688]
[262-73] {"id":9865786,"userid":758,"sponsorid":688,"purchaser_catid":15,"sponsor_catid":13,"cv":"191144.0000"}
[262-74] 688
[262-75] [466,463,688]
[262-76] {"id":9865787,"userid":757,"sponsorid":688,"purchaser_catid":15,"sponsor_catid":13,"cv":"313722.0000"}
[262-77] 688
[262-78] [466,463,688]
[262-79] {"id":9865788,"userid":761,"sponsorid":688,"purchaser_catid":80362,"sponsor_catid":13,"cv":"78706.0000"}
[262-80] 688
[262-81] [466,463,688]
[262-82] {"id":9865790,"userid":757,"sponsorid":688,"purchaser_catid":15,"sponsor_catid":13,"cv":"100537.0000"}
[262-83] 688
[262-84] [466,463,688]
[262-85] {"id":9865791,"userid":757,"sponsorid":688,"purchaser_catid":15,"sponsor_catid":13,"cv":"42684.0000"}
[262-86] 688
[262-87] [466,463,688]
[262-88] {"id":9865792,"userid":758,"sponsorid":688,"purchaser_catid":15,"sponsor_catid":13,"cv":"205977.0000"}
[262-89] 688
[262-90] [466,463,688]
[262-91] {"id":9865793,"userid":761,"sponsorid":688,"purchaser_catid":80362,"sponsor_catid":13,"cv":"211417.0000"}
[262-92] 688
[262-93] [466,463,688]
[262-94] {"id":9865794,"userid":757,"sponsorid":688,"purchaser_catid":15,"sponsor_catid":13,"cv":"177132.0000"}
[262-95] 688
[262-96] [466,463,688]
[262-97] {"id":9865796,"userid":758,"sponsorid":688,"purchaser_catid":15,"sponsor_catid":13,"cv":"215016.0000"}
[262-98] 688
[262-99] [466,463,688]
[262-100] {"id":9865797,"userid":757,"sponsorid":688,"purchaser_catid":15,"sponsor_catid":13,"cv":"168399.0000"}
[262-101] 688
[262-102] [466,463,688]
[262-103] {"id":9865798,"userid":757,"sponsorid":688,"purchaser_catid":15,"sponsor_catid":13,"cv":"270583.0000"}
[262-104] 688
[262-105] [466,463,688]
[262-106] {"id":9865799,"userid":757,"sponsorid":688,"purchaser_catid":15,"sponsor_catid":13,"cv":"86541.0000"}
[262-107] 688
[262-108] [466,463,688]
[262-109] {"id":9865800,"userid":758,"sponsorid":688,"purchaser_catid":15,"sponsor_catid":13,"cv":"52074.0000"}
[262-110] 688
[262-111] [466,463,688]
[262-112] {"id":9865801,"userid":758,"sponsorid":688,"purchaser_catid":15,"sponsor_catid":13,"cv":"332864.0000"}
[262-113] 688
[262-114] [466,463,688]
[262-115] {"id":9865802,"userid":761,"sponsorid":688,"purchaser_catid":80362,"sponsor_catid":13,"cv":"273810.0000"}
[262-116] 688
[262-117] [466,463,688]
          
          
          
          
[265-1] Generating CSV reports
          
          
[265-1] Payout Summary: https://office.stg1-opulenza.xyz:81/storage/csv/admin/run_commission/68-personal-sales-bonus-2021-06-01-2021-06-30-payout-summary.csv
[265-2] Payout Details: https://office.stg1-opulenza.xyz:81/storage/csv/admin/run_commission/68-personal-sales-bonus-2021-06-01-2021-06-30-payout-details.csv
[265-3] Done generating CSV reports
