[68-1] Number of transactions9
[68-2] []
[68-3] Affiliate 1 is not qualified for commission. 
[68-4] [1]
[68-5] Affiliate 1 is not qualified for commission. 
[68-6] [1]
[68-7] Affiliate 1 is not qualified for commission. 
[68-8] [1]
[68-9] Affiliate 1 is not qualified for commission. 
[68-10] [1]
[68-11] Affiliate 1 is not qualified for commission. 
[68-12] [1]
[68-13] Affiliate 1 is not qualified for commission. 
[68-14] [1]
[68-15] Affiliate 1 is not qualified for commission. 
[68-16] [1]
[68-17] Affiliate 1 is not qualified for commission. 
[68-18] [1]
[68-19] Affiliate 1 is not qualified for commission. 
          
          
          
          
[71-1] Generating CSV reports
          
          
[71-1] Payout Summary: https://office.stg1-opulenza.xyz:81/storage/csv/admin/run_commission/19-personal-sales-bonus-2021-06-01-2021-06-22-payout-summary.csv
[71-2] Payout Details: https://office.stg1-opulenza.xyz:81/storage/csv/admin/run_commission/19-personal-sales-bonus-2021-06-01-2021-06-22-payout-details.csv
[71-3] Done generating CSV reports
