[80-1] number of transactions 35
[80-2] Evaluating #9865592-1
[80-3] []
[80-4] Affiliate 1 is not qualified for commission. 
[80-5] Evaluating #9865593-1
[80-6] [1]
[80-7] Affiliate 1 is not qualified for commission. 
[80-8] Evaluating #9865594-1
[80-9] [1]
[80-10] Affiliate 1 is not qualified for commission. 
[80-11] Evaluating #9865595-1
[80-12] [1]
[80-13] Affiliate 1 is not qualified for commission. 
[80-14] Evaluating #9865596-1
[80-15] [1]
[80-16] Affiliate 1 is not qualified for commission. 
[80-17] Evaluating #9865597-1
[80-18] [1]
[80-19] Affiliate 1 is not qualified for commission. 
[80-20] Evaluating #9865598-1
[80-21] [1]
[80-22] Affiliate 1 is not qualified for commission. 
[80-23] Evaluating #9865599-1
[80-24] [1]
[80-25] Affiliate 1 is not qualified for commission. 
[80-26] Evaluating #9865600-1
[80-27] [1]
[80-28] Affiliate 1 is not qualified for commission. 
[80-29] Evaluating #9865773-688
[80-30] [1]
[80-31] Affiliate 688 is not qualified for commission. 
[80-32] Evaluating #9865774-688
[80-33] [1,688]
[80-34] Affiliate 688 is not qualified for commission. 
[80-35] Evaluating #9865775-688
[80-36] [1,688]
[80-37] Affiliate 688 is not qualified for commission. 
[80-38] Evaluating #9865776-688
[80-39] [1,688]
[80-40] Affiliate 688 is not qualified for commission. 
[80-41] Evaluating #9865777-688
[80-42] [1,688]
[80-43] Affiliate 688 is not qualified for commission. 
[80-44] Evaluating #9865778-688
[80-45] [1,688]
[80-46] Affiliate 688 is not qualified for commission. 
[80-47] Evaluating #9865779-688
[80-48] [1,688]
[80-49] Affiliate 688 is not qualified for commission. 
[80-50] Evaluating #9865780-688
[80-51] [1,688]
[80-52] Affiliate 688 is not qualified for commission. 
[80-53] Evaluating #9865781-688
[80-54] [1,688]
[80-55] Affiliate 688 is not qualified for commission. 
[80-56] Evaluating #9865783-688
[80-57] [1,688]
[80-58] Affiliate 688 is not qualified for commission. 
[80-59] Evaluating #9865784-688
[80-60] [1,688]
[80-61] Affiliate 688 is not qualified for commission. 
[80-62] Evaluating #9865786-688
[80-63] [1,688]
[80-64] Affiliate 688 is not qualified for commission. 
[80-65] Evaluating #9865787-688
[80-66] [1,688]
[80-67] Affiliate 688 is not qualified for commission. 
[80-68] Evaluating #9865788-688
[80-69] [1,688]
[80-70] Affiliate 688 is not qualified for commission. 
[80-71] Evaluating #9865790-688
[80-72] [1,688]
[80-73] Affiliate 688 is not qualified for commission. 
[80-74] Evaluating #9865791-688
[80-75] [1,688]
[80-76] Affiliate 688 is not qualified for commission. 
[80-77] Evaluating #9865792-688
[80-78] [1,688]
[80-79] Affiliate 688 is not qualified for commission. 
[80-80] Evaluating #9865793-688
[80-81] [1,688]
[80-82] Affiliate 688 is not qualified for commission. 
[80-83] Evaluating #9865794-688
[80-84] [1,688]
[80-85] Affiliate 688 is not qualified for commission. 
[80-86] Evaluating #9865796-688
[80-87] [1,688]
[80-88] Affiliate 688 is not qualified for commission. 
[80-89] Evaluating #9865797-688
[80-90] [1,688]
[80-91] Affiliate 688 is not qualified for commission. 
[80-92] Evaluating #9865798-688
[80-93] [1,688]
[80-94] Affiliate 688 is not qualified for commission. 
[80-95] Evaluating #9865799-688
[80-96] [1,688]
[80-97] Affiliate 688 is not qualified for commission. 
[80-98] Evaluating #9865800-688
[80-99] [1,688]
[80-100] Affiliate 688 is not qualified for commission. 
[80-101] Evaluating #9865801-688
[80-102] [1,688]
[80-103] Affiliate 688 is not qualified for commission. 
[80-104] Evaluating #9865802-688
[80-105] [1,688]
[80-106] Affiliate 688 is not qualified for commission. 
          
          
          
          
[83-1] Generating CSV reports
          
          
[83-1] Payout Summary: https://office.stg1-opulenza.xyz:81/storage/csv/admin/run_commission/22-personal-sales-bonus-2021-06-01-2021-06-22-payout-summary.csv
[83-2] Payout Details: https://office.stg1-opulenza.xyz:81/storage/csv/admin/run_commission/22-personal-sales-bonus-2021-06-01-2021-06-22-payout-details.csv
[83-3] Done generating CSV reports
