[258-1] {"id":9865592,"userid":466,"sponsorid":1,"purchaser_catid":null,"sponsor_catid":null,"cv":"103.0000"}
[258-2] 466
[258-3] []
[258-4] RANK: null
[258-5] Affiliate 466 is not qualified for commission. 
[258-6] {"id":9865593,"userid":466,"sponsorid":1,"purchaser_catid":null,"sponsor_catid":null,"cv":"117.0000"}
[258-7] 466
[258-8] [466]
[258-9] Affiliate 466 is not qualified for commission. 
[258-10] {"id":9865594,"userid":466,"sponsorid":1,"purchaser_catid":null,"sponsor_catid":null,"cv":"149.0000"}
[258-11] 466
[258-12] [466]
[258-13] Affiliate 466 is not qualified for commission. 
[258-14] {"id":9865595,"userid":466,"sponsorid":1,"purchaser_catid":null,"sponsor_catid":null,"cv":"149.0000"}
[258-15] 466
[258-16] [466]
[258-17] Affiliate 466 is not qualified for commission. 
[258-18] {"id":9865596,"userid":466,"sponsorid":1,"purchaser_catid":null,"sponsor_catid":null,"cv":"149.0000"}
[258-19] 466
[258-20] [466]
[258-21] Affiliate 466 is not qualified for commission. 
[258-22] {"id":9865597,"userid":466,"sponsorid":1,"purchaser_catid":null,"sponsor_catid":null,"cv":"149.0000"}
[258-23] 466
[258-24] [466]
[258-25] Affiliate 466 is not qualified for commission. 
[258-26] {"id":9865598,"userid":466,"sponsorid":1,"purchaser_catid":null,"sponsor_catid":null,"cv":"149.0000"}
[258-27] 466
[258-28] [466]
[258-29] Affiliate 466 is not qualified for commission. 
[258-30] {"id":9865599,"userid":466,"sponsorid":1,"purchaser_catid":null,"sponsor_catid":null,"cv":"308.0000"}
[258-31] 466
[258-32] [466]
[258-33] Affiliate 466 is not qualified for commission. 
[258-34] {"id":9865600,"userid":463,"sponsorid":1,"purchaser_catid":null,"sponsor_catid":null,"cv":"49.0000"}
[258-35] 463
[258-36] [466]
[258-37] RANK: {"id":5,"user_id":463,"volume_id":5,"rank_date":"2021-06-30","rank_id":1,"min_rank_id":null,"paid_as_rank_id":1,"is_active":1,"is_system_active":0,"created_at":"2021-06-22 21:40:04","updated_at":"2021-06-22 21:46:24"}
[258-38] Affiliate 463 is not qualified for commission. 
[258-39] {"id":9865773,"userid":758,"sponsorid":688,"purchaser_catid":15,"sponsor_catid":13,"cv":"188270.0000"}
[258-40] 688
[258-41] [466,463]
[258-42] RANK: {"id":1,"user_id":688,"volume_id":1,"rank_date":"2021-06-30","rank_id":null,"min_rank_id":null,"paid_as_rank_id":1,"is_active":0,"is_system_active":0,"created_at":"2021-06-22 14:03:14","updated_at":"2021-06-22 15:32:07"}
[258-43] Affiliate 688 is not qualified for commission. 
[258-44] {"id":9865774,"userid":757,"sponsorid":688,"purchaser_catid":15,"sponsor_catid":13,"cv":"54639.0000"}
[258-45] 688
[258-46] [466,463,688]
[258-47] Affiliate 688 is not qualified for commission. 
[258-48] {"id":9865775,"userid":761,"sponsorid":688,"purchaser_catid":80362,"sponsor_catid":13,"cv":"34359.0000"}
[258-49] 688
[258-50] [466,463,688]
[258-51] Affiliate 688 is not qualified for commission. 
[258-52] {"id":9865776,"userid":758,"sponsorid":688,"purchaser_catid":15,"sponsor_catid":13,"cv":"181366.0000"}
[258-53] 688
[258-54] [466,463,688]
[258-55] Affiliate 688 is not qualified for commission. 
[258-56] {"id":9865777,"userid":757,"sponsorid":688,"purchaser_catid":15,"sponsor_catid":13,"cv":"120372.0000"}
[258-57] 688
[258-58] [466,463,688]
[258-59] Affiliate 688 is not qualified for commission. 
[258-60] {"id":9865778,"userid":761,"sponsorid":688,"purchaser_catid":80362,"sponsor_catid":13,"cv":"52392.0000"}
[258-61] 688
[258-62] [466,463,688]
[258-63] Affiliate 688 is not qualified for commission. 
[258-64] {"id":9865779,"userid":757,"sponsorid":688,"purchaser_catid":15,"sponsor_catid":13,"cv":"445444.0000"}
[258-65] 688
[258-66] [466,463,688]
[258-67] Affiliate 688 is not qualified for commission. 
[258-68] {"id":9865780,"userid":761,"sponsorid":688,"purchaser_catid":80362,"sponsor_catid":13,"cv":"62859.0000"}
[258-69] 688
[258-70] [466,463,688]
[258-71] Affiliate 688 is not qualified for commission. 
[258-72] {"id":9865781,"userid":761,"sponsorid":688,"purchaser_catid":80362,"sponsor_catid":13,"cv":"365306.0000"}
[258-73] 688
[258-74] [466,463,688]
[258-75] Affiliate 688 is not qualified for commission. 
[258-76] {"id":9865783,"userid":758,"sponsorid":688,"purchaser_catid":15,"sponsor_catid":13,"cv":"255824.0000"}
[258-77] 688
[258-78] [466,463,688]
[258-79] Affiliate 688 is not qualified for commission. 
[258-80] {"id":9865784,"userid":761,"sponsorid":688,"purchaser_catid":80362,"sponsor_catid":13,"cv":"64129.0000"}
[258-81] 688
[258-82] [466,463,688]
[258-83] Affiliate 688 is not qualified for commission. 
[258-84] {"id":9865786,"userid":758,"sponsorid":688,"purchaser_catid":15,"sponsor_catid":13,"cv":"191144.0000"}
[258-85] 688
[258-86] [466,463,688]
[258-87] Affiliate 688 is not qualified for commission. 
[258-88] {"id":9865787,"userid":757,"sponsorid":688,"purchaser_catid":15,"sponsor_catid":13,"cv":"313722.0000"}
[258-89] 688
[258-90] [466,463,688]
[258-91] Affiliate 688 is not qualified for commission. 
[258-92] {"id":9865788,"userid":761,"sponsorid":688,"purchaser_catid":80362,"sponsor_catid":13,"cv":"78706.0000"}
[258-93] 688
[258-94] [466,463,688]
[258-95] Affiliate 688 is not qualified for commission. 
[258-96] {"id":9865790,"userid":757,"sponsorid":688,"purchaser_catid":15,"sponsor_catid":13,"cv":"100537.0000"}
[258-97] 688
[258-98] [466,463,688]
[258-99] Affiliate 688 is not qualified for commission. 
[258-100] {"id":9865791,"userid":757,"sponsorid":688,"purchaser_catid":15,"sponsor_catid":13,"cv":"42684.0000"}
[258-101] 688
[258-102] [466,463,688]
[258-103] Affiliate 688 is not qualified for commission. 
[258-104] {"id":9865792,"userid":758,"sponsorid":688,"purchaser_catid":15,"sponsor_catid":13,"cv":"205977.0000"}
[258-105] 688
[258-106] [466,463,688]
[258-107] Affiliate 688 is not qualified for commission. 
[258-108] {"id":9865793,"userid":761,"sponsorid":688,"purchaser_catid":80362,"sponsor_catid":13,"cv":"211417.0000"}
[258-109] 688
[258-110] [466,463,688]
[258-111] Affiliate 688 is not qualified for commission. 
[258-112] {"id":9865794,"userid":757,"sponsorid":688,"purchaser_catid":15,"sponsor_catid":13,"cv":"177132.0000"}
[258-113] 688
[258-114] [466,463,688]
[258-115] Affiliate 688 is not qualified for commission. 
[258-116] {"id":9865796,"userid":758,"sponsorid":688,"purchaser_catid":15,"sponsor_catid":13,"cv":"215016.0000"}
[258-117] 688
[258-118] [466,463,688]
[258-119] Affiliate 688 is not qualified for commission. 
[258-120] {"id":9865797,"userid":757,"sponsorid":688,"purchaser_catid":15,"sponsor_catid":13,"cv":"168399.0000"}
[258-121] 688
[258-122] [466,463,688]
[258-123] Affiliate 688 is not qualified for commission. 
[258-124] {"id":9865798,"userid":757,"sponsorid":688,"purchaser_catid":15,"sponsor_catid":13,"cv":"270583.0000"}
[258-125] 688
[258-126] [466,463,688]
[258-127] Affiliate 688 is not qualified for commission. 
[258-128] {"id":9865799,"userid":757,"sponsorid":688,"purchaser_catid":15,"sponsor_catid":13,"cv":"86541.0000"}
[258-129] 688
[258-130] [466,463,688]
[258-131] Affiliate 688 is not qualified for commission. 
[258-132] {"id":9865800,"userid":758,"sponsorid":688,"purchaser_catid":15,"sponsor_catid":13,"cv":"52074.0000"}
[258-133] 688
[258-134] [466,463,688]
[258-135] Affiliate 688 is not qualified for commission. 
[258-136] {"id":9865801,"userid":758,"sponsorid":688,"purchaser_catid":15,"sponsor_catid":13,"cv":"332864.0000"}
[258-137] 688
[258-138] [466,463,688]
[258-139] Affiliate 688 is not qualified for commission. 
[258-140] {"id":9865802,"userid":761,"sponsorid":688,"purchaser_catid":80362,"sponsor_catid":13,"cv":"273810.0000"}
[258-141] 688
[258-142] [466,463,688]
[258-143] Affiliate 688 is not qualified for commission. 
          
          
          
          
[261-1] Generating CSV reports
          
          
[261-1] Payout Summary: https://office.stg1-opulenza.xyz:81/storage/csv/admin/run_commission/67-personal-sales-bonus-2021-06-01-2021-06-30-payout-summary.csv
[261-2] Payout Details: https://office.stg1-opulenza.xyz:81/storage/csv/admin/run_commission/67-personal-sales-bonus-2021-06-01-2021-06-30-payout-details.csv
[261-3] Done generating CSV reports
