[242-1] Processing Order ID 0
          
[242-2] Processing Order ID 1
          
[242-3] Processing Order ID 2
          
[242-4] Processing Order ID 3
          
[242-5] Processing Order ID 4
          
[242-6] Processing Order ID 5
          
[242-7] Processing Order ID 6
          
[242-8] Processing Order ID 7
          
[242-9] Processing Order ID 8
          
[242-10] Processing Order ID 9
          
[242-11] Processing Order ID 10
          
[242-12] Processing Order ID 11
          
[242-13] Processing Order ID 12
          
[242-14] Processing Order ID 13
          
[242-15] Processing Order ID 14
          
[242-16] Processing Order ID 15
          
[242-17] Processing Order ID 16
          
[242-18] Processing Order ID 17
          
[242-19] Processing Order ID 18
          
[242-20] Processing Order ID 19
          
[242-21] Processing Order ID 20
          
[242-22] Processing Order ID 21
          
[242-23] Processing Order ID 22
          
[242-24] Processing Order ID 23
          
[242-25] Processing Order ID 24
          
[242-26] Processing Order ID 25
          
[242-27] Processing Order ID 26
          
[242-28] Processing Order ID 27
          
[242-29] Processing Order ID 28
          
[242-30] Processing Order ID 29
          
[242-31] Processing Order ID 30
          
[242-32] Processing Order ID 31
          
[242-33] Processing Order ID 32
          
[242-34] Processing Order ID 33
          
[242-35] Processing Order ID 34
          
[242-36] Processing Order ID 35
          
[242-37] Processing Order ID 36
          
[242-38] Processing Order ID 37
          
[242-39] Processing Order ID 38
          
[242-40] Processing Order ID 39
          
[242-41] Processing Order ID 40
          
[242-42] Processing Order ID 41
          
[242-43] Processing Order ID 42
          
[242-44] Processing Order ID 43
          
[242-45] Processing Order ID 44
          
[242-46] Processing Order ID 45
          
[242-47] Processing Order ID 46
          
[242-48] Processing Order ID 47
          
[242-49] Processing Order ID 48
          
[242-50] Processing Order ID 49
          
          
          
          
          
[245-1] Generating CSV reports
          
          
[245-1] Payout Summary: https://office.stg1-opulenza.xyz:81/storage/csv/admin/run_commission/63-personal-sales-bonus-2021-06-01-2021-06-30-payout-summary.csv
[245-2] Payout Details: https://office.stg1-opulenza.xyz:81/storage/csv/admin/run_commission/63-personal-sales-bonus-2021-06-01-2021-06-30-payout-details.csv
[245-3] Done generating CSV reports
