[230-1] Processing Order ID 0
          
[230-2] Processing Order ID 1
          
[230-3] Processing Order ID 2
          
[230-4] Processing Order ID 3
          
[230-5] Processing Order ID 4
          
[230-6] Processing Order ID 5
          
[230-7] Processing Order ID 6
          
[230-8] Processing Order ID 7
          
[230-9] Processing Order ID 8
          
[230-10] Processing Order ID 9
          
[230-11] Processing Order ID 10
          
[230-12] Processing Order ID 11
          
[230-13] Processing Order ID 12
          
[230-14] Processing Order ID 13
          
[230-15] Processing Order ID 14
          
[230-16] Processing Order ID 15
          
[230-17] Processing Order ID 16
          
[230-18] Processing Order ID 17
          
[230-19] Processing Order ID 18
          
[230-20] Processing Order ID 19
          
[230-21] Processing Order ID 20
          
[230-22] Processing Order ID 21
          
[230-23] Processing Order ID 22
          
[230-24] Processing Order ID 23
          
[230-25] Processing Order ID 24
          
[230-26] Processing Order ID 25
          
[230-27] Processing Order ID 26
          
[230-28] Processing Order ID 27
          
[230-29] Processing Order ID 28
          
[230-30] Processing Order ID 29
          
[230-31] Processing Order ID 30
          
[230-32] Processing Order ID 31
          
[230-33] Processing Order ID 32
          
[230-34] Processing Order ID 33
          
[230-35] Processing Order ID 34
          
[230-36] Processing Order ID 35
          
[230-37] Processing Order ID 36
          
[230-38] Processing Order ID 37
          
[230-39] Processing Order ID 38
          
[230-40] Processing Order ID 39
          
[230-41] Processing Order ID 40
          
[230-42] Processing Order ID 41
          
[230-43] Processing Order ID 42
          
[230-44] Processing Order ID 43
          
[230-45] Processing Order ID 44
          
[230-46] Processing Order ID 45
          
[230-47] Processing Order ID 46
          
[230-48] Processing Order ID 47
          
[230-49] Processing Order ID 48
          
[230-50] Processing Order ID 49
          
          
          
          
          
[233-1] Generating CSV reports
          
          
[233-1] Payout Summary: https://office.stg1-opulenza.xyz:81/storage/csv/admin/run_commission/60-personal-sales-bonus-2021-06-01-2021-06-30-payout-summary.csv
[233-2] Payout Details: https://office.stg1-opulenza.xyz:81/storage/csv/admin/run_commission/60-personal-sales-bonus-2021-06-01-2021-06-30-payout-details.csv
[233-3] Done generating CSV reports
