2021-07-20 21:12:13: {"id":33,"commission_type_id":6,"start_date":"2021-07-20","end_date":"2021-07-20","is_locked":0,"is_running":0,"created_at":"2021-07-20 06:11:50","updated_at":"2021-07-20 06:11:50","locked_at":null}
2021-07-20 21:12:13: Setting last transaction to: 2021-07-20 05:59:27
2021-07-21 00:35:31: {"id":33,"commission_type_id":6,"start_date":"2021-07-20","end_date":"2021-07-20","is_locked":0,"is_running":0,"created_at":"2021-07-20 06:11:50","updated_at":"2021-07-20 06:11:50","locked_at":null}
2021-07-21 00:35:31: No new transaction to generate commission. Exiting...
2021-07-21 00:38:43: {"id":33,"commission_type_id":6,"start_date":"2021-07-20","end_date":"2021-07-20","is_locked":0,"is_running":0,"created_at":"2021-07-20 06:11:50","updated_at":"2021-07-20 06:11:50","locked_at":null}
2021-07-21 00:38:44: Setting last transaction to: 2021-07-20 09:38:39
2021-07-21 00:38:44: Number of qualified sponsor: 0
2021-07-21 00:48:04: {"id":33,"commission_type_id":6,"start_date":"2021-07-20","end_date":"2021-07-20","is_locked":0,"is_running":0,"created_at":"2021-07-20 06:11:50","updated_at":"2021-07-20 06:11:50","locked_at":null}
2021-07-21 00:48:04: Setting last transaction to: 2021-07-20 09:45:56
2021-07-21 00:48:04: Number of qualified sponsor: 0
2021-07-21 00:50:56: {"id":33,"commission_type_id":6,"start_date":"2021-07-20","end_date":"2021-07-20","is_locked":0,"is_running":0,"created_at":"2021-07-20 06:11:50","updated_at":"2021-07-20 06:11:50","locked_at":null}
2021-07-21 00:50:56: No new transaction to generate commission. Exiting...
2021-07-21 00:56:20: {"id":33,"commission_type_id":6,"start_date":"2021-07-20","end_date":"2021-07-20","is_locked":0,"is_running":0,"created_at":"2021-07-20 06:11:50","updated_at":"2021-07-20 06:11:50","locked_at":null}
2021-07-21 00:56:20: Setting last transaction to: 2021-07-20 09:55:09
2021-07-21 00:56:20: Number of qualified sponsor: 0
2021-07-21 00:58:35: {"id":33,"commission_type_id":6,"start_date":"2021-07-20","end_date":"2021-07-20","is_locked":0,"is_running":0,"created_at":"2021-07-20 06:11:50","updated_at":"2021-07-20 06:11:50","locked_at":null}
2021-07-21 00:58:35: Setting last transaction to: 2021-07-20 09:58:312021-07-21 01:29:34: {"id":33,"commission_type_id":6,"start_date":"2021-07-20","end_date":"2021-07-20","is_locked":0,"is_running":0,"created_at":"2021-07-20 06:11:50","updated_at":"2021-07-20 06:11:50","locked_at":null}
2021-07-21 01:29:34: No new transaction to generate commission. Exiting...
2021-07-21 01:31:33: {"id":33,"commission_type_id":6,"start_date":"2021-07-20","end_date":"2021-07-20","is_locked":0,"is_running":0,"created_at":"2021-07-20 06:11:50","updated_at":"2021-07-20 06:11:50","locked_at":null}
2021-07-21 01:31:33: Setting last transaction to: 2021-07-20 10:31:22
2021-07-21 01:31:33: Number of qualified sponsor: 0
