[2021-07-21 08:42:23] production.ERROR: exception 'PDOException' with message 'SQLSTATE[42S22]: Column not found: 1054 Unknown column 'dv.referral_points' in 'field list'' in /home/nxm/rep/cb/olz/vendor/laravel/framework/src/Illuminate/Database/Connection.php:319
Stack trace:
#0 /home/nxm/rep/cb/olz/vendor/laravel/framework/src/Illuminate/Database/Connection.php(319): PDO->prepare('select \n       ...')
#1 /home/nxm/rep/cb/olz/vendor/laravel/framework/src/Illuminate/Database/Connection.php(640): Illuminate\Database\Connection->Illuminate\Database\{closure}('select \n       ...', Array)
#2 /home/nxm/rep/cb/olz/vendor/laravel/framework/src/Illuminate/Database/Connection.php(607): Illuminate\Database\Connection->runQueryCallback('select \n       ...', Array, Object(Closure))
#3 /home/nxm/rep/cb/olz/vendor/laravel/framework/src/Illuminate/Database/Connection.php(326): Illuminate\Database\Connection->run('select \n       ...', Array, Object(Closure))
#4 /home/nxm/rep/cb/olz/vendor/laravel/framework/src/Illuminate/Database/Query/Builder.php(1706): Illuminate\Database\Connection->select('select \n       ...', Array, true)
#5 /home/nxm/rep/cb/olz/vendor/laravel/framework/src/Illuminate/Database/Query/Builder.php(1690): Illuminate\Database\Query\Builder->runSelect()
#6 /home/nxm/rep/cb/olz/commissions/Member/RankHistory.php(86): Illuminate\Database\Query\Builder->get()
#7 /home/nxm/rep/cb/olz/app/Http/Controllers/Admin/RankHistoryController.php(25): Commissions\Member\RankHistory->getEnrollment(Array)
#8 [internal function]: App\Http\Controllers\Admin\RankHistoryController->enrollment(Object(Illuminate\Http\Request))
#9 /home/nxm/rep/cb/olz/vendor/laravel/framework/src/Illuminate/Routing/Controller.php(55): call_user_func_array(Array, Array)
#10 /home/nxm/rep/cb/olz/vendor/laravel/framework/src/Illuminate/Routing/ControllerDispatcher.php(44): Illuminate\Routing\Controller->callAction('enrollment', Array)
#11 /home/nxm/rep/cb/olz/vendor/laravel/framework/src/Illuminate/Routing/Route.php(204): Illuminate\Routing\ControllerDispatcher->dispatch(Object(Illuminate\Routing\Route), Object(App\Http\Controllers\Admin\RankHistoryController), 'enrollment')
#12 /home/nxm/rep/cb/olz/vendor/laravel/framework/src/Illuminate/Routing/Route.php(160): Illuminate\Routing\Route->runController()
#13 /home/nxm/rep/cb/olz/vendor/laravel/framework/src/Illuminate/Routing/Router.php(572): Illuminate\Routing\Route->run()
#14 /home/nxm/rep/cb/olz/vendor/laravel/framework/src/Illuminate/Routing/Pipeline.php(30): Illuminate\Routing\Router->Illuminate\Routing\{closure}(Object(Illuminate\Http\Request))
#15 /home/nxm/rep/cb/olz/app/Http/Middleware/JWTAuthenticatedLevelId.php(45): Illuminate\Routing\Pipeline->Illuminate\Routing\{closure}(Object(Illuminate\Http\Request))
#16 /home/nxm/rep/cb/olz/vendor/laravel/framework/src/Illuminate/Pipeline/Pipeline.php(148): App\Http\Middleware\JWTAuthenticatedLevelId->handle(Object(Illuminate\Http\Request), Object(Closure), '1', '6')
#17 /home/nxm/rep/cb/olz/vendor/laravel/framework/src/Illuminate/Routing/Pipeline.php(53): Illuminate\Pipeline\Pipeline->Illuminate\Pipeline\{closure}(Object(Illuminate\Http\Request))
#18 /home/nxm/rep/cb/olz/vendor/laravel/framework/src/Illuminate/Routing/Middleware/SubstituteBindings.php(41): Illuminate\Routing\Pipeline->Illuminate\Routing\{closure}(Object(Illuminate\Http\Request))
#19 /home/nxm/rep/cb/olz/vendor/laravel/framework/src/Illuminate/Pipeline/Pipeline.php(148): Illuminate\Routing\Middleware\SubstituteBindings->handle(Object(Illuminate\Http\Request), Object(Closure))
#20 /home/nxm/rep/cb/olz/vendor/laravel/framework/src/Illuminate/Routing/Pipeline.php(53): Illuminate\Pipeline\Pipeline->Illuminate\Pipeline\{closure}(Object(Illuminate\Http\Request))
#21 /home/nxm/rep/cb/olz/vendor/laravel/framework/src/Illuminate/View/Middleware/ShareErrorsFromSession.php(49): Illuminate\Routing\Pipeline->Illuminate\Routing\{closure}(Object(Illuminate\Http\Request))
#22 /home/nxm/rep/cb/olz/vendor/laravel/framework/src/Illuminate/Pipeline/Pipeline.php(148): Illuminate\View\Middleware\ShareErrorsFromSession->handle(Object(Illuminate\Http\Request), Object(Closure))
#23 /home/nxm/rep/cb/olz/vendor/laravel/framework/src/Illuminate/Routing/Pipeline.php(53): Illuminate\Pipeline\Pipeline->Illuminate\Pipeline\{closure}(Object(Illuminate\Http\Request))
#24 /home/nxm/rep/cb/olz/vendor/laravel/framework/src/Illuminate/Session/Middleware/StartSession.php(64): Illuminate\Routing\Pipeline->Illuminate\Routing\{closure}(Object(Illuminate\Http\Request))
#25 /home/nxm/rep/cb/olz/vendor/laravel/framework/src/Illuminate/Pipeline/Pipeline.php(148): Illuminate\Session\Middleware\StartSession->handle(Object(Illuminate\Http\Request), Object(Closure))
#26 /home/nxm/rep/cb/olz/vendor/laravel/framework/src/Illuminate/Routing/Pipeline.php(53): Illuminate\Pipeline\Pipeline->Illuminate\Pipeline\{closure}(Object(Illuminate\Http\Request))
#27 /home/nxm/rep/cb/olz/vendor/laravel/framework/src/Illuminate/Cookie/Middleware/AddQueuedCookiesToResponse.php(37): Illuminate\Routing\Pipeline->Illuminate\Routing\{closure}(Object(Illuminate\Http\Request))
#28 /home/nxm/rep/cb/olz/vendor/laravel/framework/src/Illuminate/Pipeline/Pipeline.php(148): Illuminate\Cookie\Middleware\AddQueuedCookiesToResponse->handle(Object(Illuminate\Http\Request), Object(Closure))
#29 /home/nxm/rep/cb/olz/vendor/laravel/framework/src/Illuminate/Routing/Pipeline.php(53): Illuminate\Pipeline\Pipeline->Illuminate\Pipeline\{closure}(Object(Illuminate\Http\Request))
#30 /home/nxm/rep/cb/olz/vendor/laravel/framework/src/Illuminate/Cookie/Middleware/EncryptCookies.php(59): Illuminate\Routing\Pipeline->Illuminate\Routing\{closure}(Object(Illuminate\Http\Request))
#31 /home/nxm/rep/cb/olz/vendor/laravel/framework/src/Illuminate/Pipeline/Pipeline.php(148): Illuminate\Cookie\Middleware\EncryptCookies->handle(Object(Illuminate\Http\Request), Object(Closure))
#32 /home/nxm/rep/cb/olz/vendor/laravel/framework/src/Illuminate/Routing/Pipeline.php(53): Illuminate\Pipeline\Pipeline->Illuminate\Pipeline\{closure}(Object(Illuminate\Http\Request))
#33 /home/nxm/rep/cb/olz/vendor/laravel/framework/src/Illuminate/Pipeline/Pipeline.php(102): Illuminate\Routing\Pipeline->Illuminate\Routing\{closure}(Object(Illuminate\Http\Request))
#34 /home/nxm/rep/cb/olz/vendor/laravel/framework/src/Illuminate/Routing/Router.php(574): Illuminate\Pipeline\Pipeline->then(Object(Closure))
#35 /home/nxm/rep/cb/olz/vendor/laravel/framework/src/Illuminate/Routing/Router.php(533): Illuminate\Routing\Router->runRouteWithinStack(Object(Illuminate\Routing\Route), Object(Illuminate\Http\Request))
#36 /home/nxm/rep/cb/olz/vendor/laravel/framework/src/Illuminate/Routing/Router.php(511): Illuminate\Routing\Router->dispatchToRoute(Object(Illuminate\Http\Request))
#37 /home/nxm/rep/cb/olz/vendor/laravel/framework/src/Illuminate/Foundation/Http/Kernel.php(176): Illuminate\Routing\Router->dispatch(Object(Illuminate\Http\Request))
#38 /home/nxm/rep/cb/olz/vendor/laravel/framework/src/Illuminate/Routing/Pipeline.php(30): Illuminate\Foundation\Http\Kernel->Illuminate\Foundation\Http\{closure}(Object(Illuminate\Http\Request))
#39 /home/nxm/rep/cb/olz/vendor/barryvdh/laravel-cors/src/HandleCors.php(58): Illuminate\Routing\Pipeline->Illuminate\Routing\{closure}(Object(Illuminate\Http\Request))
#40 /home/nxm/rep/cb/olz/vendor/laravel/framework/src/Illuminate/Pipeline/Pipeline.php(148): Barryvdh\Cors\HandleCors->handle(Object(Illuminate\Http\Request), Object(Closure))
#41 /home/nxm/rep/cb/olz/vendor/laravel/framework/src/Illuminate/Routing/Pipeline.php(53): Illuminate\Pipeline\Pipeline->Illuminate\Pipeline\{closure}(Object(Illuminate\Http\Request))
#42 /home/nxm/rep/cb/olz/vendor/laravel/framework/src/Illuminate/Foundation/Http/Middleware/TransformsRequest.php(30): Illuminate\Routing\Pipeline->Illuminate\Routing\{closure}(Object(Illuminate\Http\Request))
#43 /home/nxm/rep/cb/olz/vendor/laravel/framework/src/Illuminate/Pipeline/Pipeline.php(148): Illuminate\Foundation\Http\Middleware\TransformsRequest->handle(Object(Illuminate\Http\Request), Object(Closure))
#44 /home/nxm/rep/cb/olz/vendor/laravel/framework/src/Illuminate/Routing/Pipeline.php(53): Illuminate\Pipeline\Pipeline->Illuminate\Pipeline\{closure}(Object(Illuminate\Http\Request))
#45 /home/nxm/rep/cb/olz/vendor/laravel/framework/src/Illuminate/Foundation/Http/Middleware/TransformsRequest.php(30): Illuminate\Routing\Pipeline->Illuminate\Routing\{closure}(Object(Illuminate\Http\Request))
#46 /home/nxm/rep/cb/olz/vendor/laravel/framework/src/Illuminate/Pipeline/Pipeline.php(148): Illuminate\Foundation\Http\Middleware\TransformsRequest->handle(Object(Illuminate\Http\Request), Object(Closure))
#47 /home/nxm/rep/cb/olz/vendor/laravel/framework/src/Illuminate/Routing/Pipeline.php(53): Illuminate\Pipeline\Pipeline->Illuminate\Pipeline\{closure}(Object(Illuminate\Http\Request))
#48 /home/nxm/rep/cb/olz/vendor/laravel/framework/src/Illuminate/Foundation/Http/Middleware/ValidatePostSize.php(27): Illuminate\Routing\Pipeline->Illuminate\Routing\{closure}(Object(Illuminate\Http\Request))
#49 /home/nxm/rep/cb/olz/vendor/laravel/framework/src/Illuminate/Pipeline/Pipeline.php(148): Illuminate\Foundation\Http\Middleware\ValidatePostSize->handle(Object(Illuminate\Http\Request), Object(Closure))
#50 /home/nxm/rep/cb/olz/vendor/laravel/framework/src/Illuminate/Routing/Pipeline.php(53): Illuminate\Pipeline\Pipeline->Illuminate\Pipeline\{closure}(Object(Illuminate\Http\Request))
#51 /home/nxm/rep/cb/olz/vendor/laravel/framework/src/Illuminate/Foundation/Http/Middleware/CheckForMaintenanceMode.php(46): Illuminate\Routing\Pipeline->Illuminate\Routing\{closure}(Object(Illuminate\Http\Request))
#52 /home/nxm/rep/cb/olz/vendor/laravel/framework/src/Illuminate/Pipeline/Pipeline.php(148): Illuminate\Foundation\Http\Middleware\CheckForMaintenanceMode->handle(Object(Illuminate\Http\Request), Object(Closure))
#53 /home/nxm/rep/cb/olz/vendor/laravel/framework/src/Illuminate/Routing/Pipeline.php(53): Illuminate\Pipeline\Pipeline->Illuminate\Pipeline\{closure}(Object(Illuminate\Http\Request))
#54 /home/nxm/rep/cb/olz/vendor/laravel/framework/src/Illuminate/Pipeline/Pipeline.php(102): Illuminate\Routing\Pipeline->Illuminate\Routing\{closure}(Object(Illuminate\Http\Request))
#55 /home/nxm/rep/cb/olz/vendor/laravel/framework/src/Illuminate/Foundation/Http/Kernel.php(151): Illuminate\Pipeline\Pipeline->then(Object(Closure))
#56 /home/nxm/rep/cb/olz/vendor/laravel/framework/src/Illuminate/Foundation/Http/Kernel.php(116): Illuminate\Foundation\Http\Kernel->sendRequestThroughRouter(Object(Illuminate\Http\Request))
#57 /home/nxm/rep/cb/olz/public/index.php(54): Illuminate\Foundation\Http\Kernel->handle(Object(Illuminate\Http\Request))
#58 {main}

Next exception 'Illuminate\Database\QueryException' with message 'SQLSTATE[42S22]: Column not found: 1054 Unknown column 'dv.referral_points' in 'field list' (SQL: select 
                dv.user_id,
                CONCAT(u.fname, ' ', u.lname) AS member,
                dr.rank_id,
                cr.name AS current_rank,
                dr.paid_as_rank_id,
                pr.name AS paid_as_rank,
                dv.referral_points,
                dv.coach_points,
                dv.organization_points,
                dv.team_group_points,
                dv.preferred_customer_count,
                dv.influencer_count,
                dv.silver_influencer_count,
                dv.gold_influencer_count,
                dv.platinum_influencer_count,
                dv.diamond_influencer_count,
                dr.is_active,
                dv.level - 0 AS level,
                u.sponsorid AS sponsor_id,
                CONCAT(s.fname, ' ', s.lname) AS sponsor,
                dr.rank_date
             from `cm_daily_volumes` as `dv` inner join `cm_daily_ranks` as `dr` on `dr`.`volume_id` = `dv`.`id` inner join `users` as `u` on `u`.`id` = `dr`.`user_id` inner join `cm_ranks` as `cr` on `cr`.`id` = `dr`.`rank_id` inner join `cm_ranks` as `pr` on `pr`.`id` = `dr`.`paid_as_rank_id` left join `users` as `s` on `s`.`id` = `u`.`sponsorid` where `dv`.`volume_date` = 2021-07-21 order by `user_id` asc, `dv`.`id` asc limit 10)' in /home/nxm/rep/cb/olz/vendor/laravel/framework/src/Illuminate/Database/Connection.php:647
Stack trace:
#0 /home/nxm/rep/cb/olz/vendor/laravel/framework/src/Illuminate/Database/Connection.php(607): Illuminate\Database\Connection->runQueryCallback('select \n       ...', Array, Object(Closure))
#1 /home/nxm/rep/cb/olz/vendor/laravel/framework/src/Illuminate/Database/Connection.php(326): Illuminate\Database\Connection->run('select \n       ...', Array, Object(Closure))
#2 /home/nxm/rep/cb/olz/vendor/laravel/framework/src/Illuminate/Database/Query/Builder.php(1706): Illuminate\Database\Connection->select('select \n       ...', Array, true)
#3 /home/nxm/rep/cb/olz/vendor/laravel/framework/src/Illuminate/Database/Query/Builder.php(1690): Illuminate\Database\Query\Builder->runSelect()
#4 /home/nxm/rep/cb/olz/commissions/Member/RankHistory.php(86): Illuminate\Database\Query\Builder->get()
#5 /home/nxm/rep/cb/olz/app/Http/Controllers/Admin/RankHistoryController.php(25): Commissions\Member\RankHistory->getEnrollment(Array)
#6 [internal function]: App\Http\Controllers\Admin\RankHistoryController->enrollment(Object(Illuminate\Http\Request))
#7 /home/nxm/rep/cb/olz/vendor/laravel/framework/src/Illuminate/Routing/Controller.php(55): call_user_func_array(Array, Array)
#8 /home/nxm/rep/cb/olz/vendor/laravel/framework/src/Illuminate/Routing/ControllerDispatcher.php(44): Illuminate\Routing\Controller->callAction('enrollment', Array)
#9 /home/nxm/rep/cb/olz/vendor/laravel/framework/src/Illuminate/Routing/Route.php(204): Illuminate\Routing\ControllerDispatcher->dispatch(Object(Illuminate\Routing\Route), Object(App\Http\Controllers\Admin\RankHistoryController), 'enrollment')
#10 /home/nxm/rep/cb/olz/vendor/laravel/framework/src/Illuminate/Routing/Route.php(160): Illuminate\Routing\Route->runController()
#11 /home/nxm/rep/cb/olz/vendor/laravel/framework/src/Illuminate/Routing/Router.php(572): Illuminate\Routing\Route->run()
#12 /home/nxm/rep/cb/olz/vendor/laravel/framework/src/Illuminate/Routing/Pipeline.php(30): Illuminate\Routing\Router->Illuminate\Routing\{closure}(Object(Illuminate\Http\Request))
#13 /home/nxm/rep/cb/olz/app/Http/Middleware/JWTAuthenticatedLevelId.php(45): Illuminate\Routing\Pipeline->Illuminate\Routing\{closure}(Object(Illuminate\Http\Request))
#14 /home/nxm/rep/cb/olz/vendor/laravel/framework/src/Illuminate/Pipeline/Pipeline.php(148): App\Http\Middleware\JWTAuthenticatedLevelId->handle(Object(Illuminate\Http\Request), Object(Closure), '1', '6')
#15 /home/nxm/rep/cb/olz/vendor/laravel/framework/src/Illuminate/Routing/Pipeline.php(53): Illuminate\Pipeline\Pipeline->Illuminate\Pipeline\{closure}(Object(Illuminate\Http\Request))
#16 /home/nxm/rep/cb/olz/vendor/laravel/framework/src/Illuminate/Routing/Middleware/SubstituteBindings.php(41): Illuminate\Routing\Pipeline->Illuminate\Routing\{closure}(Object(Illuminate\Http\Request))
#17 /home/nxm/rep/cb/olz/vendor/laravel/framework/src/Illuminate/Pipeline/Pipeline.php(148): Illuminate\Routing\Middleware\SubstituteBindings->handle(Object(Illuminate\Http\Request), Object(Closure))
#18 /home/nxm/rep/cb/olz/vendor/laravel/framework/src/Illuminate/Routing/Pipeline.php(53): Illuminate\Pipeline\Pipeline->Illuminate\Pipeline\{closure}(Object(Illuminate\Http\Request))
#19 /home/nxm/rep/cb/olz/vendor/laravel/framework/src/Illuminate/View/Middleware/ShareErrorsFromSession.php(49): Illuminate\Routing\Pipeline->Illuminate\Routing\{closure}(Object(Illuminate\Http\Request))
#20 /home/nxm/rep/cb/olz/vendor/laravel/framework/src/Illuminate/Pipeline/Pipeline.php(148): Illuminate\View\Middleware\ShareErrorsFromSession->handle(Object(Illuminate\Http\Request), Object(Closure))
#21 /home/nxm/rep/cb/olz/vendor/laravel/framework/src/Illuminate/Routing/Pipeline.php(53): Illuminate\Pipeline\Pipeline->Illuminate\Pipeline\{closure}(Object(Illuminate\Http\Request))
#22 /home/nxm/rep/cb/olz/vendor/laravel/framework/src/Illuminate/Session/Middleware/StartSession.php(64): Illuminate\Routing\Pipeline->Illuminate\Routing\{closure}(Object(Illuminate\Http\Request))
#23 /home/nxm/rep/cb/olz/vendor/laravel/framework/src/Illuminate/Pipeline/Pipeline.php(148): Illuminate\Session\Middleware\StartSession->handle(Object(Illuminate\Http\Request), Object(Closure))
#24 /home/nxm/rep/cb/olz/vendor/laravel/framework/src/Illuminate/Routing/Pipeline.php(53): Illuminate\Pipeline\Pipeline->Illuminate\Pipeline\{closure}(Object(Illuminate\Http\Request))
#25 /home/nxm/rep/cb/olz/vendor/laravel/framework/src/Illuminate/Cookie/Middleware/AddQueuedCookiesToResponse.php(37): Illuminate\Routing\Pipeline->Illuminate\Routing\{closure}(Object(Illuminate\Http\Request))
#26 /home/nxm/rep/cb/olz/vendor/laravel/framework/src/Illuminate/Pipeline/Pipeline.php(148): Illuminate\Cookie\Middleware\AddQueuedCookiesToResponse->handle(Object(Illuminate\Http\Request), Object(Closure))
#27 /home/nxm/rep/cb/olz/vendor/laravel/framework/src/Illuminate/Routing/Pipeline.php(53): Illuminate\Pipeline\Pipeline->Illuminate\Pipeline\{closure}(Object(Illuminate\Http\Request))
#28 /home/nxm/rep/cb/olz/vendor/laravel/framework/src/Illuminate/Cookie/Middleware/EncryptCookies.php(59): Illuminate\Routing\Pipeline->Illuminate\Routing\{closure}(Object(Illuminate\Http\Request))
#29 /home/nxm/rep/cb/olz/vendor/laravel/framework/src/Illuminate/Pipeline/Pipeline.php(148): Illuminate\Cookie\Middleware\EncryptCookies->handle(Object(Illuminate\Http\Request), Object(Closure))
#30 /home/nxm/rep/cb/olz/vendor/laravel/framework/src/Illuminate/Routing/Pipeline.php(53): Illuminate\Pipeline\Pipeline->Illuminate\Pipeline\{closure}(Object(Illuminate\Http\Request))
#31 /home/nxm/rep/cb/olz/vendor/laravel/framework/src/Illuminate/Pipeline/Pipeline.php(102): Illuminate\Routing\Pipeline->Illuminate\Routing\{closure}(Object(Illuminate\Http\Request))
#32 /home/nxm/rep/cb/olz/vendor/laravel/framework/src/Illuminate/Routing/Router.php(574): Illuminate\Pipeline\Pipeline->then(Object(Closure))
#33 /home/nxm/rep/cb/olz/vendor/laravel/framework/src/Illuminate/Routing/Router.php(533): Illuminate\Routing\Router->runRouteWithinStack(Object(Illuminate\Routing\Route), Object(Illuminate\Http\Request))
#34 /home/nxm/rep/cb/olz/vendor/laravel/framework/src/Illuminate/Routing/Router.php(511): Illuminate\Routing\Router->dispatchToRoute(Object(Illuminate\Http\Request))
#35 /home/nxm/rep/cb/olz/vendor/laravel/framework/src/Illuminate/Foundation/Http/Kernel.php(176): Illuminate\Routing\Router->dispatch(Object(Illuminate\Http\Request))
#36 /home/nxm/rep/cb/olz/vendor/laravel/framework/src/Illuminate/Routing/Pipeline.php(30): Illuminate\Foundation\Http\Kernel->Illuminate\Foundation\Http\{closure}(Object(Illuminate\Http\Request))
#37 /home/nxm/rep/cb/olz/vendor/barryvdh/laravel-cors/src/HandleCors.php(58): Illuminate\Routing\Pipeline->Illuminate\Routing\{closure}(Object(Illuminate\Http\Request))
#38 /home/nxm/rep/cb/olz/vendor/laravel/framework/src/Illuminate/Pipeline/Pipeline.php(148): Barryvdh\Cors\HandleCors->handle(Object(Illuminate\Http\Request), Object(Closure))
#39 /home/nxm/rep/cb/olz/vendor/laravel/framework/src/Illuminate/Routing/Pipeline.php(53): Illuminate\Pipeline\Pipeline->Illuminate\Pipeline\{closure}(Object(Illuminate\Http\Request))
#40 /home/nxm/rep/cb/olz/vendor/laravel/framework/src/Illuminate/Foundation/Http/Middleware/TransformsRequest.php(30): Illuminate\Routing\Pipeline->Illuminate\Routing\{closure}(Object(Illuminate\Http\Request))
#41 /home/nxm/rep/cb/olz/vendor/laravel/framework/src/Illuminate/Pipeline/Pipeline.php(148): Illuminate\Foundation\Http\Middleware\TransformsRequest->handle(Object(Illuminate\Http\Request), Object(Closure))
#42 /home/nxm/rep/cb/olz/vendor/laravel/framework/src/Illuminate/Routing/Pipeline.php(53): Illuminate\Pipeline\Pipeline->Illuminate\Pipeline\{closure}(Object(Illuminate\Http\Request))
#43 /home/nxm/rep/cb/olz/vendor/laravel/framework/src/Illuminate/Foundation/Http/Middleware/TransformsRequest.php(30): Illuminate\Routing\Pipeline->Illuminate\Routing\{closure}(Object(Illuminate\Http\Request))
#44 /home/nxm/rep/cb/olz/vendor/laravel/framework/src/Illuminate/Pipeline/Pipeline.php(148): Illuminate\Foundation\Http\Middleware\TransformsRequest->handle(Object(Illuminate\Http\Request), Object(Closure))
#45 /home/nxm/rep/cb/olz/vendor/laravel/framework/src/Illuminate/Routing/Pipeline.php(53): Illuminate\Pipeline\Pipeline->Illuminate\Pipeline\{closure}(Object(Illuminate\Http\Request))
#46 /home/nxm/rep/cb/olz/vendor/laravel/framework/src/Illuminate/Foundation/Http/Middleware/ValidatePostSize.php(27): Illuminate\Routing\Pipeline->Illuminate\Routing\{closure}(Object(Illuminate\Http\Request))
#47 /home/nxm/rep/cb/olz/vendor/laravel/framework/src/Illuminate/Pipeline/Pipeline.php(148): Illuminate\Foundation\Http\Middleware\ValidatePostSize->handle(Object(Illuminate\Http\Request), Object(Closure))
#48 /home/nxm/rep/cb/olz/vendor/laravel/framework/src/Illuminate/Routing/Pipeline.php(53): Illuminate\Pipeline\Pipeline->Illuminate\Pipeline\{closure}(Object(Illuminate\Http\Request))
#49 /home/nxm/rep/cb/olz/vendor/laravel/framework/src/Illuminate/Foundation/Http/Middleware/CheckForMaintenanceMode.php(46): Illuminate\Routing\Pipeline->Illuminate\Routing\{closure}(Object(Illuminate\Http\Request))
#50 /home/nxm/rep/cb/olz/vendor/laravel/framework/src/Illuminate/Pipeline/Pipeline.php(148): Illuminate\Foundation\Http\Middleware\CheckForMaintenanceMode->handle(Object(Illuminate\Http\Request), Object(Closure))
#51 /home/nxm/rep/cb/olz/vendor/laravel/framework/src/Illuminate/Routing/Pipeline.php(53): Illuminate\Pipeline\Pipeline->Illuminate\Pipeline\{closure}(Object(Illuminate\Http\Request))
#52 /home/nxm/rep/cb/olz/vendor/laravel/framework/src/Illuminate/Pipeline/Pipeline.php(102): Illuminate\Routing\Pipeline->Illuminate\Routing\{closure}(Object(Illuminate\Http\Request))
#53 /home/nxm/rep/cb/olz/vendor/laravel/framework/src/Illuminate/Foundation/Http/Kernel.php(151): Illuminate\Pipeline\Pipeline->then(Object(Closure))
#54 /home/nxm/rep/cb/olz/vendor/laravel/framework/src/Illuminate/Foundation/Http/Kernel.php(116): Illuminate\Foundation\Http\Kernel->sendRequestThroughRouter(Object(Illuminate\Http\Request))
#55 /home/nxm/rep/cb/olz/public/index.php(54): Illuminate\Foundation\Http\Kernel->handle(Object(Illuminate\Http\Request))
#56 {main}  
[2021-07-21 12:05:18] production.ERROR: exception 'PDOException' with message 'SQLSTATE[42S22]: Column not found: 1054 Unknown column 'dv.preferred_customer_count' in 'field list'' in /home/nxm/rep/cb/olz/commissions/Member/Dashboard.php:106
Stack trace:
#0 /home/nxm/rep/cb/olz/commissions/Member/Dashboard.php(106): PDO->prepare('\n            SE...')
#1 /home/nxm/rep/cb/olz/app/Http/Controllers/Member/DashboardController.php(23): Commissions\Member\Dashboard->getCurrentRankDetails(20)
#2 [internal function]: App\Http\Controllers\Member\DashboardController->currentRankDetails(Object(Illuminate\Http\Request))
#3 /home/nxm/rep/cb/olz/vendor/laravel/framework/src/Illuminate/Routing/Controller.php(55): call_user_func_array(Array, Array)
#4 /home/nxm/rep/cb/olz/vendor/laravel/framework/src/Illuminate/Routing/ControllerDispatcher.php(44): Illuminate\Routing\Controller->callAction('currentRankDeta...', Array)
#5 /home/nxm/rep/cb/olz/vendor/laravel/framework/src/Illuminate/Routing/Route.php(204): Illuminate\Routing\ControllerDispatcher->dispatch(Object(Illuminate\Routing\Route), Object(App\Http\Controllers\Member\DashboardController), 'currentRankDeta...')
#6 /home/nxm/rep/cb/olz/vendor/laravel/framework/src/Illuminate/Routing/Route.php(160): Illuminate\Routing\Route->runController()
#7 /home/nxm/rep/cb/olz/vendor/laravel/framework/src/Illuminate/Routing/Router.php(572): Illuminate\Routing\Route->run()
#8 /home/nxm/rep/cb/olz/vendor/laravel/framework/src/Illuminate/Routing/Pipeline.php(30): Illuminate\Routing\Router->Illuminate\Routing\{closure}(Object(Illuminate\Http\Request))
#9 /home/nxm/rep/cb/olz/vendor/tymon/jwt-auth/src/Middleware/GetUserFromToken.php(46): Illuminate\Routing\Pipeline->Illuminate\Routing\{closure}(Object(Illuminate\Http\Request))
#10 /home/nxm/rep/cb/olz/vendor/laravel/framework/src/Illuminate/Pipeline/Pipeline.php(148): Tymon\JWTAuth\Middleware\GetUserFromToken->handle(Object(Illuminate\Http\Request), Object(Closure))
#11 /home/nxm/rep/cb/olz/vendor/laravel/framework/src/Illuminate/Routing/Pipeline.php(53): Illuminate\Pipeline\Pipeline->Illuminate\Pipeline\{closure}(Object(Illuminate\Http\Request))
#12 /home/nxm/rep/cb/olz/vendor/laravel/framework/src/Illuminate/Routing/Middleware/SubstituteBindings.php(41): Illuminate\Routing\Pipeline->Illuminate\Routing\{closure}(Object(Illuminate\Http\Request))
#13 /home/nxm/rep/cb/olz/vendor/laravel/framework/src/Illuminate/Pipeline/Pipeline.php(148): Illuminate\Routing\Middleware\SubstituteBindings->handle(Object(Illuminate\Http\Request), Object(Closure))
#14 /home/nxm/rep/cb/olz/vendor/laravel/framework/src/Illuminate/Routing/Pipeline.php(53): Illuminate\Pipeline\Pipeline->Illuminate\Pipeline\{closure}(Object(Illuminate\Http\Request))
#15 /home/nxm/rep/cb/olz/vendor/laravel/framework/src/Illuminate/View/Middleware/ShareErrorsFromSession.php(49): Illuminate\Routing\Pipeline->Illuminate\Routing\{closure}(Object(Illuminate\Http\Request))
#16 /home/nxm/rep/cb/olz/vendor/laravel/framework/src/Illuminate/Pipeline/Pipeline.php(148): Illuminate\View\Middleware\ShareErrorsFromSession->handle(Object(Illuminate\Http\Request), Object(Closure))
#17 /home/nxm/rep/cb/olz/vendor/laravel/framework/src/Illuminate/Routing/Pipeline.php(53): Illuminate\Pipeline\Pipeline->Illuminate\Pipeline\{closure}(Object(Illuminate\Http\Request))
#18 /home/nxm/rep/cb/olz/vendor/laravel/framework/src/Illuminate/Session/Middleware/StartSession.php(64): Illuminate\Routing\Pipeline->Illuminate\Routing\{closure}(Object(Illuminate\Http\Request))
#19 /home/nxm/rep/cb/olz/vendor/laravel/framework/src/Illuminate/Pipeline/Pipeline.php(148): Illuminate\Session\Middleware\StartSession->handle(Object(Illuminate\Http\Request), Object(Closure))
#20 /home/nxm/rep/cb/olz/vendor/laravel/framework/src/Illuminate/Routing/Pipeline.php(53): Illuminate\Pipeline\Pipeline->Illuminate\Pipeline\{closure}(Object(Illuminate\Http\Request))
#21 /home/nxm/rep/cb/olz/vendor/laravel/framework/src/Illuminate/Cookie/Middleware/AddQueuedCookiesToResponse.php(37): Illuminate\Routing\Pipeline->Illuminate\Routing\{closure}(Object(Illuminate\Http\Request))
#22 /home/nxm/rep/cb/olz/vendor/laravel/framework/src/Illuminate/Pipeline/Pipeline.php(148): Illuminate\Cookie\Middleware\AddQueuedCookiesToResponse->handle(Object(Illuminate\Http\Request), Object(Closure))
#23 /home/nxm/rep/cb/olz/vendor/laravel/framework/src/Illuminate/Routing/Pipeline.php(53): Illuminate\Pipeline\Pipeline->Illuminate\Pipeline\{closure}(Object(Illuminate\Http\Request))
#24 /home/nxm/rep/cb/olz/vendor/laravel/framework/src/Illuminate/Cookie/Middleware/EncryptCookies.php(59): Illuminate\Routing\Pipeline->Illuminate\Routing\{closure}(Object(Illuminate\Http\Request))
#25 /home/nxm/rep/cb/olz/vendor/laravel/framework/src/Illuminate/Pipeline/Pipeline.php(148): Illuminate\Cookie\Middleware\EncryptCookies->handle(Object(Illuminate\Http\Request), Object(Closure))
#26 /home/nxm/rep/cb/olz/vendor/laravel/framework/src/Illuminate/Routing/Pipeline.php(53): Illuminate\Pipeline\Pipeline->Illuminate\Pipeline\{closure}(Object(Illuminate\Http\Request))
#27 /home/nxm/rep/cb/olz/vendor/laravel/framework/src/Illuminate/Pipeline/Pipeline.php(102): Illuminate\Routing\Pipeline->Illuminate\Routing\{closure}(Object(Illuminate\Http\Request))
#28 /home/nxm/rep/cb/olz/vendor/laravel/framework/src/Illuminate/Routing/Router.php(574): Illuminate\Pipeline\Pipeline->then(Object(Closure))
#29 /home/nxm/rep/cb/olz/vendor/laravel/framework/src/Illuminate/Routing/Router.php(533): Illuminate\Routing\Router->runRouteWithinStack(Object(Illuminate\Routing\Route), Object(Illuminate\Http\Request))
#30 /home/nxm/rep/cb/olz/vendor/laravel/framework/src/Illuminate/Routing/Router.php(511): Illuminate\Routing\Router->dispatchToRoute(Object(Illuminate\Http\Request))
#31 /home/nxm/rep/cb/olz/vendor/laravel/framework/src/Illuminate/Foundation/Http/Kernel.php(176): Illuminate\Routing\Router->dispatch(Object(Illuminate\Http\Request))
#32 /home/nxm/rep/cb/olz/vendor/laravel/framework/src/Illuminate/Routing/Pipeline.php(30): Illuminate\Foundation\Http\Kernel->Illuminate\Foundation\Http\{closure}(Object(Illuminate\Http\Request))
#33 /home/nxm/rep/cb/olz/vendor/barryvdh/laravel-cors/src/HandleCors.php(58): Illuminate\Routing\Pipeline->Illuminate\Routing\{closure}(Object(Illuminate\Http\Request))
#34 /home/nxm/rep/cb/olz/vendor/laravel/framework/src/Illuminate/Pipeline/Pipeline.php(148): Barryvdh\Cors\HandleCors->handle(Object(Illuminate\Http\Request), Object(Closure))
#35 /home/nxm/rep/cb/olz/vendor/laravel/framework/src/Illuminate/Routing/Pipeline.php(53): Illuminate\Pipeline\Pipeline->Illuminate\Pipeline\{closure}(Object(Illuminate\Http\Request))
#36 /home/nxm/rep/cb/olz/vendor/laravel/framework/src/Illuminate/Foundation/Http/Middleware/TransformsRequest.php(30): Illuminate\Routing\Pipeline->Illuminate\Routing\{closure}(Object(Illuminate\Http\Request))
#37 /home/nxm/rep/cb/olz/vendor/laravel/framework/src/Illuminate/Pipeline/Pipeline.php(148): Illuminate\Foundation\Http\Middleware\TransformsRequest->handle(Object(Illuminate\Http\Request), Object(Closure))
#38 /home/nxm/rep/cb/olz/vendor/laravel/framework/src/Illuminate/Routing/Pipeline.php(53): Illuminate\Pipeline\Pipeline->Illuminate\Pipeline\{closure}(Object(Illuminate\Http\Request))
#39 /home/nxm/rep/cb/olz/vendor/laravel/framework/src/Illuminate/Foundation/Http/Middleware/TransformsRequest.php(30): Illuminate\Routing\Pipeline->Illuminate\Routing\{closure}(Object(Illuminate\Http\Request))
#40 /home/nxm/rep/cb/olz/vendor/laravel/framework/src/Illuminate/Pipeline/Pipeline.php(148): Illuminate\Foundation\Http\Middleware\TransformsRequest->handle(Object(Illuminate\Http\Request), Object(Closure))
#41 /home/nxm/rep/cb/olz/vendor/laravel/framework/src/Illuminate/Routing/Pipeline.php(53): Illuminate\Pipeline\Pipeline->Illuminate\Pipeline\{closure}(Object(Illuminate\Http\Request))
#42 /home/nxm/rep/cb/olz/vendor/laravel/framework/src/Illuminate/Foundation/Http/Middleware/ValidatePostSize.php(27): Illuminate\Routing\Pipeline->Illuminate\Routing\{closure}(Object(Illuminate\Http\Request))
#43 /home/nxm/rep/cb/olz/vendor/laravel/framework/src/Illuminate/Pipeline/Pipeline.php(148): Illuminate\Foundation\Http\Middleware\ValidatePostSize->handle(Object(Illuminate\Http\Request), Object(Closure))
#44 /home/nxm/rep/cb/olz/vendor/laravel/framework/src/Illuminate/Routing/Pipeline.php(53): Illuminate\Pipeline\Pipeline->Illuminate\Pipeline\{closure}(Object(Illuminate\Http\Request))
#45 /home/nxm/rep/cb/olz/vendor/laravel/framework/src/Illuminate/Foundation/Http/Middleware/CheckForMaintenanceMode.php(46): Illuminate\Routing\Pipeline->Illuminate\Routing\{closure}(Object(Illuminate\Http\Request))
#46 /home/nxm/rep/cb/olz/vendor/laravel/framework/src/Illuminate/Pipeline/Pipeline.php(148): Illuminate\Foundation\Http\Middleware\CheckForMaintenanceMode->handle(Object(Illuminate\Http\Request), Object(Closure))
#47 /home/nxm/rep/cb/olz/vendor/laravel/framework/src/Illuminate/Routing/Pipeline.php(53): Illuminate\Pipeline\Pipeline->Illuminate\Pipeline\{closure}(Object(Illuminate\Http\Request))
#48 /home/nxm/rep/cb/olz/vendor/laravel/framework/src/Illuminate/Pipeline/Pipeline.php(102): Illuminate\Routing\Pipeline->Illuminate\Routing\{closure}(Object(Illuminate\Http\Request))
#49 /home/nxm/rep/cb/olz/vendor/laravel/framework/src/Illuminate/Foundation/Http/Kernel.php(151): Illuminate\Pipeline\Pipeline->then(Object(Closure))
#50 /home/nxm/rep/cb/olz/vendor/laravel/framework/src/Illuminate/Foundation/Http/Kernel.php(116): Illuminate\Foundation\Http\Kernel->sendRequestThroughRouter(Object(Illuminate\Http\Request))
#51 /home/nxm/rep/cb/olz/public/index.php(54): Illuminate\Foundation\Http\Kernel->handle(Object(Illuminate\Http\Request))
#52 {main}  
[2021-07-21 13:32:28] production.ERROR: exception 'PDOException' with message 'SQLSTATE[42S22]: Column not found: 1054 Unknown column 'dv.preferred_customer_count' in 'field list'' in /home/nxm/rep/cb/olz/commissions/Member/Dashboard.php:106
Stack trace:
#0 /home/nxm/rep/cb/olz/commissions/Member/Dashboard.php(106): PDO->prepare('\n            SE...')
#1 /home/nxm/rep/cb/olz/app/Http/Controllers/Member/DashboardController.php(23): Commissions\Member\Dashboard->getCurrentRankDetails(20)
#2 [internal function]: App\Http\Controllers\Member\DashboardController->currentRankDetails(Object(Illuminate\Http\Request))
#3 /home/nxm/rep/cb/olz/vendor/laravel/framework/src/Illuminate/Routing/Controller.php(55): call_user_func_array(Array, Array)
#4 /home/nxm/rep/cb/olz/vendor/laravel/framework/src/Illuminate/Routing/ControllerDispatcher.php(44): Illuminate\Routing\Controller->callAction('currentRankDeta...', Array)
#5 /home/nxm/rep/cb/olz/vendor/laravel/framework/src/Illuminate/Routing/Route.php(204): Illuminate\Routing\ControllerDispatcher->dispatch(Object(Illuminate\Routing\Route), Object(App\Http\Controllers\Member\DashboardController), 'currentRankDeta...')
#6 /home/nxm/rep/cb/olz/vendor/laravel/framework/src/Illuminate/Routing/Route.php(160): Illuminate\Routing\Route->runController()
#7 /home/nxm/rep/cb/olz/vendor/laravel/framework/src/Illuminate/Routing/Router.php(572): Illuminate\Routing\Route->run()
#8 /home/nxm/rep/cb/olz/vendor/laravel/framework/src/Illuminate/Routing/Pipeline.php(30): Illuminate\Routing\Router->Illuminate\Routing\{closure}(Object(Illuminate\Http\Request))
#9 /home/nxm/rep/cb/olz/vendor/tymon/jwt-auth/src/Middleware/GetUserFromToken.php(46): Illuminate\Routing\Pipeline->Illuminate\Routing\{closure}(Object(Illuminate\Http\Request))
#10 /home/nxm/rep/cb/olz/vendor/laravel/framework/src/Illuminate/Pipeline/Pipeline.php(148): Tymon\JWTAuth\Middleware\GetUserFromToken->handle(Object(Illuminate\Http\Request), Object(Closure))
#11 /home/nxm/rep/cb/olz/vendor/laravel/framework/src/Illuminate/Routing/Pipeline.php(53): Illuminate\Pipeline\Pipeline->Illuminate\Pipeline\{closure}(Object(Illuminate\Http\Request))
#12 /home/nxm/rep/cb/olz/vendor/laravel/framework/src/Illuminate/Routing/Middleware/SubstituteBindings.php(41): Illuminate\Routing\Pipeline->Illuminate\Routing\{closure}(Object(Illuminate\Http\Request))
#13 /home/nxm/rep/cb/olz/vendor/laravel/framework/src/Illuminate/Pipeline/Pipeline.php(148): Illuminate\Routing\Middleware\SubstituteBindings->handle(Object(Illuminate\Http\Request), Object(Closure))
#14 /home/nxm/rep/cb/olz/vendor/laravel/framework/src/Illuminate/Routing/Pipeline.php(53): Illuminate\Pipeline\Pipeline->Illuminate\Pipeline\{closure}(Object(Illuminate\Http\Request))
#15 /home/nxm/rep/cb/olz/vendor/laravel/framework/src/Illuminate/View/Middleware/ShareErrorsFromSession.php(49): Illuminate\Routing\Pipeline->Illuminate\Routing\{closure}(Object(Illuminate\Http\Request))
#16 /home/nxm/rep/cb/olz/vendor/laravel/framework/src/Illuminate/Pipeline/Pipeline.php(148): Illuminate\View\Middleware\ShareErrorsFromSession->handle(Object(Illuminate\Http\Request), Object(Closure))
#17 /home/nxm/rep/cb/olz/vendor/laravel/framework/src/Illuminate/Routing/Pipeline.php(53): Illuminate\Pipeline\Pipeline->Illuminate\Pipeline\{closure}(Object(Illuminate\Http\Request))
#18 /home/nxm/rep/cb/olz/vendor/laravel/framework/src/Illuminate/Session/Middleware/StartSession.php(64): Illuminate\Routing\Pipeline->Illuminate\Routing\{closure}(Object(Illuminate\Http\Request))
#19 /home/nxm/rep/cb/olz/vendor/laravel/framework/src/Illuminate/Pipeline/Pipeline.php(148): Illuminate\Session\Middleware\StartSession->handle(Object(Illuminate\Http\Request), Object(Closure))
#20 /home/nxm/rep/cb/olz/vendor/laravel/framework/src/Illuminate/Routing/Pipeline.php(53): Illuminate\Pipeline\Pipeline->Illuminate\Pipeline\{closure}(Object(Illuminate\Http\Request))
#21 /home/nxm/rep/cb/olz/vendor/laravel/framework/src/Illuminate/Cookie/Middleware/AddQueuedCookiesToResponse.php(37): Illuminate\Routing\Pipeline->Illuminate\Routing\{closure}(Object(Illuminate\Http\Request))
#22 /home/nxm/rep/cb/olz/vendor/laravel/framework/src/Illuminate/Pipeline/Pipeline.php(148): Illuminate\Cookie\Middleware\AddQueuedCookiesToResponse->handle(Object(Illuminate\Http\Request), Object(Closure))
#23 /home/nxm/rep/cb/olz/vendor/laravel/framework/src/Illuminate/Routing/Pipeline.php(53): Illuminate\Pipeline\Pipeline->Illuminate\Pipeline\{closure}(Object(Illuminate\Http\Request))
#24 /home/nxm/rep/cb/olz/vendor/laravel/framework/src/Illuminate/Cookie/Middleware/EncryptCookies.php(59): Illuminate\Routing\Pipeline->Illuminate\Routing\{closure}(Object(Illuminate\Http\Request))
#25 /home/nxm/rep/cb/olz/vendor/laravel/framework/src/Illuminate/Pipeline/Pipeline.php(148): Illuminate\Cookie\Middleware\EncryptCookies->handle(Object(Illuminate\Http\Request), Object(Closure))
#26 /home/nxm/rep/cb/olz/vendor/laravel/framework/src/Illuminate/Routing/Pipeline.php(53): Illuminate\Pipeline\Pipeline->Illuminate\Pipeline\{closure}(Object(Illuminate\Http\Request))
#27 /home/nxm/rep/cb/olz/vendor/laravel/framework/src/Illuminate/Pipeline/Pipeline.php(102): Illuminate\Routing\Pipeline->Illuminate\Routing\{closure}(Object(Illuminate\Http\Request))
#28 /home/nxm/rep/cb/olz/vendor/laravel/framework/src/Illuminate/Routing/Router.php(574): Illuminate\Pipeline\Pipeline->then(Object(Closure))
#29 /home/nxm/rep/cb/olz/vendor/laravel/framework/src/Illuminate/Routing/Router.php(533): Illuminate\Routing\Router->runRouteWithinStack(Object(Illuminate\Routing\Route), Object(Illuminate\Http\Request))
#30 /home/nxm/rep/cb/olz/vendor/laravel/framework/src/Illuminate/Routing/Router.php(511): Illuminate\Routing\Router->dispatchToRoute(Object(Illuminate\Http\Request))
#31 /home/nxm/rep/cb/olz/vendor/laravel/framework/src/Illuminate/Foundation/Http/Kernel.php(176): Illuminate\Routing\Router->dispatch(Object(Illuminate\Http\Request))
#32 /home/nxm/rep/cb/olz/vendor/laravel/framework/src/Illuminate/Routing/Pipeline.php(30): Illuminate\Foundation\Http\Kernel->Illuminate\Foundation\Http\{closure}(Object(Illuminate\Http\Request))
#33 /home/nxm/rep/cb/olz/vendor/barryvdh/laravel-cors/src/HandleCors.php(58): Illuminate\Routing\Pipeline->Illuminate\Routing\{closure}(Object(Illuminate\Http\Request))
#34 /home/nxm/rep/cb/olz/vendor/laravel/framework/src/Illuminate/Pipeline/Pipeline.php(148): Barryvdh\Cors\HandleCors->handle(Object(Illuminate\Http\Request), Object(Closure))
#35 /home/nxm/rep/cb/olz/vendor/laravel/framework/src/Illuminate/Routing/Pipeline.php(53): Illuminate\Pipeline\Pipeline->Illuminate\Pipeline\{closure}(Object(Illuminate\Http\Request))
#36 /home/nxm/rep/cb/olz/vendor/laravel/framework/src/Illuminate/Foundation/Http/Middleware/TransformsRequest.php(30): Illuminate\Routing\Pipeline->Illuminate\Routing\{closure}(Object(Illuminate\Http\Request))
#37 /home/nxm/rep/cb/olz/vendor/laravel/framework/src/Illuminate/Pipeline/Pipeline.php(148): Illuminate\Foundation\Http\Middleware\TransformsRequest->handle(Object(Illuminate\Http\Request), Object(Closure))
#38 /home/nxm/rep/cb/olz/vendor/laravel/framework/src/Illuminate/Routing/Pipeline.php(53): Illuminate\Pipeline\Pipeline->Illuminate\Pipeline\{closure}(Object(Illuminate\Http\Request))
#39 /home/nxm/rep/cb/olz/vendor/laravel/framework/src/Illuminate/Foundation/Http/Middleware/TransformsRequest.php(30): Illuminate\Routing\Pipeline->Illuminate\Routing\{closure}(Object(Illuminate\Http\Request))
#40 /home/nxm/rep/cb/olz/vendor/laravel/framework/src/Illuminate/Pipeline/Pipeline.php(148): Illuminate\Foundation\Http\Middleware\TransformsRequest->handle(Object(Illuminate\Http\Request), Object(Closure))
#41 /home/nxm/rep/cb/olz/vendor/laravel/framework/src/Illuminate/Routing/Pipeline.php(53): Illuminate\Pipeline\Pipeline->Illuminate\Pipeline\{closure}(Object(Illuminate\Http\Request))
#42 /home/nxm/rep/cb/olz/vendor/laravel/framework/src/Illuminate/Foundation/Http/Middleware/ValidatePostSize.php(27): Illuminate\Routing\Pipeline->Illuminate\Routing\{closure}(Object(Illuminate\Http\Request))
#43 /home/nxm/rep/cb/olz/vendor/laravel/framework/src/Illuminate/Pipeline/Pipeline.php(148): Illuminate\Foundation\Http\Middleware\ValidatePostSize->handle(Object(Illuminate\Http\Request), Object(Closure))
#44 /home/nxm/rep/cb/olz/vendor/laravel/framework/src/Illuminate/Routing/Pipeline.php(53): Illuminate\Pipeline\Pipeline->Illuminate\Pipeline\{closure}(Object(Illuminate\Http\Request))
#45 /home/nxm/rep/cb/olz/vendor/laravel/framework/src/Illuminate/Foundation/Http/Middleware/CheckForMaintenanceMode.php(46): Illuminate\Routing\Pipeline->Illuminate\Routing\{closure}(Object(Illuminate\Http\Request))
#46 /home/nxm/rep/cb/olz/vendor/laravel/framework/src/Illuminate/Pipeline/Pipeline.php(148): Illuminate\Foundation\Http\Middleware\CheckForMaintenanceMode->handle(Object(Illuminate\Http\Request), Object(Closure))
#47 /home/nxm/rep/cb/olz/vendor/laravel/framework/src/Illuminate/Routing/Pipeline.php(53): Illuminate\Pipeline\Pipeline->Illuminate\Pipeline\{closure}(Object(Illuminate\Http\Request))
#48 /home/nxm/rep/cb/olz/vendor/laravel/framework/src/Illuminate/Pipeline/Pipeline.php(102): Illuminate\Routing\Pipeline->Illuminate\Routing\{closure}(Object(Illuminate\Http\Request))
#49 /home/nxm/rep/cb/olz/vendor/laravel/framework/src/Illuminate/Foundation/Http/Kernel.php(151): Illuminate\Pipeline\Pipeline->then(Object(Closure))
#50 /home/nxm/rep/cb/olz/vendor/laravel/framework/src/Illuminate/Foundation/Http/Kernel.php(116): Illuminate\Foundation\Http\Kernel->sendRequestThroughRouter(Object(Illuminate\Http\Request))
#51 /home/nxm/rep/cb/olz/public/index.php(54): Illuminate\Foundation\Http\Kernel->handle(Object(Illuminate\Http\Request))
#52 {main}  
[2021-07-21 20:51:17] production.ERROR: exception 'InvalidArgumentException' with message 'Illegal operator and value combination.' in /home/nxm/rep/cb/olz/vendor/laravel/framework/src/Illuminate/Database/Query/Builder.php:591
Stack trace:
#0 /home/nxm/rep/cb/olz/vendor/laravel/framework/src/Illuminate/Database/Query/Builder.php(502): Illuminate\Database\Query\Builder->prepareValueAndOperator(NULL, '<', false)
#1 /home/nxm/rep/cb/olz/commissions/Admin/IncentiveTool.php(248): Illuminate\Database\Query\Builder->where('cits.end_date', '<', NULL)
#2 /home/nxm/rep/cb/olz/app/Http/Controllers/Admin/IncentiveToolController.php(46): Commissions\Admin\IncentiveTool->getAllRepresentativeByIncentive(Array, NULL)
#3 [internal function]: App\Http\Controllers\Admin\IncentiveToolController->view(Object(Illuminate\Http\Request))
#4 /home/nxm/rep/cb/olz/vendor/laravel/framework/src/Illuminate/Routing/Controller.php(55): call_user_func_array(Array, Array)
#5 /home/nxm/rep/cb/olz/vendor/laravel/framework/src/Illuminate/Routing/ControllerDispatcher.php(44): Illuminate\Routing\Controller->callAction('view', Array)
#6 /home/nxm/rep/cb/olz/vendor/laravel/framework/src/Illuminate/Routing/Route.php(204): Illuminate\Routing\ControllerDispatcher->dispatch(Object(Illuminate\Routing\Route), Object(App\Http\Controllers\Admin\IncentiveToolController), 'view')
#7 /home/nxm/rep/cb/olz/vendor/laravel/framework/src/Illuminate/Routing/Route.php(160): Illuminate\Routing\Route->runController()
#8 /home/nxm/rep/cb/olz/vendor/laravel/framework/src/Illuminate/Routing/Router.php(572): Illuminate\Routing\Route->run()
#9 /home/nxm/rep/cb/olz/vendor/laravel/framework/src/Illuminate/Routing/Pipeline.php(30): Illuminate\Routing\Router->Illuminate\Routing\{closure}(Object(Illuminate\Http\Request))
#10 /home/nxm/rep/cb/olz/app/Http/Middleware/JWTAuthenticatedLevelId.php(45): Illuminate\Routing\Pipeline->Illuminate\Routing\{closure}(Object(Illuminate\Http\Request))
#11 /home/nxm/rep/cb/olz/vendor/laravel/framework/src/Illuminate/Pipeline/Pipeline.php(148): App\Http\Middleware\JWTAuthenticatedLevelId->handle(Object(Illuminate\Http\Request), Object(Closure), '1', '6')
#12 /home/nxm/rep/cb/olz/vendor/laravel/framework/src/Illuminate/Routing/Pipeline.php(53): Illuminate\Pipeline\Pipeline->Illuminate\Pipeline\{closure}(Object(Illuminate\Http\Request))
#13 /home/nxm/rep/cb/olz/vendor/laravel/framework/src/Illuminate/Routing/Middleware/SubstituteBindings.php(41): Illuminate\Routing\Pipeline->Illuminate\Routing\{closure}(Object(Illuminate\Http\Request))
#14 /home/nxm/rep/cb/olz/vendor/laravel/framework/src/Illuminate/Pipeline/Pipeline.php(148): Illuminate\Routing\Middleware\SubstituteBindings->handle(Object(Illuminate\Http\Request), Object(Closure))
#15 /home/nxm/rep/cb/olz/vendor/laravel/framework/src/Illuminate/Routing/Pipeline.php(53): Illuminate\Pipeline\Pipeline->Illuminate\Pipeline\{closure}(Object(Illuminate\Http\Request))
#16 /home/nxm/rep/cb/olz/vendor/laravel/framework/src/Illuminate/View/Middleware/ShareErrorsFromSession.php(49): Illuminate\Routing\Pipeline->Illuminate\Routing\{closure}(Object(Illuminate\Http\Request))
#17 /home/nxm/rep/cb/olz/vendor/laravel/framework/src/Illuminate/Pipeline/Pipeline.php(148): Illuminate\View\Middleware\ShareErrorsFromSession->handle(Object(Illuminate\Http\Request), Object(Closure))
#18 /home/nxm/rep/cb/olz/vendor/laravel/framework/src/Illuminate/Routing/Pipeline.php(53): Illuminate\Pipeline\Pipeline->Illuminate\Pipeline\{closure}(Object(Illuminate\Http\Request))
#19 /home/nxm/rep/cb/olz/vendor/laravel/framework/src/Illuminate/Session/Middleware/StartSession.php(64): Illuminate\Routing\Pipeline->Illuminate\Routing\{closure}(Object(Illuminate\Http\Request))
#20 /home/nxm/rep/cb/olz/vendor/laravel/framework/src/Illuminate/Pipeline/Pipeline.php(148): Illuminate\Session\Middleware\StartSession->handle(Object(Illuminate\Http\Request), Object(Closure))
#21 /home/nxm/rep/cb/olz/vendor/laravel/framework/src/Illuminate/Routing/Pipeline.php(53): Illuminate\Pipeline\Pipeline->Illuminate\Pipeline\{closure}(Object(Illuminate\Http\Request))
#22 /home/nxm/rep/cb/olz/vendor/laravel/framework/src/Illuminate/Cookie/Middleware/AddQueuedCookiesToResponse.php(37): Illuminate\Routing\Pipeline->Illuminate\Routing\{closure}(Object(Illuminate\Http\Request))
#23 /home/nxm/rep/cb/olz/vendor/laravel/framework/src/Illuminate/Pipeline/Pipeline.php(148): Illuminate\Cookie\Middleware\AddQueuedCookiesToResponse->handle(Object(Illuminate\Http\Request), Object(Closure))
#24 /home/nxm/rep/cb/olz/vendor/laravel/framework/src/Illuminate/Routing/Pipeline.php(53): Illuminate\Pipeline\Pipeline->Illuminate\Pipeline\{closure}(Object(Illuminate\Http\Request))
#25 /home/nxm/rep/cb/olz/vendor/laravel/framework/src/Illuminate/Cookie/Middleware/EncryptCookies.php(59): Illuminate\Routing\Pipeline->Illuminate\Routing\{closure}(Object(Illuminate\Http\Request))
#26 /home/nxm/rep/cb/olz/vendor/laravel/framework/src/Illuminate/Pipeline/Pipeline.php(148): Illuminate\Cookie\Middleware\EncryptCookies->handle(Object(Illuminate\Http\Request), Object(Closure))
#27 /home/nxm/rep/cb/olz/vendor/laravel/framework/src/Illuminate/Routing/Pipeline.php(53): Illuminate\Pipeline\Pipeline->Illuminate\Pipeline\{closure}(Object(Illuminate\Http\Request))
#28 /home/nxm/rep/cb/olz/vendor/laravel/framework/src/Illuminate/Pipeline/Pipeline.php(102): Illuminate\Routing\Pipeline->Illuminate\Routing\{closure}(Object(Illuminate\Http\Request))
#29 /home/nxm/rep/cb/olz/vendor/laravel/framework/src/Illuminate/Routing/Router.php(574): Illuminate\Pipeline\Pipeline->then(Object(Closure))
#30 /home/nxm/rep/cb/olz/vendor/laravel/framework/src/Illuminate/Routing/Router.php(533): Illuminate\Routing\Router->runRouteWithinStack(Object(Illuminate\Routing\Route), Object(Illuminate\Http\Request))
#31 /home/nxm/rep/cb/olz/vendor/laravel/framework/src/Illuminate/Routing/Router.php(511): Illuminate\Routing\Router->dispatchToRoute(Object(Illuminate\Http\Request))
#32 /home/nxm/rep/cb/olz/vendor/laravel/framework/src/Illuminate/Foundation/Http/Kernel.php(176): Illuminate\Routing\Router->dispatch(Object(Illuminate\Http\Request))
#33 /home/nxm/rep/cb/olz/vendor/laravel/framework/src/Illuminate/Routing/Pipeline.php(30): Illuminate\Foundation\Http\Kernel->Illuminate\Foundation\Http\{closure}(Object(Illuminate\Http\Request))
#34 /home/nxm/rep/cb/olz/vendor/barryvdh/laravel-cors/src/HandleCors.php(58): Illuminate\Routing\Pipeline->Illuminate\Routing\{closure}(Object(Illuminate\Http\Request))
#35 /home/nxm/rep/cb/olz/vendor/laravel/framework/src/Illuminate/Pipeline/Pipeline.php(148): Barryvdh\Cors\HandleCors->handle(Object(Illuminate\Http\Request), Object(Closure))
#36 /home/nxm/rep/cb/olz/vendor/laravel/framework/src/Illuminate/Routing/Pipeline.php(53): Illuminate\Pipeline\Pipeline->Illuminate\Pipeline\{closure}(Object(Illuminate\Http\Request))
#37 /home/nxm/rep/cb/olz/vendor/laravel/framework/src/Illuminate/Foundation/Http/Middleware/TransformsRequest.php(30): Illuminate\Routing\Pipeline->Illuminate\Routing\{closure}(Object(Illuminate\Http\Request))
#38 /home/nxm/rep/cb/olz/vendor/laravel/framework/src/Illuminate/Pipeline/Pipeline.php(148): Illuminate\Foundation\Http\Middleware\TransformsRequest->handle(Object(Illuminate\Http\Request), Object(Closure))
#39 /home/nxm/rep/cb/olz/vendor/laravel/framework/src/Illuminate/Routing/Pipeline.php(53): Illuminate\Pipeline\Pipeline->Illuminate\Pipeline\{closure}(Object(Illuminate\Http\Request))
#40 /home/nxm/rep/cb/olz/vendor/laravel/framework/src/Illuminate/Foundation/Http/Middleware/TransformsRequest.php(30): Illuminate\Routing\Pipeline->Illuminate\Routing\{closure}(Object(Illuminate\Http\Request))
#41 /home/nxm/rep/cb/olz/vendor/laravel/framework/src/Illuminate/Pipeline/Pipeline.php(148): Illuminate\Foundation\Http\Middleware\TransformsRequest->handle(Object(Illuminate\Http\Request), Object(Closure))
#42 /home/nxm/rep/cb/olz/vendor/laravel/framework/src/Illuminate/Routing/Pipeline.php(53): Illuminate\Pipeline\Pipeline->Illuminate\Pipeline\{closure}(Object(Illuminate\Http\Request))
#43 /home/nxm/rep/cb/olz/vendor/laravel/framework/src/Illuminate/Foundation/Http/Middleware/ValidatePostSize.php(27): Illuminate\Routing\Pipeline->Illuminate\Routing\{closure}(Object(Illuminate\Http\Request))
#44 /home/nxm/rep/cb/olz/vendor/laravel/framework/src/Illuminate/Pipeline/Pipeline.php(148): Illuminate\Foundation\Http\Middleware\ValidatePostSize->handle(Object(Illuminate\Http\Request), Object(Closure))
#45 /home/nxm/rep/cb/olz/vendor/laravel/framework/src/Illuminate/Routing/Pipeline.php(53): Illuminate\Pipeline\Pipeline->Illuminate\Pipeline\{closure}(Object(Illuminate\Http\Request))
#46 /home/nxm/rep/cb/olz/vendor/laravel/framework/src/Illuminate/Foundation/Http/Middleware/CheckForMaintenanceMode.php(46): Illuminate\Routing\Pipeline->Illuminate\Routing\{closure}(Object(Illuminate\Http\Request))
#47 /home/nxm/rep/cb/olz/vendor/laravel/framework/src/Illuminate/Pipeline/Pipeline.php(148): Illuminate\Foundation\Http\Middleware\CheckForMaintenanceMode->handle(Object(Illuminate\Http\Request), Object(Closure))
#48 /home/nxm/rep/cb/olz/vendor/laravel/framework/src/Illuminate/Routing/Pipeline.php(53): Illuminate\Pipeline\Pipeline->Illuminate\Pipeline\{closure}(Object(Illuminate\Http\Request))
#49 /home/nxm/rep/cb/olz/vendor/laravel/framework/src/Illuminate/Pipeline/Pipeline.php(102): Illuminate\Routing\Pipeline->Illuminate\Routing\{closure}(Object(Illuminate\Http\Request))
#50 /home/nxm/rep/cb/olz/vendor/laravel/framework/src/Illuminate/Foundation/Http/Kernel.php(151): Illuminate\Pipeline\Pipeline->then(Object(Closure))
#51 /home/nxm/rep/cb/olz/vendor/laravel/framework/src/Illuminate/Foundation/Http/Kernel.php(116): Illuminate\Foundation\Http\Kernel->sendRequestThroughRouter(Object(Illuminate\Http\Request))
#52 /home/nxm/rep/cb/olz/public/index.php(54): Illuminate\Foundation\Http\Kernel->handle(Object(Illuminate\Http\Request))
#53 {main}  
[2021-07-21 20:55:40] production.ERROR: exception 'PDOException' with message 'SQLSTATE[42S22]: Column not found: 1054 Unknown column 'cap.user_id' in 'where clause'' in /home/nxm/rep/cb/olz/vendor/laravel/framework/src/Illuminate/Database/Connection.php:319
Stack trace:
#0 /home/nxm/rep/cb/olz/vendor/laravel/framework/src/Illuminate/Database/Connection.php(319): PDO->prepare('select count(1)...')
#1 /home/nxm/rep/cb/olz/vendor/laravel/framework/src/Illuminate/Database/Connection.php(640): Illuminate\Database\Connection->Illuminate\Database\{closure}('select count(1)...', Array)
#2 /home/nxm/rep/cb/olz/vendor/laravel/framework/src/Illuminate/Database/Connection.php(607): Illuminate\Database\Connection->runQueryCallback('select count(1)...', Array, Object(Closure))
#3 /home/nxm/rep/cb/olz/vendor/laravel/framework/src/Illuminate/Database/Connection.php(326): Illuminate\Database\Connection->run('select count(1)...', Array, Object(Closure))
#4 /home/nxm/rep/cb/olz/vendor/laravel/framework/src/Illuminate/Database/Query/Builder.php(1706): Illuminate\Database\Connection->select('select count(1)...', Array, true)
#5 /home/nxm/rep/cb/olz/vendor/laravel/framework/src/Illuminate/Database/Query/Builder.php(1690): Illuminate\Database\Query\Builder->runSelect()
#6 /home/nxm/rep/cb/olz/vendor/laravel/framework/src/Illuminate/Database/Query/Builder.php(2025): Illuminate\Database\Query\Builder->get(Array)
#7 /home/nxm/rep/cb/olz/vendor/laravel/framework/src/Illuminate/Database/Query/Builder.php(1953): Illuminate\Database\Query\Builder->aggregate('count', Array)
#8 /home/nxm/rep/cb/olz/commissions/Admin/IncentiveTool.php(251): Illuminate\Database\Query\Builder->count(Object(Illuminate\Database\Query\Expression))
#9 /home/nxm/rep/cb/olz/app/Http/Controllers/Admin/IncentiveToolController.php(46): Commissions\Admin\IncentiveTool->getAllRepresentativeByIncentive(Array, '0')
#10 [internal function]: App\Http\Controllers\Admin\IncentiveToolController->view(Object(Illuminate\Http\Request))
#11 /home/nxm/rep/cb/olz/vendor/laravel/framework/src/Illuminate/Routing/Controller.php(55): call_user_func_array(Array, Array)
#12 /home/nxm/rep/cb/olz/vendor/laravel/framework/src/Illuminate/Routing/ControllerDispatcher.php(44): Illuminate\Routing\Controller->callAction('view', Array)
#13 /home/nxm/rep/cb/olz/vendor/laravel/framework/src/Illuminate/Routing/Route.php(204): Illuminate\Routing\ControllerDispatcher->dispatch(Object(Illuminate\Routing\Route), Object(App\Http\Controllers\Admin\IncentiveToolController), 'view')
#14 /home/nxm/rep/cb/olz/vendor/laravel/framework/src/Illuminate/Routing/Route.php(160): Illuminate\Routing\Route->runController()
#15 /home/nxm/rep/cb/olz/vendor/laravel/framework/src/Illuminate/Routing/Router.php(572): Illuminate\Routing\Route->run()
#16 /home/nxm/rep/cb/olz/vendor/laravel/framework/src/Illuminate/Routing/Pipeline.php(30): Illuminate\Routing\Router->Illuminate\Routing\{closure}(Object(Illuminate\Http\Request))
#17 /home/nxm/rep/cb/olz/app/Http/Middleware/JWTAuthenticatedLevelId.php(45): Illuminate\Routing\Pipeline->Illuminate\Routing\{closure}(Object(Illuminate\Http\Request))
#18 /home/nxm/rep/cb/olz/vendor/laravel/framework/src/Illuminate/Pipeline/Pipeline.php(148): App\Http\Middleware\JWTAuthenticatedLevelId->handle(Object(Illuminate\Http\Request), Object(Closure), '1', '6')
#19 /home/nxm/rep/cb/olz/vendor/laravel/framework/src/Illuminate/Routing/Pipeline.php(53): Illuminate\Pipeline\Pipeline->Illuminate\Pipeline\{closure}(Object(Illuminate\Http\Request))
#20 /home/nxm/rep/cb/olz/vendor/laravel/framework/src/Illuminate/Routing/Middleware/SubstituteBindings.php(41): Illuminate\Routing\Pipeline->Illuminate\Routing\{closure}(Object(Illuminate\Http\Request))
#21 /home/nxm/rep/cb/olz/vendor/laravel/framework/src/Illuminate/Pipeline/Pipeline.php(148): Illuminate\Routing\Middleware\SubstituteBindings->handle(Object(Illuminate\Http\Request), Object(Closure))
#22 /home/nxm/rep/cb/olz/vendor/laravel/framework/src/Illuminate/Routing/Pipeline.php(53): Illuminate\Pipeline\Pipeline->Illuminate\Pipeline\{closure}(Object(Illuminate\Http\Request))
#23 /home/nxm/rep/cb/olz/vendor/laravel/framework/src/Illuminate/View/Middleware/ShareErrorsFromSession.php(49): Illuminate\Routing\Pipeline->Illuminate\Routing\{closure}(Object(Illuminate\Http\Request))
#24 /home/nxm/rep/cb/olz/vendor/laravel/framework/src/Illuminate/Pipeline/Pipeline.php(148): Illuminate\View\Middleware\ShareErrorsFromSession->handle(Object(Illuminate\Http\Request), Object(Closure))
#25 /home/nxm/rep/cb/olz/vendor/laravel/framework/src/Illuminate/Routing/Pipeline.php(53): Illuminate\Pipeline\Pipeline->Illuminate\Pipeline\{closure}(Object(Illuminate\Http\Request))
#26 /home/nxm/rep/cb/olz/vendor/laravel/framework/src/Illuminate/Session/Middleware/StartSession.php(64): Illuminate\Routing\Pipeline->Illuminate\Routing\{closure}(Object(Illuminate\Http\Request))
#27 /home/nxm/rep/cb/olz/vendor/laravel/framework/src/Illuminate/Pipeline/Pipeline.php(148): Illuminate\Session\Middleware\StartSession->handle(Object(Illuminate\Http\Request), Object(Closure))
#28 /home/nxm/rep/cb/olz/vendor/laravel/framework/src/Illuminate/Routing/Pipeline.php(53): Illuminate\Pipeline\Pipeline->Illuminate\Pipeline\{closure}(Object(Illuminate\Http\Request))
#29 /home/nxm/rep/cb/olz/vendor/laravel/framework/src/Illuminate/Cookie/Middleware/AddQueuedCookiesToResponse.php(37): Illuminate\Routing\Pipeline->Illuminate\Routing\{closure}(Object(Illuminate\Http\Request))
#30 /home/nxm/rep/cb/olz/vendor/laravel/framework/src/Illuminate/Pipeline/Pipeline.php(148): Illuminate\Cookie\Middleware\AddQueuedCookiesToResponse->handle(Object(Illuminate\Http\Request), Object(Closure))
#31 /home/nxm/rep/cb/olz/vendor/laravel/framework/src/Illuminate/Routing/Pipeline.php(53): Illuminate\Pipeline\Pipeline->Illuminate\Pipeline\{closure}(Object(Illuminate\Http\Request))
#32 /home/nxm/rep/cb/olz/vendor/laravel/framework/src/Illuminate/Cookie/Middleware/EncryptCookies.php(59): Illuminate\Routing\Pipeline->Illuminate\Routing\{closure}(Object(Illuminate\Http\Request))
#33 /home/nxm/rep/cb/olz/vendor/laravel/framework/src/Illuminate/Pipeline/Pipeline.php(148): Illuminate\Cookie\Middleware\EncryptCookies->handle(Object(Illuminate\Http\Request), Object(Closure))
#34 /home/nxm/rep/cb/olz/vendor/laravel/framework/src/Illuminate/Routing/Pipeline.php(53): Illuminate\Pipeline\Pipeline->Illuminate\Pipeline\{closure}(Object(Illuminate\Http\Request))
#35 /home/nxm/rep/cb/olz/vendor/laravel/framework/src/Illuminate/Pipeline/Pipeline.php(102): Illuminate\Routing\Pipeline->Illuminate\Routing\{closure}(Object(Illuminate\Http\Request))
#36 /home/nxm/rep/cb/olz/vendor/laravel/framework/src/Illuminate/Routing/Router.php(574): Illuminate\Pipeline\Pipeline->then(Object(Closure))
#37 /home/nxm/rep/cb/olz/vendor/laravel/framework/src/Illuminate/Routing/Router.php(533): Illuminate\Routing\Router->runRouteWithinStack(Object(Illuminate\Routing\Route), Object(Illuminate\Http\Request))
#38 /home/nxm/rep/cb/olz/vendor/laravel/framework/src/Illuminate/Routing/Router.php(511): Illuminate\Routing\Router->dispatchToRoute(Object(Illuminate\Http\Request))
#39 /home/nxm/rep/cb/olz/vendor/laravel/framework/src/Illuminate/Foundation/Http/Kernel.php(176): Illuminate\Routing\Router->dispatch(Object(Illuminate\Http\Request))
#40 /home/nxm/rep/cb/olz/vendor/laravel/framework/src/Illuminate/Routing/Pipeline.php(30): Illuminate\Foundation\Http\Kernel->Illuminate\Foundation\Http\{closure}(Object(Illuminate\Http\Request))
#41 /home/nxm/rep/cb/olz/vendor/barryvdh/laravel-cors/src/HandleCors.php(58): Illuminate\Routing\Pipeline->Illuminate\Routing\{closure}(Object(Illuminate\Http\Request))
#42 /home/nxm/rep/cb/olz/vendor/laravel/framework/src/Illuminate/Pipeline/Pipeline.php(148): Barryvdh\Cors\HandleCors->handle(Object(Illuminate\Http\Request), Object(Closure))
#43 /home/nxm/rep/cb/olz/vendor/laravel/framework/src/Illuminate/Routing/Pipeline.php(53): Illuminate\Pipeline\Pipeline->Illuminate\Pipeline\{closure}(Object(Illuminate\Http\Request))
#44 /home/nxm/rep/cb/olz/vendor/laravel/framework/src/Illuminate/Foundation/Http/Middleware/TransformsRequest.php(30): Illuminate\Routing\Pipeline->Illuminate\Routing\{closure}(Object(Illuminate\Http\Request))
#45 /home/nxm/rep/cb/olz/vendor/laravel/framework/src/Illuminate/Pipeline/Pipeline.php(148): Illuminate\Foundation\Http\Middleware\TransformsRequest->handle(Object(Illuminate\Http\Request), Object(Closure))
#46 /home/nxm/rep/cb/olz/vendor/laravel/framework/src/Illuminate/Routing/Pipeline.php(53): Illuminate\Pipeline\Pipeline->Illuminate\Pipeline\{closure}(Object(Illuminate\Http\Request))
#47 /home/nxm/rep/cb/olz/vendor/laravel/framework/src/Illuminate/Foundation/Http/Middleware/TransformsRequest.php(30): Illuminate\Routing\Pipeline->Illuminate\Routing\{closure}(Object(Illuminate\Http\Request))
#48 /home/nxm/rep/cb/olz/vendor/laravel/framework/src/Illuminate/Pipeline/Pipeline.php(148): Illuminate\Foundation\Http\Middleware\TransformsRequest->handle(Object(Illuminate\Http\Request), Object(Closure))
#49 /home/nxm/rep/cb/olz/vendor/laravel/framework/src/Illuminate/Routing/Pipeline.php(53): Illuminate\Pipeline\Pipeline->Illuminate\Pipeline\{closure}(Object(Illuminate\Http\Request))
#50 /home/nxm/rep/cb/olz/vendor/laravel/framework/src/Illuminate/Foundation/Http/Middleware/ValidatePostSize.php(27): Illuminate\Routing\Pipeline->Illuminate\Routing\{closure}(Object(Illuminate\Http\Request))
#51 /home/nxm/rep/cb/olz/vendor/laravel/framework/src/Illuminate/Pipeline/Pipeline.php(148): Illuminate\Foundation\Http\Middleware\ValidatePostSize->handle(Object(Illuminate\Http\Request), Object(Closure))
#52 /home/nxm/rep/cb/olz/vendor/laravel/framework/src/Illuminate/Routing/Pipeline.php(53): Illuminate\Pipeline\Pipeline->Illuminate\Pipeline\{closure}(Object(Illuminate\Http\Request))
#53 /home/nxm/rep/cb/olz/vendor/laravel/framework/src/Illuminate/Foundation/Http/Middleware/CheckForMaintenanceMode.php(46): Illuminate\Routing\Pipeline->Illuminate\Routing\{closure}(Object(Illuminate\Http\Request))
#54 /home/nxm/rep/cb/olz/vendor/laravel/framework/src/Illuminate/Pipeline/Pipeline.php(148): Illuminate\Foundation\Http\Middleware\CheckForMaintenanceMode->handle(Object(Illuminate\Http\Request), Object(Closure))
#55 /home/nxm/rep/cb/olz/vendor/laravel/framework/src/Illuminate/Routing/Pipeline.php(53): Illuminate\Pipeline\Pipeline->Illuminate\Pipeline\{closure}(Object(Illuminate\Http\Request))
#56 /home/nxm/rep/cb/olz/vendor/laravel/framework/src/Illuminate/Pipeline/Pipeline.php(102): Illuminate\Routing\Pipeline->Illuminate\Routing\{closure}(Object(Illuminate\Http\Request))
#57 /home/nxm/rep/cb/olz/vendor/laravel/framework/src/Illuminate/Foundation/Http/Kernel.php(151): Illuminate\Pipeline\Pipeline->then(Object(Closure))
#58 /home/nxm/rep/cb/olz/vendor/laravel/framework/src/Illuminate/Foundation/Http/Kernel.php(116): Illuminate\Foundation\Http\Kernel->sendRequestThroughRouter(Object(Illuminate\Http\Request))
#59 /home/nxm/rep/cb/olz/public/index.php(54): Illuminate\Foundation\Http\Kernel->handle(Object(Illuminate\Http\Request))
#60 {main}

Next exception 'Illuminate\Database\QueryException' with message 'SQLSTATE[42S22]: Column not found: 1054 Unknown column 'cap.user_id' in 'where clause' (SQL: select count(1) as aggregate from `users` as `u` inner join `cm_daily_incentive_points` as `cdip` on `u`.`id` = `cdip`.`user_id` inner join `cm_incentive_tool_settings` as `cits` on `cits`.`id` = `cdip`.`settings_id` where `cap`.`user_id` = cdip.user_id and `cits`.`is_active` = 1 and `cits`.`is_locked` = 0 and `cits`.`end_date` < 0)' in /home/nxm/rep/cb/olz/vendor/laravel/framework/src/Illuminate/Database/Connection.php:647
Stack trace:
#0 /home/nxm/rep/cb/olz/vendor/laravel/framework/src/Illuminate/Database/Connection.php(607): Illuminate\Database\Connection->runQueryCallback('select count(1)...', Array, Object(Closure))
#1 /home/nxm/rep/cb/olz/vendor/laravel/framework/src/Illuminate/Database/Connection.php(326): Illuminate\Database\Connection->run('select count(1)...', Array, Object(Closure))
#2 /home/nxm/rep/cb/olz/vendor/laravel/framework/src/Illuminate/Database/Query/Builder.php(1706): Illuminate\Database\Connection->select('select count(1)...', Array, true)
#3 /home/nxm/rep/cb/olz/vendor/laravel/framework/src/Illuminate/Database/Query/Builder.php(1690): Illuminate\Database\Query\Builder->runSelect()
#4 /home/nxm/rep/cb/olz/vendor/laravel/framework/src/Illuminate/Database/Query/Builder.php(2025): Illuminate\Database\Query\Builder->get(Array)
#5 /home/nxm/rep/cb/olz/vendor/laravel/framework/src/Illuminate/Database/Query/Builder.php(1953): Illuminate\Database\Query\Builder->aggregate('count', Array)
#6 /home/nxm/rep/cb/olz/commissions/Admin/IncentiveTool.php(251): Illuminate\Database\Query\Builder->count(Object(Illuminate\Database\Query\Expression))
#7 /home/nxm/rep/cb/olz/app/Http/Controllers/Admin/IncentiveToolController.php(46): Commissions\Admin\IncentiveTool->getAllRepresentativeByIncentive(Array, '0')
#8 [internal function]: App\Http\Controllers\Admin\IncentiveToolController->view(Object(Illuminate\Http\Request))
#9 /home/nxm/rep/cb/olz/vendor/laravel/framework/src/Illuminate/Routing/Controller.php(55): call_user_func_array(Array, Array)
#10 /home/nxm/rep/cb/olz/vendor/laravel/framework/src/Illuminate/Routing/ControllerDispatcher.php(44): Illuminate\Routing\Controller->callAction('view', Array)
#11 /home/nxm/rep/cb/olz/vendor/laravel/framework/src/Illuminate/Routing/Route.php(204): Illuminate\Routing\ControllerDispatcher->dispatch(Object(Illuminate\Routing\Route), Object(App\Http\Controllers\Admin\IncentiveToolController), 'view')
#12 /home/nxm/rep/cb/olz/vendor/laravel/framework/src/Illuminate/Routing/Route.php(160): Illuminate\Routing\Route->runController()
#13 /home/nxm/rep/cb/olz/vendor/laravel/framework/src/Illuminate/Routing/Router.php(572): Illuminate\Routing\Route->run()
#14 /home/nxm/rep/cb/olz/vendor/laravel/framework/src/Illuminate/Routing/Pipeline.php(30): Illuminate\Routing\Router->Illuminate\Routing\{closure}(Object(Illuminate\Http\Request))
#15 /home/nxm/rep/cb/olz/app/Http/Middleware/JWTAuthenticatedLevelId.php(45): Illuminate\Routing\Pipeline->Illuminate\Routing\{closure}(Object(Illuminate\Http\Request))
#16 /home/nxm/rep/cb/olz/vendor/laravel/framework/src/Illuminate/Pipeline/Pipeline.php(148): App\Http\Middleware\JWTAuthenticatedLevelId->handle(Object(Illuminate\Http\Request), Object(Closure), '1', '6')
#17 /home/nxm/rep/cb/olz/vendor/laravel/framework/src/Illuminate/Routing/Pipeline.php(53): Illuminate\Pipeline\Pipeline->Illuminate\Pipeline\{closure}(Object(Illuminate\Http\Request))
#18 /home/nxm/rep/cb/olz/vendor/laravel/framework/src/Illuminate/Routing/Middleware/SubstituteBindings.php(41): Illuminate\Routing\Pipeline->Illuminate\Routing\{closure}(Object(Illuminate\Http\Request))
#19 /home/nxm/rep/cb/olz/vendor/laravel/framework/src/Illuminate/Pipeline/Pipeline.php(148): Illuminate\Routing\Middleware\SubstituteBindings->handle(Object(Illuminate\Http\Request), Object(Closure))
#20 /home/nxm/rep/cb/olz/vendor/laravel/framework/src/Illuminate/Routing/Pipeline.php(53): Illuminate\Pipeline\Pipeline->Illuminate\Pipeline\{closure}(Object(Illuminate\Http\Request))
#21 /home/nxm/rep/cb/olz/vendor/laravel/framework/src/Illuminate/View/Middleware/ShareErrorsFromSession.php(49): Illuminate\Routing\Pipeline->Illuminate\Routing\{closure}(Object(Illuminate\Http\Request))
#22 /home/nxm/rep/cb/olz/vendor/laravel/framework/src/Illuminate/Pipeline/Pipeline.php(148): Illuminate\View\Middleware\ShareErrorsFromSession->handle(Object(Illuminate\Http\Request), Object(Closure))
#23 /home/nxm/rep/cb/olz/vendor/laravel/framework/src/Illuminate/Routing/Pipeline.php(53): Illuminate\Pipeline\Pipeline->Illuminate\Pipeline\{closure}(Object(Illuminate\Http\Request))
#24 /home/nxm/rep/cb/olz/vendor/laravel/framework/src/Illuminate/Session/Middleware/StartSession.php(64): Illuminate\Routing\Pipeline->Illuminate\Routing\{closure}(Object(Illuminate\Http\Request))
#25 /home/nxm/rep/cb/olz/vendor/laravel/framework/src/Illuminate/Pipeline/Pipeline.php(148): Illuminate\Session\Middleware\StartSession->handle(Object(Illuminate\Http\Request), Object(Closure))
#26 /home/nxm/rep/cb/olz/vendor/laravel/framework/src/Illuminate/Routing/Pipeline.php(53): Illuminate\Pipeline\Pipeline->Illuminate\Pipeline\{closure}(Object(Illuminate\Http\Request))
#27 /home/nxm/rep/cb/olz/vendor/laravel/framework/src/Illuminate/Cookie/Middleware/AddQueuedCookiesToResponse.php(37): Illuminate\Routing\Pipeline->Illuminate\Routing\{closure}(Object(Illuminate\Http\Request))
#28 /home/nxm/rep/cb/olz/vendor/laravel/framework/src/Illuminate/Pipeline/Pipeline.php(148): Illuminate\Cookie\Middleware\AddQueuedCookiesToResponse->handle(Object(Illuminate\Http\Request), Object(Closure))
#29 /home/nxm/rep/cb/olz/vendor/laravel/framework/src/Illuminate/Routing/Pipeline.php(53): Illuminate\Pipeline\Pipeline->Illuminate\Pipeline\{closure}(Object(Illuminate\Http\Request))
#30 /home/nxm/rep/cb/olz/vendor/laravel/framework/src/Illuminate/Cookie/Middleware/EncryptCookies.php(59): Illuminate\Routing\Pipeline->Illuminate\Routing\{closure}(Object(Illuminate\Http\Request))
#31 /home/nxm/rep/cb/olz/vendor/laravel/framework/src/Illuminate/Pipeline/Pipeline.php(148): Illuminate\Cookie\Middleware\EncryptCookies->handle(Object(Illuminate\Http\Request), Object(Closure))
#32 /home/nxm/rep/cb/olz/vendor/laravel/framework/src/Illuminate/Routing/Pipeline.php(53): Illuminate\Pipeline\Pipeline->Illuminate\Pipeline\{closure}(Object(Illuminate\Http\Request))
#33 /home/nxm/rep/cb/olz/vendor/laravel/framework/src/Illuminate/Pipeline/Pipeline.php(102): Illuminate\Routing\Pipeline->Illuminate\Routing\{closure}(Object(Illuminate\Http\Request))
#34 /home/nxm/rep/cb/olz/vendor/laravel/framework/src/Illuminate/Routing/Router.php(574): Illuminate\Pipeline\Pipeline->then(Object(Closure))
#35 /home/nxm/rep/cb/olz/vendor/laravel/framework/src/Illuminate/Routing/Router.php(533): Illuminate\Routing\Router->runRouteWithinStack(Object(Illuminate\Routing\Route), Object(Illuminate\Http\Request))
#36 /home/nxm/rep/cb/olz/vendor/laravel/framework/src/Illuminate/Routing/Router.php(511): Illuminate\Routing\Router->dispatchToRoute(Object(Illuminate\Http\Request))
#37 /home/nxm/rep/cb/olz/vendor/laravel/framework/src/Illuminate/Foundation/Http/Kernel.php(176): Illuminate\Routing\Router->dispatch(Object(Illuminate\Http\Request))
#38 /home/nxm/rep/cb/olz/vendor/laravel/framework/src/Illuminate/Routing/Pipeline.php(30): Illuminate\Foundation\Http\Kernel->Illuminate\Foundation\Http\{closure}(Object(Illuminate\Http\Request))
#39 /home/nxm/rep/cb/olz/vendor/barryvdh/laravel-cors/src/HandleCors.php(58): Illuminate\Routing\Pipeline->Illuminate\Routing\{closure}(Object(Illuminate\Http\Request))
#40 /home/nxm/rep/cb/olz/vendor/laravel/framework/src/Illuminate/Pipeline/Pipeline.php(148): Barryvdh\Cors\HandleCors->handle(Object(Illuminate\Http\Request), Object(Closure))
#41 /home/nxm/rep/cb/olz/vendor/laravel/framework/src/Illuminate/Routing/Pipeline.php(53): Illuminate\Pipeline\Pipeline->Illuminate\Pipeline\{closure}(Object(Illuminate\Http\Request))
#42 /home/nxm/rep/cb/olz/vendor/laravel/framework/src/Illuminate/Foundation/Http/Middleware/TransformsRequest.php(30): Illuminate\Routing\Pipeline->Illuminate\Routing\{closure}(Object(Illuminate\Http\Request))
#43 /home/nxm/rep/cb/olz/vendor/laravel/framework/src/Illuminate/Pipeline/Pipeline.php(148): Illuminate\Foundation\Http\Middleware\TransformsRequest->handle(Object(Illuminate\Http\Request), Object(Closure))
#44 /home/nxm/rep/cb/olz/vendor/laravel/framework/src/Illuminate/Routing/Pipeline.php(53): Illuminate\Pipeline\Pipeline->Illuminate\Pipeline\{closure}(Object(Illuminate\Http\Request))
#45 /home/nxm/rep/cb/olz/vendor/laravel/framework/src/Illuminate/Foundation/Http/Middleware/TransformsRequest.php(30): Illuminate\Routing\Pipeline->Illuminate\Routing\{closure}(Object(Illuminate\Http\Request))
#46 /home/nxm/rep/cb/olz/vendor/laravel/framework/src/Illuminate/Pipeline/Pipeline.php(148): Illuminate\Foundation\Http\Middleware\TransformsRequest->handle(Object(Illuminate\Http\Request), Object(Closure))
#47 /home/nxm/rep/cb/olz/vendor/laravel/framework/src/Illuminate/Routing/Pipeline.php(53): Illuminate\Pipeline\Pipeline->Illuminate\Pipeline\{closure}(Object(Illuminate\Http\Request))
#48 /home/nxm/rep/cb/olz/vendor/laravel/framework/src/Illuminate/Foundation/Http/Middleware/ValidatePostSize.php(27): Illuminate\Routing\Pipeline->Illuminate\Routing\{closure}(Object(Illuminate\Http\Request))
#49 /home/nxm/rep/cb/olz/vendor/laravel/framework/src/Illuminate/Pipeline/Pipeline.php(148): Illuminate\Foundation\Http\Middleware\ValidatePostSize->handle(Object(Illuminate\Http\Request), Object(Closure))
#50 /home/nxm/rep/cb/olz/vendor/laravel/framework/src/Illuminate/Routing/Pipeline.php(53): Illuminate\Pipeline\Pipeline->Illuminate\Pipeline\{closure}(Object(Illuminate\Http\Request))
#51 /home/nxm/rep/cb/olz/vendor/laravel/framework/src/Illuminate/Foundation/Http/Middleware/CheckForMaintenanceMode.php(46): Illuminate\Routing\Pipeline->Illuminate\Routing\{closure}(Object(Illuminate\Http\Request))
#52 /home/nxm/rep/cb/olz/vendor/laravel/framework/src/Illuminate/Pipeline/Pipeline.php(148): Illuminate\Foundation\Http\Middleware\CheckForMaintenanceMode->handle(Object(Illuminate\Http\Request), Object(Closure))
#53 /home/nxm/rep/cb/olz/vendor/laravel/framework/src/Illuminate/Routing/Pipeline.php(53): Illuminate\Pipeline\Pipeline->Illuminate\Pipeline\{closure}(Object(Illuminate\Http\Request))
#54 /home/nxm/rep/cb/olz/vendor/laravel/framework/src/Illuminate/Pipeline/Pipeline.php(102): Illuminate\Routing\Pipeline->Illuminate\Routing\{closure}(Object(Illuminate\Http\Request))
#55 /home/nxm/rep/cb/olz/vendor/laravel/framework/src/Illuminate/Foundation/Http/Kernel.php(151): Illuminate\Pipeline\Pipeline->then(Object(Closure))
#56 /home/nxm/rep/cb/olz/vendor/laravel/framework/src/Illuminate/Foundation/Http/Kernel.php(116): Illuminate\Foundation\Http\Kernel->sendRequestThroughRouter(Object(Illuminate\Http\Request))
#57 /home/nxm/rep/cb/olz/public/index.php(54): Illuminate\Foundation\Http\Kernel->handle(Object(Illuminate\Http\Request))
#58 {main}  
