[2021-07-20 05:59:27] production.ERROR: exception 'ErrorException' with message 'Trying to get property of non-object' in /home/nxm/rep/cb/olz/database/factories/TransactionProductFactory.php:9
Stack trace:
#0 /home/nxm/rep/cb/olz/database/factories/TransactionProductFactory.php(9): Illuminate\Foundation\Bootstrap\HandleExceptions->handleError(8, 'Trying to get p...', '/home/nxm/rep/c...', 9, Array)
#1 [internal function]: Illuminate\Database\Eloquent\Factory->{closure}(Object(Faker\Generator), Array)
#2 /home/nxm/rep/cb/olz/vendor/laravel/framework/src/Illuminate/Database/Eloquent/FactoryBuilder.php(207): call_user_func(Object(Closure), Object(Faker\Generator), Array)
#3 /home/nxm/rep/cb/olz/vendor/laravel/framework/src/Illuminate/Database/Eloquent/FactoryBuilder.php(230): Illuminate\Database\Eloquent\FactoryBuilder->getRawAttributes(Array)
#4 /home/nxm/rep/cb/olz/vendor/laravel/framework/src/Illuminate/Database/Eloquent/Concerns/GuardsAttributes.php(116): Illuminate\Database\Eloquent\FactoryBuilder->Illuminate\Database\Eloquent\{closure}()
#5 /home/nxm/rep/cb/olz/vendor/laravel/framework/src/Illuminate/Database/Eloquent/FactoryBuilder.php(232): Illuminate\Database\Eloquent\Model::unguarded(Object(Closure))
#6 /home/nxm/rep/cb/olz/vendor/laravel/framework/src/Illuminate/Database/Eloquent/FactoryBuilder.php(163): Illuminate\Database\Eloquent\FactoryBuilder->makeInstance(Array)
#7 /home/nxm/rep/cb/olz/vendor/laravel/framework/src/Illuminate/Database/Eloquent/FactoryBuilder.php(128): Illuminate\Database\Eloquent\FactoryBuilder->make(Array)
#8 /home/nxm/rep/cb/olz/database/seeds/TransactionSeeder.php(18): Illuminate\Database\Eloquent\FactoryBuilder->create()
#9 /home/nxm/rep/cb/olz/vendor/laravel/framework/src/Illuminate/Support/Collection.php(287): TransactionSeeder->{closure}(Object(App\Transaction), 0)
#10 /home/nxm/rep/cb/olz/database/seeds/TransactionSeeder.php(23): Illuminate\Support\Collection->each(Object(Closure))
#11 [internal function]: TransactionSeeder->run()
#12 /home/nxm/rep/cb/olz/vendor/laravel/framework/src/Illuminate/Container/BoundMethod.php(30): call_user_func_array(Array, Array)
#13 /home/nxm/rep/cb/olz/vendor/laravel/framework/src/Illuminate/Container/BoundMethod.php(87): Illuminate\Container\BoundMethod::Illuminate\Container\{closure}()
#14 /home/nxm/rep/cb/olz/vendor/laravel/framework/src/Illuminate/Container/BoundMethod.php(31): Illuminate\Container\BoundMethod::callBoundMethod(Object(Illuminate\Foundation\Application), Array, Object(Closure))
#15 /home/nxm/rep/cb/olz/vendor/laravel/framework/src/Illuminate/Container/Container.php(539): Illuminate\Container\BoundMethod::call(Object(Illuminate\Foundation\Application), Array, Array, NULL)
#16 /home/nxm/rep/cb/olz/vendor/laravel/framework/src/Illuminate/Database/Seeder.php(114): Illuminate\Container\Container->call(Array)
#17 /home/nxm/rep/cb/olz/vendor/laravel/framework/src/Illuminate/Database/Console/Seeds/SeedCommand.php(63): Illuminate\Database\Seeder->__invoke()
#18 /home/nxm/rep/cb/olz/vendor/laravel/framework/src/Illuminate/Database/Eloquent/Concerns/GuardsAttributes.php(122): Illuminate\Database\Console\Seeds\SeedCommand->Illuminate\Database\Console\Seeds\{closure}()
#19 /home/nxm/rep/cb/olz/vendor/laravel/framework/src/Illuminate/Database/Console/Seeds/SeedCommand.php(64): Illuminate\Database\Eloquent\Model::unguarded(Object(Closure))
#20 [internal function]: Illuminate\Database\Console\Seeds\SeedCommand->fire()
#21 /home/nxm/rep/cb/olz/vendor/laravel/framework/src/Illuminate/Container/BoundMethod.php(30): call_user_func_array(Array, Array)
#22 /home/nxm/rep/cb/olz/vendor/laravel/framework/src/Illuminate/Container/BoundMethod.php(87): Illuminate\Container\BoundMethod::Illuminate\Container\{closure}()
#23 /home/nxm/rep/cb/olz/vendor/laravel/framework/src/Illuminate/Container/BoundMethod.php(31): Illuminate\Container\BoundMethod::callBoundMethod(Object(Illuminate\Foundation\Application), Array, Object(Closure))
#24 /home/nxm/rep/cb/olz/vendor/laravel/framework/src/Illuminate/Container/Container.php(539): Illuminate\Container\BoundMethod::call(Object(Illuminate\Foundation\Application), Array, Array, NULL)
#25 /home/nxm/rep/cb/olz/vendor/laravel/framework/src/Illuminate/Console/Command.php(182): Illuminate\Container\Container->call(Array)
#26 /home/nxm/rep/cb/olz/vendor/symfony/console/Command/Command.php(255): Illuminate\Console\Command->execute(Object(Symfony\Component\Console\Input\ArgvInput), Object(Illuminate\Console\OutputStyle))
#27 /home/nxm/rep/cb/olz/vendor/laravel/framework/src/Illuminate/Console/Command.php(168): Symfony\Component\Console\Command\Command->run(Object(Symfony\Component\Console\Input\ArgvInput), Object(Illuminate\Console\OutputStyle))
#28 /home/nxm/rep/cb/olz/vendor/symfony/console/Application.php(992): Illuminate\Console\Command->run(Object(Symfony\Component\Console\Input\ArgvInput), Object(Symfony\Component\Console\Output\ConsoleOutput))
#29 /home/nxm/rep/cb/olz/vendor/symfony/console/Application.php(255): Symfony\Component\Console\Application->doRunCommand(Object(Illuminate\Database\Console\Seeds\SeedCommand), Object(Symfony\Component\Console\Input\ArgvInput), Object(Symfony\Component\Console\Output\ConsoleOutput))
#30 /home/nxm/rep/cb/olz/vendor/symfony/console/Application.php(148): Symfony\Component\Console\Application->doRun(Object(Symfony\Component\Console\Input\ArgvInput), Object(Symfony\Component\Console\Output\ConsoleOutput))
#31 /home/nxm/rep/cb/olz/vendor/laravel/framework/src/Illuminate/Foundation/Console/Kernel.php(122): Symfony\Component\Console\Application->run(Object(Symfony\Component\Console\Input\ArgvInput), Object(Symfony\Component\Console\Output\ConsoleOutput))
#32 /home/nxm/rep/cb/olz/artisan(36): Illuminate\Foundation\Console\Kernel->handle(Object(Symfony\Component\Console\Input\ArgvInput), Object(Symfony\Component\Console\Output\ConsoleOutput))
#33 {main}  
[2021-07-20 06:12:13] production.ERROR: exception 'PDOException' with message 'SQLSTATE[HY000]: General error: 1615 Prepared statement needs to be re-prepared' in /home/nxm/rep/cb/olz/vendor/laravel/framework/src/Illuminate/Database/Connection.php:323
Stack trace:
#0 /home/nxm/rep/cb/olz/vendor/laravel/framework/src/Illuminate/Database/Connection.php(323): PDOStatement->execute()
#1 /home/nxm/rep/cb/olz/vendor/laravel/framework/src/Illuminate/Database/Connection.php(640): Illuminate\Database\Connection->Illuminate\Database\{closure}('select \r\n      ...', Array)
#2 /home/nxm/rep/cb/olz/vendor/laravel/framework/src/Illuminate/Database/Connection.php(607): Illuminate\Database\Connection->runQueryCallback('select \r\n      ...', Array, Object(Closure))
#3 /home/nxm/rep/cb/olz/vendor/laravel/framework/src/Illuminate/Database/Connection.php(326): Illuminate\Database\Connection->run('select \r\n      ...', Array, Object(Closure))
#4 /home/nxm/rep/cb/olz/vendor/laravel/framework/src/Illuminate/Database/Query/Builder.php(1706): Illuminate\Database\Connection->select('select \r\n      ...', Array, true)
#5 /home/nxm/rep/cb/olz/vendor/laravel/framework/src/Illuminate/Database/Query/Builder.php(1690): Illuminate\Database\Query\Builder->runSelect()
#6 /home/nxm/rep/cb/olz/commissions/CommissionTypes/SilverStartUp.php(200): Illuminate\Database\Query\Builder->get()
#7 /home/nxm/rep/cb/olz/commissions/CommissionTypes/SilverStartUp.php(65): Commissions\CommissionTypes\SilverStartUp->getUsers()
#8 /home/nxm/rep/cb/olz/commissions/CommissionTypes/SilverStartUp.php(48): Commissions\CommissionTypes\SilverStartUp->generateCommission()
#9 /home/nxm/rep/cb/olz/app/Console/Commands/Commission/RunSilverStartUpProgram.php(47): Commissions\CommissionTypes\SilverStartUp->run()
#10 [internal function]: App\Console\Commands\Commission\RunSilverStartUpProgram->handle()
#11 /home/nxm/rep/cb/olz/vendor/laravel/framework/src/Illuminate/Container/BoundMethod.php(30): call_user_func_array(Array, Array)
#12 /home/nxm/rep/cb/olz/vendor/laravel/framework/src/Illuminate/Container/BoundMethod.php(87): Illuminate\Container\BoundMethod::Illuminate\Container\{closure}()
#13 /home/nxm/rep/cb/olz/vendor/laravel/framework/src/Illuminate/Container/BoundMethod.php(31): Illuminate\Container\BoundMethod::callBoundMethod(Object(Illuminate\Foundation\Application), Array, Object(Closure))
#14 /home/nxm/rep/cb/olz/vendor/laravel/framework/src/Illuminate/Container/Container.php(539): Illuminate\Container\BoundMethod::call(Object(Illuminate\Foundation\Application), Array, Array, NULL)
#15 /home/nxm/rep/cb/olz/vendor/laravel/framework/src/Illuminate/Console/Command.php(182): Illuminate\Container\Container->call(Array)
#16 /home/nxm/rep/cb/olz/vendor/symfony/console/Command/Command.php(255): Illuminate\Console\Command->execute(Object(Symfony\Component\Console\Input\ArgvInput), Object(Illuminate\Console\OutputStyle))
#17 /home/nxm/rep/cb/olz/vendor/laravel/framework/src/Illuminate/Console/Command.php(168): Symfony\Component\Console\Command\Command->run(Object(Symfony\Component\Console\Input\ArgvInput), Object(Illuminate\Console\OutputStyle))
#18 /home/nxm/rep/cb/olz/vendor/symfony/console/Application.php(992): Illuminate\Console\Command->run(Object(Symfony\Component\Console\Input\ArgvInput), Object(Symfony\Component\Console\Output\ConsoleOutput))
#19 /home/nxm/rep/cb/olz/vendor/symfony/console/Application.php(255): Symfony\Component\Console\Application->doRunCommand(Object(App\Console\Commands\Commission\RunSilverStartUpProgram), Object(Symfony\Component\Console\Input\ArgvInput), Object(Symfony\Component\Console\Output\ConsoleOutput))
#20 /home/nxm/rep/cb/olz/vendor/symfony/console/Application.php(148): Symfony\Component\Console\Application->doRun(Object(Symfony\Component\Console\Input\ArgvInput), Object(Symfony\Component\Console\Output\ConsoleOutput))
#21 /home/nxm/rep/cb/olz/vendor/laravel/framework/src/Illuminate/Foundation/Console/Kernel.php(122): Symfony\Component\Console\Application->run(Object(Symfony\Component\Console\Input\ArgvInput), Object(Symfony\Component\Console\Output\ConsoleOutput))
#22 /home/nxm/rep/cb/olz/artisan(36): Illuminate\Foundation\Console\Kernel->handle(Object(Symfony\Component\Console\Input\ArgvInput), Object(Symfony\Component\Console\Output\ConsoleOutput))
#23 {main}

Next exception 'Illuminate\Database\QueryException' with message 'SQLSTATE[HY000]: General error: 1615 Prepared statement needs to be re-prepared (SQL: select 
                    a.user_id,
                    DATEDIFF(CURRENT_DATE, a.affiliated_at) as num_days_as_affiliate, 
                    DATEDIFF(CURRENT_DATE, au.affiliated_at) as num_days_as_affiliate_sponsor, 
                    u.sponsorid,
                    (SELECT 
                        SUM(COALESCE(t.computed_cv, 0)) 
                    FROM v_cm_transactions t
                    WHERE transaction_date BETWEEN a.affiliated_at AND CURRENT_DATE()
                    AND t.`type` = 'product'
                    AND FIND_IN_SET(t.purchaser_catid, 13)
                    AND t.user_id = a.user_id)
                    + 
                      (SELECT 
                        SUM(COALESCE(ct.computed_cv, 0)) AS cs 
                      FROM
                        v_cm_transactions ct 
                        JOIN cm_transaction_info ti 
                          ON ti.transaction_id = ct.transaction_id 
                      WHERE ct.transaction_date BETWEEN a.affiliated_at 
                        AND CURRENT_DATE() 
                        AND ct.`type` = 'product' 
                        AND FIND_IN_SET(ct.purchaser_catid, 80362,15) 
                        AND ti.upline_id = a.user_id ) AS prs 
                 from `cm_affiliates` as `a` inner join `users` as `u` on `u`.`id` = `a`.`user_id` inner join `cm_affiliates` as `au` on `u`.`sponsorid` = `au`.`user_id` where DATE_ADD(a.affiliated_at, INTERVAL 90 DAY) >= CURRENT_DATE() and `u`.`active` = Yes having `prs` >= 500)' in /home/nxm/rep/cb/olz/vendor/laravel/framework/src/Illuminate/Database/Connection.php:647
Stack trace:
#0 /home/nxm/rep/cb/olz/vendor/laravel/framework/src/Illuminate/Database/Connection.php(607): Illuminate\Database\Connection->runQueryCallback('select \r\n      ...', Array, Object(Closure))
#1 /home/nxm/rep/cb/olz/vendor/laravel/framework/src/Illuminate/Database/Connection.php(326): Illuminate\Database\Connection->run('select \r\n      ...', Array, Object(Closure))
#2 /home/nxm/rep/cb/olz/vendor/laravel/framework/src/Illuminate/Database/Query/Builder.php(1706): Illuminate\Database\Connection->select('select \r\n      ...', Array, true)
#3 /home/nxm/rep/cb/olz/vendor/laravel/framework/src/Illuminate/Database/Query/Builder.php(1690): Illuminate\Database\Query\Builder->runSelect()
#4 /home/nxm/rep/cb/olz/commissions/CommissionTypes/SilverStartUp.php(200): Illuminate\Database\Query\Builder->get()
#5 /home/nxm/rep/cb/olz/commissions/CommissionTypes/SilverStartUp.php(65): Commissions\CommissionTypes\SilverStartUp->getUsers()
#6 /home/nxm/rep/cb/olz/commissions/CommissionTypes/SilverStartUp.php(48): Commissions\CommissionTypes\SilverStartUp->generateCommission()
#7 /home/nxm/rep/cb/olz/app/Console/Commands/Commission/RunSilverStartUpProgram.php(47): Commissions\CommissionTypes\SilverStartUp->run()
#8 [internal function]: App\Console\Commands\Commission\RunSilverStartUpProgram->handle()
#9 /home/nxm/rep/cb/olz/vendor/laravel/framework/src/Illuminate/Container/BoundMethod.php(30): call_user_func_array(Array, Array)
#10 /home/nxm/rep/cb/olz/vendor/laravel/framework/src/Illuminate/Container/BoundMethod.php(87): Illuminate\Container\BoundMethod::Illuminate\Container\{closure}()
#11 /home/nxm/rep/cb/olz/vendor/laravel/framework/src/Illuminate/Container/BoundMethod.php(31): Illuminate\Container\BoundMethod::callBoundMethod(Object(Illuminate\Foundation\Application), Array, Object(Closure))
#12 /home/nxm/rep/cb/olz/vendor/laravel/framework/src/Illuminate/Container/Container.php(539): Illuminate\Container\BoundMethod::call(Object(Illuminate\Foundation\Application), Array, Array, NULL)
#13 /home/nxm/rep/cb/olz/vendor/laravel/framework/src/Illuminate/Console/Command.php(182): Illuminate\Container\Container->call(Array)
#14 /home/nxm/rep/cb/olz/vendor/symfony/console/Command/Command.php(255): Illuminate\Console\Command->execute(Object(Symfony\Component\Console\Input\ArgvInput), Object(Illuminate\Console\OutputStyle))
#15 /home/nxm/rep/cb/olz/vendor/laravel/framework/src/Illuminate/Console/Command.php(168): Symfony\Component\Console\Command\Command->run(Object(Symfony\Component\Console\Input\ArgvInput), Object(Illuminate\Console\OutputStyle))
#16 /home/nxm/rep/cb/olz/vendor/symfony/console/Application.php(992): Illuminate\Console\Command->run(Object(Symfony\Component\Console\Input\ArgvInput), Object(Symfony\Component\Console\Output\ConsoleOutput))
#17 /home/nxm/rep/cb/olz/vendor/symfony/console/Application.php(255): Symfony\Component\Console\Application->doRunCommand(Object(App\Console\Commands\Commission\RunSilverStartUpProgram), Object(Symfony\Component\Console\Input\ArgvInput), Object(Symfony\Component\Console\Output\ConsoleOutput))
#18 /home/nxm/rep/cb/olz/vendor/symfony/console/Application.php(148): Symfony\Component\Console\Application->doRun(Object(Symfony\Component\Console\Input\ArgvInput), Object(Symfony\Component\Console\Output\ConsoleOutput))
#19 /home/nxm/rep/cb/olz/vendor/laravel/framework/src/Illuminate/Foundation/Console/Kernel.php(122): Symfony\Component\Console\Application->run(Object(Symfony\Component\Console\Input\ArgvInput), Object(Symfony\Component\Console\Output\ConsoleOutput))
#20 /home/nxm/rep/cb/olz/artisan(36): Illuminate\Foundation\Console\Kernel->handle(Object(Symfony\Component\Console\Input\ArgvInput), Object(Symfony\Component\Console\Output\ConsoleOutput))
#21 {main}  
[2021-07-20 09:41:50] production.ERROR: exception 'ErrorException' with message 'Trying to get property of non-object' in /home/nxm/rep/cb/olz/database/factories/TransactionProductFactory.php:9
Stack trace:
#0 /home/nxm/rep/cb/olz/database/factories/TransactionProductFactory.php(9): Illuminate\Foundation\Bootstrap\HandleExceptions->handleError(8, 'Trying to get p...', '/home/nxm/rep/c...', 9, Array)
#1 [internal function]: Illuminate\Database\Eloquent\Factory->{closure}(Object(Faker\Generator), Array)
#2 /home/nxm/rep/cb/olz/vendor/laravel/framework/src/Illuminate/Database/Eloquent/FactoryBuilder.php(207): call_user_func(Object(Closure), Object(Faker\Generator), Array)
#3 /home/nxm/rep/cb/olz/vendor/laravel/framework/src/Illuminate/Database/Eloquent/FactoryBuilder.php(230): Illuminate\Database\Eloquent\FactoryBuilder->getRawAttributes(Array)
#4 /home/nxm/rep/cb/olz/vendor/laravel/framework/src/Illuminate/Database/Eloquent/Concerns/GuardsAttributes.php(116): Illuminate\Database\Eloquent\FactoryBuilder->Illuminate\Database\Eloquent\{closure}()
#5 /home/nxm/rep/cb/olz/vendor/laravel/framework/src/Illuminate/Database/Eloquent/FactoryBuilder.php(232): Illuminate\Database\Eloquent\Model::unguarded(Object(Closure))
#6 /home/nxm/rep/cb/olz/vendor/laravel/framework/src/Illuminate/Database/Eloquent/FactoryBuilder.php(163): Illuminate\Database\Eloquent\FactoryBuilder->makeInstance(Array)
#7 /home/nxm/rep/cb/olz/vendor/laravel/framework/src/Illuminate/Database/Eloquent/FactoryBuilder.php(128): Illuminate\Database\Eloquent\FactoryBuilder->make(Array)
#8 /home/nxm/rep/cb/olz/database/seeds/TransactionSeeder.php(18): Illuminate\Database\Eloquent\FactoryBuilder->create()
#9 /home/nxm/rep/cb/olz/vendor/laravel/framework/src/Illuminate/Support/Collection.php(287): TransactionSeeder->{closure}(Object(App\Transaction), 0)
#10 /home/nxm/rep/cb/olz/database/seeds/TransactionSeeder.php(23): Illuminate\Support\Collection->each(Object(Closure))
#11 [internal function]: TransactionSeeder->run()
#12 /home/nxm/rep/cb/olz/vendor/laravel/framework/src/Illuminate/Container/BoundMethod.php(30): call_user_func_array(Array, Array)
#13 /home/nxm/rep/cb/olz/vendor/laravel/framework/src/Illuminate/Container/BoundMethod.php(87): Illuminate\Container\BoundMethod::Illuminate\Container\{closure}()
#14 /home/nxm/rep/cb/olz/vendor/laravel/framework/src/Illuminate/Container/BoundMethod.php(31): Illuminate\Container\BoundMethod::callBoundMethod(Object(Illuminate\Foundation\Application), Array, Object(Closure))
#15 /home/nxm/rep/cb/olz/vendor/laravel/framework/src/Illuminate/Container/Container.php(539): Illuminate\Container\BoundMethod::call(Object(Illuminate\Foundation\Application), Array, Array, NULL)
#16 /home/nxm/rep/cb/olz/vendor/laravel/framework/src/Illuminate/Database/Seeder.php(114): Illuminate\Container\Container->call(Array)
#17 /home/nxm/rep/cb/olz/vendor/laravel/framework/src/Illuminate/Database/Seeder.php(37): Illuminate\Database\Seeder->__invoke()
#18 /home/nxm/rep/cb/olz/database/seeds/CommissionUserSeeder.php(19): Illuminate\Database\Seeder->call('TransactionSeed...')
#19 [internal function]: CommissionUserSeeder->run()
#20 /home/nxm/rep/cb/olz/vendor/laravel/framework/src/Illuminate/Container/BoundMethod.php(30): call_user_func_array(Array, Array)
#21 /home/nxm/rep/cb/olz/vendor/laravel/framework/src/Illuminate/Container/BoundMethod.php(87): Illuminate\Container\BoundMethod::Illuminate\Container\{closure}()
#22 /home/nxm/rep/cb/olz/vendor/laravel/framework/src/Illuminate/Container/BoundMethod.php(31): Illuminate\Container\BoundMethod::callBoundMethod(Object(Illuminate\Foundation\Application), Array, Object(Closure))
#23 /home/nxm/rep/cb/olz/vendor/laravel/framework/src/Illuminate/Container/Container.php(539): Illuminate\Container\BoundMethod::call(Object(Illuminate\Foundation\Application), Array, Array, NULL)
#24 /home/nxm/rep/cb/olz/vendor/laravel/framework/src/Illuminate/Database/Seeder.php(114): Illuminate\Container\Container->call(Array)
#25 /home/nxm/rep/cb/olz/vendor/laravel/framework/src/Illuminate/Database/Console/Seeds/SeedCommand.php(63): Illuminate\Database\Seeder->__invoke()
#26 /home/nxm/rep/cb/olz/vendor/laravel/framework/src/Illuminate/Database/Eloquent/Concerns/GuardsAttributes.php(122): Illuminate\Database\Console\Seeds\SeedCommand->Illuminate\Database\Console\Seeds\{closure}()
#27 /home/nxm/rep/cb/olz/vendor/laravel/framework/src/Illuminate/Database/Console/Seeds/SeedCommand.php(64): Illuminate\Database\Eloquent\Model::unguarded(Object(Closure))
#28 [internal function]: Illuminate\Database\Console\Seeds\SeedCommand->fire()
#29 /home/nxm/rep/cb/olz/vendor/laravel/framework/src/Illuminate/Container/BoundMethod.php(30): call_user_func_array(Array, Array)
#30 /home/nxm/rep/cb/olz/vendor/laravel/framework/src/Illuminate/Container/BoundMethod.php(87): Illuminate\Container\BoundMethod::Illuminate\Container\{closure}()
#31 /home/nxm/rep/cb/olz/vendor/laravel/framework/src/Illuminate/Container/BoundMethod.php(31): Illuminate\Container\BoundMethod::callBoundMethod(Object(Illuminate\Foundation\Application), Array, Object(Closure))
#32 /home/nxm/rep/cb/olz/vendor/laravel/framework/src/Illuminate/Container/Container.php(539): Illuminate\Container\BoundMethod::call(Object(Illuminate\Foundation\Application), Array, Array, NULL)
#33 /home/nxm/rep/cb/olz/vendor/laravel/framework/src/Illuminate/Console/Command.php(182): Illuminate\Container\Container->call(Array)
#34 /home/nxm/rep/cb/olz/vendor/symfony/console/Command/Command.php(255): Illuminate\Console\Command->execute(Object(Symfony\Component\Console\Input\ArgvInput), Object(Illuminate\Console\OutputStyle))
#35 /home/nxm/rep/cb/olz/vendor/laravel/framework/src/Illuminate/Console/Command.php(168): Symfony\Component\Console\Command\Command->run(Object(Symfony\Component\Console\Input\ArgvInput), Object(Illuminate\Console\OutputStyle))
#36 /home/nxm/rep/cb/olz/vendor/symfony/console/Application.php(992): Illuminate\Console\Command->run(Object(Symfony\Component\Console\Input\ArgvInput), Object(Symfony\Component\Console\Output\ConsoleOutput))
#37 /home/nxm/rep/cb/olz/vendor/symfony/console/Application.php(255): Symfony\Component\Console\Application->doRunCommand(Object(Illuminate\Database\Console\Seeds\SeedCommand), Object(Symfony\Component\Console\Input\ArgvInput), Object(Symfony\Component\Console\Output\ConsoleOutput))
#38 /home/nxm/rep/cb/olz/vendor/symfony/console/Application.php(148): Symfony\Component\Console\Application->doRun(Object(Symfony\Component\Console\Input\ArgvInput), Object(Symfony\Component\Console\Output\ConsoleOutput))
#39 /home/nxm/rep/cb/olz/vendor/laravel/framework/src/Illuminate/Foundation/Console/Kernel.php(122): Symfony\Component\Console\Application->run(Object(Symfony\Component\Console\Input\ArgvInput), Object(Symfony\Component\Console\Output\ConsoleOutput))
#40 /home/nxm/rep/cb/olz/artisan(36): Illuminate\Foundation\Console\Kernel->handle(Object(Symfony\Component\Console\Input\ArgvInput), Object(Symfony\Component\Console\Output\ConsoleOutput))
#41 {main}  
[2021-07-20 09:45:03] production.ERROR: exception 'ErrorException' with message 'Trying to get property of non-object' in /home/nxm/rep/cb/olz/database/factories/TransactionProductFactory.php:9
Stack trace:
#0 /home/nxm/rep/cb/olz/database/factories/TransactionProductFactory.php(9): Illuminate\Foundation\Bootstrap\HandleExceptions->handleError(8, 'Trying to get p...', '/home/nxm/rep/c...', 9, Array)
#1 [internal function]: Illuminate\Database\Eloquent\Factory->{closure}(Object(Faker\Generator), Array)
#2 /home/nxm/rep/cb/olz/vendor/laravel/framework/src/Illuminate/Database/Eloquent/FactoryBuilder.php(207): call_user_func(Object(Closure), Object(Faker\Generator), Array)
#3 /home/nxm/rep/cb/olz/vendor/laravel/framework/src/Illuminate/Database/Eloquent/FactoryBuilder.php(230): Illuminate\Database\Eloquent\FactoryBuilder->getRawAttributes(Array)
#4 /home/nxm/rep/cb/olz/vendor/laravel/framework/src/Illuminate/Database/Eloquent/Concerns/GuardsAttributes.php(116): Illuminate\Database\Eloquent\FactoryBuilder->Illuminate\Database\Eloquent\{closure}()
#5 /home/nxm/rep/cb/olz/vendor/laravel/framework/src/Illuminate/Database/Eloquent/FactoryBuilder.php(232): Illuminate\Database\Eloquent\Model::unguarded(Object(Closure))
#6 /home/nxm/rep/cb/olz/vendor/laravel/framework/src/Illuminate/Database/Eloquent/FactoryBuilder.php(163): Illuminate\Database\Eloquent\FactoryBuilder->makeInstance(Array)
#7 /home/nxm/rep/cb/olz/vendor/laravel/framework/src/Illuminate/Database/Eloquent/FactoryBuilder.php(128): Illuminate\Database\Eloquent\FactoryBuilder->make(Array)
#8 /home/nxm/rep/cb/olz/database/seeds/TransactionSeeder.php(18): Illuminate\Database\Eloquent\FactoryBuilder->create()
#9 /home/nxm/rep/cb/olz/vendor/laravel/framework/src/Illuminate/Support/Collection.php(287): TransactionSeeder->{closure}(Object(App\Transaction), 0)
#10 /home/nxm/rep/cb/olz/database/seeds/TransactionSeeder.php(23): Illuminate\Support\Collection->each(Object(Closure))
#11 [internal function]: TransactionSeeder->run()
#12 /home/nxm/rep/cb/olz/vendor/laravel/framework/src/Illuminate/Container/BoundMethod.php(30): call_user_func_array(Array, Array)
#13 /home/nxm/rep/cb/olz/vendor/laravel/framework/src/Illuminate/Container/BoundMethod.php(87): Illuminate\Container\BoundMethod::Illuminate\Container\{closure}()
#14 /home/nxm/rep/cb/olz/vendor/laravel/framework/src/Illuminate/Container/BoundMethod.php(31): Illuminate\Container\BoundMethod::callBoundMethod(Object(Illuminate\Foundation\Application), Array, Object(Closure))
#15 /home/nxm/rep/cb/olz/vendor/laravel/framework/src/Illuminate/Container/Container.php(539): Illuminate\Container\BoundMethod::call(Object(Illuminate\Foundation\Application), Array, Array, NULL)
#16 /home/nxm/rep/cb/olz/vendor/laravel/framework/src/Illuminate/Database/Seeder.php(114): Illuminate\Container\Container->call(Array)
#17 /home/nxm/rep/cb/olz/vendor/laravel/framework/src/Illuminate/Database/Console/Seeds/SeedCommand.php(63): Illuminate\Database\Seeder->__invoke()
#18 /home/nxm/rep/cb/olz/vendor/laravel/framework/src/Illuminate/Database/Eloquent/Concerns/GuardsAttributes.php(122): Illuminate\Database\Console\Seeds\SeedCommand->Illuminate\Database\Console\Seeds\{closure}()
#19 /home/nxm/rep/cb/olz/vendor/laravel/framework/src/Illuminate/Database/Console/Seeds/SeedCommand.php(64): Illuminate\Database\Eloquent\Model::unguarded(Object(Closure))
#20 [internal function]: Illuminate\Database\Console\Seeds\SeedCommand->fire()
#21 /home/nxm/rep/cb/olz/vendor/laravel/framework/src/Illuminate/Container/BoundMethod.php(30): call_user_func_array(Array, Array)
#22 /home/nxm/rep/cb/olz/vendor/laravel/framework/src/Illuminate/Container/BoundMethod.php(87): Illuminate\Container\BoundMethod::Illuminate\Container\{closure}()
#23 /home/nxm/rep/cb/olz/vendor/laravel/framework/src/Illuminate/Container/BoundMethod.php(31): Illuminate\Container\BoundMethod::callBoundMethod(Object(Illuminate\Foundation\Application), Array, Object(Closure))
#24 /home/nxm/rep/cb/olz/vendor/laravel/framework/src/Illuminate/Container/Container.php(539): Illuminate\Container\BoundMethod::call(Object(Illuminate\Foundation\Application), Array, Array, NULL)
#25 /home/nxm/rep/cb/olz/vendor/laravel/framework/src/Illuminate/Console/Command.php(182): Illuminate\Container\Container->call(Array)
#26 /home/nxm/rep/cb/olz/vendor/symfony/console/Command/Command.php(255): Illuminate\Console\Command->execute(Object(Symfony\Component\Console\Input\ArgvInput), Object(Illuminate\Console\OutputStyle))
#27 /home/nxm/rep/cb/olz/vendor/laravel/framework/src/Illuminate/Console/Command.php(168): Symfony\Component\Console\Command\Command->run(Object(Symfony\Component\Console\Input\ArgvInput), Object(Illuminate\Console\OutputStyle))
#28 /home/nxm/rep/cb/olz/vendor/symfony/console/Application.php(992): Illuminate\Console\Command->run(Object(Symfony\Component\Console\Input\ArgvInput), Object(Symfony\Component\Console\Output\ConsoleOutput))
#29 /home/nxm/rep/cb/olz/vendor/symfony/console/Application.php(255): Symfony\Component\Console\Application->doRunCommand(Object(Illuminate\Database\Console\Seeds\SeedCommand), Object(Symfony\Component\Console\Input\ArgvInput), Object(Symfony\Component\Console\Output\ConsoleOutput))
#30 /home/nxm/rep/cb/olz/vendor/symfony/console/Application.php(148): Symfony\Component\Console\Application->doRun(Object(Symfony\Component\Console\Input\ArgvInput), Object(Symfony\Component\Console\Output\ConsoleOutput))
#31 /home/nxm/rep/cb/olz/vendor/laravel/framework/src/Illuminate/Foundation/Console/Kernel.php(122): Symfony\Component\Console\Application->run(Object(Symfony\Component\Console\Input\ArgvInput), Object(Symfony\Component\Console\Output\ConsoleOutput))
#32 /home/nxm/rep/cb/olz/artisan(36): Illuminate\Foundation\Console\Kernel->handle(Object(Symfony\Component\Console\Input\ArgvInput), Object(Symfony\Component\Console\Output\ConsoleOutput))
#33 {main}  
